#
# A fatal error has been detected by the Java Runtime Environment:
#
#  EXCEPTION_ACCESS_VIOLATION (0xc0000005) at pc=0x00007ffcf481c7c0, pid=10556, tid=0x0000000000002c68
#
# JRE version: Java(TM) SE Runtime Environment (8.0_192-b12) (build 1.8.0_192-b12)
# Java VM: Java HotSpot(TM) 64-Bit Server VM (25.192-b12 mixed mode windows-amd64 compressed oops)
# Problematic frame:
# C  [jsfml.dll+0xc7c0]
#
# Failed to write core dump. Minidumps are not enabled by default on client versions of Windows
#
# If you would like to submit a bug report, please visit:
#   http://bugreport.java.com/bugreport/crash.jsp
# The crash happened outside the Java Virtual Machine in native code.
# See problematic frame for where to report the bug.
#

---------------  T H R E A D  ---------------

Current thread (0x000000002486d000):  JavaThread "Thread-87" [_thread_in_native, id=11368, stack(0x000000002bb80000,0x000000002bc80000)]

siginfo: ExceptionCode=0xc0000005, reading address 0x0000000000000444

Registers:
RAX=0x000000003091ac80, RBX=0x0000000028757608, RCX=0x000000003091b0c4, RDX=0xffffffffcf6e5380
RSP=0x000000002bc7ec98, RBP=0x0000000000000069, RSI=0x000000003091ac80, RDI=0x0000000000000445
R8 =0x0000000000000445, R9 =0x000000000000037f, R10=0x000000001fbe50b8, R11=0x000000003091ac80
R12=0x0000000000000000, R13=0x0000000000000667, R14=0x00007ffd1aa4a948, R15=0x0000000000000006
RIP=0x00007ffcf481c7c0, EFLAGS=0x0000000000010202

Top of Stack: (sp=0x000000002bc7ec98)
0x000000002bc7ec98:   00007ffcf4819702 0000000000000000
0x000000002bc7eca8:   00000000672f2113 0000000000000000
0x000000002bc7ecb8:   0000000000000001 0000000000000027
0x000000002bc7ecc8:   0000000000000000 000000000000001a
0x000000002bc7ecd8:   00007ffcf4818c95 00007ffd1aa4a955
0x000000002bc7ece8:   000000000000000d 0000000028757608
0x000000002bc7ecf8:   000000006698b78d 00007ffd1ab5a150
0x000000002bc7ed08:   00007ffd1aa43ff1 000000002bc7f060
0x000000002bc7ed18:   0000000000000000 00007ffd1ab5a150
0x000000002bc7ed28:   0000000000000000 fffffffffffffffe
0x000000002bc7ed38:   00007ffd1ab5a150 00000000440c0001
0x000000002bc7ed48:   00007ffd1aa41f82 0000000028a8ce10
0x000000002bc7ed58:   0000000028a8cec8 0000000000000004
0x000000002bc7ed68:   000000002bc7ee80 000000001fbe39c8
0x000000002bc7ed78:   00007ffd1aa44162 00007ffd1ab5a150
0x000000002bc7ed88:   000000001fbe39c8 440c000000000000 

Instructions: (pc=0x00007ffcf481c7c0)
0x00007ffcf481c7a0:   66 66 66 90 66 66 66 90 66 90 49 03 c8 49 83 f8
0x00007ffcf481c7b0:   08 72 61 f6 c1 07 74 36 f6 c1 01 74 0b 48 ff c9
0x00007ffcf481c7c0:   8a 04 0a 49 ff c8 88 01 f6 c1 02 74 0f 48 83 e9
0x00007ffcf481c7d0:   02 66 8b 04 0a 49 83 e8 02 66 89 01 f6 c1 04 74 


Register to memory mapping:

RAX=0x000000003091ac80 is an unknown value
RBX=0x0000000028757608 is an unknown value
RCX=0x000000003091b0c4 is an unknown value
RDX=0xffffffffcf6e5380 is an unknown value
RSP=0x000000002bc7ec98 is pointing into the stack for thread: 0x000000002486d000
RBP=0x0000000000000069 is an unknown value
RSI=0x000000003091ac80 is an unknown value
RDI=0x0000000000000445 is an unknown value
R8 =0x0000000000000445 is an unknown value
R9 =0x000000000000037f is an unknown value
R10=0x000000001fbe50b8 is an unknown value
R11=0x000000003091ac80 is an unknown value
R12=0x0000000000000000 is an unknown value
R13=0x0000000000000667 is an unknown value
R14=0x00007ffd1aa4a948 is an unknown value
R15=0x0000000000000006 is an unknown value


Stack: [0x000000002bb80000,0x000000002bc80000],  sp=0x000000002bc7ec98,  free space=1019k
Native frames: (J=compiled Java code, j=interpreted, Vv=VM code, C=native code)
C  [GLU32.dll+0xc7c0]
C  [sfml-graphics-2.dll+0x9702]
C  [jsfml.dll+0x8c95]
C  [OPENGL32.dll+0x3ff1]
C  [sfml-window-2.dll+0x4162]
C  [sfml-graphics-2.dll+0x1469b]
C  [sfml-graphics-2.dll+0x1e699]
C  [sfml-graphics-2.dll+0x13df8]
C  [jsfml.dll+0x5c19]
C  0x0000000003037d3f

Java frames: (J=compiled Java code, j=interpreted, Vv=VM code)
J 604  org.jsfml.graphics.SFMLNativeDrawer.nativeDrawDrawable(Lorg/jsfml/graphics/Drawable;Lorg/jsfml/graphics/RenderTarget;ILjava/nio/Buffer;Lorg/jsfml/graphics/ConstTexture;Lorg/jsfml/graphics/ConstShader;)V (0 bytes) @ 0x0000000003037cb9 [0x0000000003037c00+0xb9]
J 601 C1 org.jsfml.graphics.SFMLNativeDrawer.draw(Lorg/jsfml/graphics/Drawable;Lorg/jsfml/graphics/RenderTarget;Lorg/jsfml/graphics/RenderStates;)V (28 bytes) @ 0x0000000003036354 [0x0000000003036200+0x154]
J 827 C1 main.java.questfortheabodeth.sprites.Image.draw(Lorg/jsfml/graphics/RenderTarget;Lorg/jsfml/graphics/RenderStates;)V (28 bytes) @ 0x00000000030d5c6c [0x00000000030d59a0+0x2cc]
J 383 C1 org.jsfml.graphics.RenderWindow.draw(Lorg/jsfml/graphics/Drawable;)V (9 bytes) @ 0x0000000002f880fc [0x0000000002f87f80+0x17c]
j  main.java.questfortheabodeth.environments.Room.draw(Lorg/jsfml/graphics/RenderTarget;Lorg/jsfml/graphics/RenderStates;)V+30
J 383 C1 org.jsfml.graphics.RenderWindow.draw(Lorg/jsfml/graphics/Drawable;)V (9 bytes) @ 0x0000000002f880fc [0x0000000002f87f80+0x17c]
j  main.java.questfortheabodeth.threads.RoomLoader.run()V+417
v  ~StubRoutines::call_stub

---------------  P R O C E S S  ---------------

Java Threads: ( => current thread )
  0x0000000024bb6000 JavaThread "Thread-507" [_thread_blocked, id=8100, stack(0x0000000032da0000,0x0000000032ea0000)]
  0x0000000024bbc800 JavaThread "Thread-490" [_thread_blocked, id=5140, stack(0x0000000032c10000,0x0000000032d10000)]
  0x0000000024bbc000 JavaThread "Thread-477" [_thread_blocked, id=13764, stack(0x0000000032a40000,0x0000000032b40000)]
  0x0000000024bb4800 JavaThread "Thread-460" [_thread_blocked, id=2840, stack(0x00000000328e0000,0x00000000329e0000)]
  0x0000000024bbb000 JavaThread "Thread-456" [_thread_in_native, id=12504, stack(0x0000000031790000,0x0000000031890000)]
  0x0000000024bb3800 JavaThread "Thread-439" [_thread_blocked, id=12708, stack(0x00000000315c0000,0x00000000316c0000)]
  0x0000000024bb8000 JavaThread "Thread-422" [_thread_blocked, id=5812, stack(0x0000000031440000,0x0000000031540000)]
  0x0000000024bba800 JavaThread "Thread-405" [_thread_blocked, id=4984, stack(0x0000000031250000,0x0000000031350000)]
  0x0000000024bb9800 JavaThread "Thread-388" [_thread_blocked, id=14536, stack(0x0000000031020000,0x0000000031120000)]
  0x0000000024bb7800 JavaThread "Thread-371" [_thread_blocked, id=7420, stack(0x0000000030dd0000,0x0000000030ed0000)]
  0x0000000024bb5000 JavaThread "Thread-354" [_thread_blocked, id=1560, stack(0x0000000030390000,0x0000000030490000)]
  0x0000000024bb9000 JavaThread "Thread-337" [_thread_blocked, id=14384, stack(0x0000000030130000,0x0000000030230000)]
  0x0000000024a64800 JavaThread "Thread-320" [_thread_blocked, id=1164, stack(0x000000002efb0000,0x000000002f0b0000)]
  0x0000000024a64000 JavaThread "Thread-307" [_thread_blocked, id=13728, stack(0x000000002edc0000,0x000000002eec0000)]
  0x0000000024a66000 JavaThread "Thread-290" [_thread_blocked, id=10644, stack(0x000000002ca90000,0x000000002cb90000)]
  0x0000000024a62800 JavaThread "Thread-273" [_thread_blocked, id=3928, stack(0x000000002c780000,0x000000002c880000)]
  0x0000000024a65800 JavaThread "Thread-256" [_thread_blocked, id=2252, stack(0x000000002c680000,0x000000002c780000)]
  0x0000000024a67000 JavaThread "Thread-239" [_thread_blocked, id=7208, stack(0x000000002c580000,0x000000002c680000)]
  0x0000000024a63000 JavaThread "Thread-222" [_thread_blocked, id=9752, stack(0x000000002c480000,0x000000002c580000)]
  0x0000000024a69000 JavaThread "Thread-205" [_thread_blocked, id=5556, stack(0x000000002c380000,0x000000002c480000)]
  0x0000000024a68800 JavaThread "Thread-188" [_thread_blocked, id=11720, stack(0x000000002c280000,0x000000002c380000)]
  0x0000000024a67800 JavaThread "Thread-175" [_thread_blocked, id=14036, stack(0x000000002c180000,0x000000002c280000)]
  0x0000000024af3000 JavaThread "Thread-158" [_thread_blocked, id=428, stack(0x000000002c080000,0x000000002c180000)]
  0x0000000024a6c000 JavaThread "Thread-141" [_thread_blocked, id=5216, stack(0x000000002bf80000,0x000000002c080000)]
  0x0000000024c06800 JavaThread "Thread-124" [_thread_blocked, id=9472, stack(0x000000002be80000,0x000000002bf80000)]
  0x0000000024b3b800 JavaThread "Thread-107" [_thread_blocked, id=3056, stack(0x000000002bd80000,0x000000002be80000)]
  0x00000000249fe000 JavaThread "Thread-90" [_thread_blocked, id=12720, stack(0x000000002bc80000,0x000000002bd80000)]
=>0x000000002486d000 JavaThread "Thread-87" [_thread_in_native, id=11368, stack(0x000000002bb80000,0x000000002bc80000)]
  0x0000000024797000 JavaThread "Timer-0" [_thread_blocked, id=9144, stack(0x000000002b980000,0x000000002ba80000)]
  0x0000000024747800 JavaThread "Direct Clip" daemon [_thread_blocked, id=15268, stack(0x0000000029640000,0x0000000029740000)]
  0x0000000024747000 JavaThread "Java Sound Event Dispatcher" daemon [_thread_blocked, id=14852, stack(0x0000000029340000,0x0000000029440000)]
  0x000000001e773000 JavaThread "Service Thread" daemon [_thread_blocked, id=4924, stack(0x000000001f3c0000,0x000000001f4c0000)]
  0x000000001e6d5800 JavaThread "C1 CompilerThread3" daemon [_thread_blocked, id=3044, stack(0x000000001f2c0000,0x000000001f3c0000)]
  0x000000001e6c8800 JavaThread "C2 CompilerThread2" daemon [_thread_blocked, id=14860, stack(0x000000001f1c0000,0x000000001f2c0000)]
  0x000000001e6c3800 JavaThread "C2 CompilerThread1" daemon [_thread_blocked, id=9692, stack(0x000000001f0c0000,0x000000001f1c0000)]
  0x000000001e6c0000 JavaThread "C2 CompilerThread0" daemon [_thread_blocked, id=2452, stack(0x000000001efc0000,0x000000001f0c0000)]
  0x000000001e64f000 JavaThread "Monitor Ctrl-Break" daemon [_thread_in_native, id=15336, stack(0x000000001eec0000,0x000000001efc0000)]
  0x000000001e600800 JavaThread "Attach Listener" daemon [_thread_blocked, id=13220, stack(0x000000001edc0000,0x000000001eec0000)]
  0x000000001c81e800 JavaThread "Signal Dispatcher" daemon [_thread_blocked, id=15232, stack(0x000000001ecc0000,0x000000001edc0000)]
  0x000000001e5f1000 JavaThread "Finalizer" daemon [_thread_blocked, id=8064, stack(0x000000001ead0000,0x000000001ebd0000)]
  0x000000001e5f0800 JavaThread "Reference Handler" daemon [_thread_blocked, id=15224, stack(0x000000001e9d0000,0x000000001ead0000)]
  0x0000000002ca3000 JavaThread "main" [_thread_in_native, id=3332, stack(0x0000000002a30000,0x0000000002b30000)]

Other Threads:
  0x000000001c808800 VMThread [stack: 0x000000001e4d0000,0x000000001e5d0000] [id=14504]
  0x000000001e791000 WatcherThread [stack: 0x000000001f4c0000,0x000000001f5c0000] [id=12952]

VM state:not at safepoint (normal execution)

VM Mutex/Monitor currently owned by a thread: None

heap address: 0x00000006c1c00000, size: 4068 MB, Compressed Oops mode: Zero based, Oop shift amount: 3
Narrow klass base: 0x0000000000000000, Narrow klass shift: 3
Compressed class space size: 1073741824 Address: 0x00000007c0000000

Heap:
 PSYoungGen      total 141824K, used 129843K [0x000000076b400000, 0x000000077c900000, 0x00000007c0000000)
  eden space 131072K, 90% used [0x000000076b400000,0x0000000772850f78,0x0000000773400000)
  from space 10752K, 99% used [0x0000000773400000,0x0000000773e7c010,0x0000000773e80000)
  to   space 10752K, 0% used [0x000000077be80000,0x000000077be80000,0x000000077c900000)
 ParOldGen       total 175104K, used 39325K [0x00000006c1c00000, 0x00000006cc700000, 0x000000076b400000)
  object space 175104K, 22% used [0x00000006c1c00000,0x00000006c4267698,0x00000006cc700000)
 Metaspace       used 6933K, capacity 7172K, committed 7424K, reserved 1056768K
  class space    used 839K, capacity 918K, committed 1024K, reserved 1048576K

Card table byte_map: [0x0000000012160000,0x0000000012960000] byte_map_base: 0x000000000eb52000

Marking Bits: (ParMarkBitMap*) 0x0000000067243ce0
 Begin Bits: [0x00000000136b0000, 0x0000000017640000)
 End Bits:   [0x0000000017640000, 0x000000001b5d0000)

Polling page: 0x00000000010f0000

CodeCache: size=245760Kb used=3400Kb max_used=3400Kb free=242359Kb
 bounds [0x0000000002da0000, 0x0000000003100000, 0x0000000011da0000]
 total_blobs=1180 nmethods=841 adapters=252
 compilation: enabled

Compilation events (10 events):
Event: 3.684 Thread 0x000000001e6d5800 nmethod 823 0x00000000030d63d0 code [0x00000000030d6560, 0x00000000030d6a08]
Event: 3.685 Thread 0x000000001e6c0000  825 %     4       java.util.concurrent.CopyOnWriteArrayList::indexOf @ 35 (63 bytes)
Event: 3.686 Thread 0x000000001e6d5800  826       1       java.util.concurrent.CopyOnWriteArrayList::getArray (5 bytes)
Event: 3.686 Thread 0x000000001e6d5800 nmethod 826 0x00000000030d3150 code [0x00000000030d32a0, 0x00000000030d33b0]
Event: 3.687 Thread 0x000000001e6d5800  827       3       main.java.questfortheabodeth.sprites.Image::draw (28 bytes)
Event: 3.688 Thread 0x000000001e6d5800 nmethod 827 0x00000000030d57d0 code [0x00000000030d59a0, 0x00000000030d5f88]
Event: 3.688 Thread 0x000000001e6d5800  828       3       org.jsfml.graphics.Sprite::draw (19 bytes)
Event: 3.689 Thread 0x000000001e6d5800 nmethod 828 0x00000000030dcb90 code [0x00000000030dcd60, 0x00000000030dd2f8]
Event: 3.692 Thread 0x000000001e6c3800 nmethod 819 0x00000000030e0f50 code [0x00000000030e11c0, 0x00000000030e1ec0]
Event: 3.694 Thread 0x000000001e6c0000 nmethod 825% 0x00000000030dda50 code [0x00000000030ddba0, 0x00000000030ddeb8]

GC Heap History (6 events):
Event: 2.671 GC heap before
{Heap before GC invocations=1 (full 0):
 PSYoungGen      total 76288K, used 65536K [0x000000076b400000, 0x0000000770900000, 0x00000007c0000000)
  eden space 65536K, 100% used [0x000000076b400000,0x000000076f400000,0x000000076f400000)
  from space 10752K, 0% used [0x000000076fe80000,0x000000076fe80000,0x0000000770900000)
  to   space 10752K, 0% used [0x000000076f400000,0x000000076f400000,0x000000076fe80000)
 ParOldGen       total 175104K, used 0K [0x00000006c1c00000, 0x00000006cc700000, 0x000000076b400000)
  object space 175104K, 0% used [0x00000006c1c00000,0x00000006c1c00000,0x00000006cc700000)
 Metaspace       used 6760K, capacity 7028K, committed 7168K, reserved 1056768K
  class space    used 830K, capacity 916K, committed 1024K, reserved 1048576K
Event: 2.717 GC heap after
Heap after GC invocations=1 (full 0):
 PSYoungGen      total 76288K, used 2464K [0x000000076b400000, 0x0000000774900000, 0x00000007c0000000)
  eden space 65536K, 0% used [0x000000076b400000,0x000000076b400000,0x000000076f400000)
  from space 10752K, 22% used [0x000000076f400000,0x000000076f668000,0x000000076fe80000)
  to   space 10752K, 0% used [0x0000000773e80000,0x0000000773e80000,0x0000000774900000)
 ParOldGen       total 175104K, used 37685K [0x00000006c1c00000, 0x00000006cc700000, 0x000000076b400000)
  object space 175104K, 21% used [0x00000006c1c00000,0x00000006c40cd698,0x00000006cc700000)
 Metaspace       used 6760K, capacity 7028K, committed 7168K, reserved 1056768K
  class space    used 830K, capacity 916K, committed 1024K, reserved 1048576K
}
Event: 2.998 GC heap before
{Heap before GC invocations=2 (full 0):
 PSYoungGen      total 76288K, used 68000K [0x000000076b400000, 0x0000000774900000, 0x00000007c0000000)
  eden space 65536K, 100% used [0x000000076b400000,0x000000076f400000,0x000000076f400000)
  from space 10752K, 22% used [0x000000076f400000,0x000000076f668000,0x000000076fe80000)
  to   space 10752K, 0% used [0x0000000773e80000,0x0000000773e80000,0x0000000774900000)
 ParOldGen       total 175104K, used 37685K [0x00000006c1c00000, 0x00000006cc700000, 0x000000076b400000)
  object space 175104K, 21% used [0x00000006c1c00000,0x00000006c40cd698,0x00000006cc700000)
 Metaspace       used 6826K, capacity 7098K, committed 7424K, reserved 1056768K
  class space    used 836K, capacity 917K, committed 1024K, reserved 1048576K
Event: 3.017 GC heap after
Heap after GC invocations=2 (full 0):
 PSYoungGen      total 141824K, used 5488K [0x000000076b400000, 0x0000000774900000, 0x00000007c0000000)
  eden space 131072K, 0% used [0x000000076b400000,0x000000076b400000,0x0000000773400000)
  from space 10752K, 51% used [0x0000000773e80000,0x00000007743dc010,0x0000000774900000)
  to   space 10752K, 0% used [0x0000000773400000,0x0000000773400000,0x0000000773e80000)
 ParOldGen       total 175104K, used 37693K [0x00000006c1c00000, 0x00000006cc700000, 0x000000076b400000)
  object space 175104K, 21% used [0x00000006c1c00000,0x00000006c40cf698,0x00000006cc700000)
 Metaspace       used 6826K, capacity 7098K, committed 7424K, reserved 1056768K
  class space    used 836K, capacity 917K, committed 1024K, reserved 1048576K
}
Event: 3.424 GC heap before
{Heap before GC invocations=3 (full 0):
 PSYoungGen      total 141824K, used 136560K [0x000000076b400000, 0x0000000774900000, 0x00000007c0000000)
  eden space 131072K, 100% used [0x000000076b400000,0x0000000773400000,0x0000000773400000)
  from space 10752K, 51% used [0x0000000773e80000,0x00000007743dc010,0x0000000774900000)
  to   space 10752K, 0% used [0x0000000773400000,0x0000000773400000,0x0000000773e80000)
 ParOldGen       total 175104K, used 37693K [0x00000006c1c00000, 0x00000006cc700000, 0x000000076b400000)
  object space 175104K, 21% used [0x00000006c1c00000,0x00000006c40cf698,0x00000006cc700000)
 Metaspace       used 6891K, capacity 7168K, committed 7424K, reserved 1056768K
  class space    used 838K, capacity 918K, committed 1024K, reserved 1048576K
Event: 3.440 GC heap after
Heap after GC invocations=3 (full 0):
 PSYoungGen      total 141824K, used 10736K [0x000000076b400000, 0x000000077c900000, 0x00000007c0000000)
  eden space 131072K, 0% used [0x000000076b400000,0x000000076b400000,0x0000000773400000)
  from space 10752K, 99% used [0x0000000773400000,0x0000000773e7c010,0x0000000773e80000)
  to   space 10752K, 0% used [0x000000077be80000,0x000000077be80000,0x000000077c900000)
 ParOldGen       total 175104K, used 39325K [0x00000006c1c00000, 0x00000006cc700000, 0x000000076b400000)
  object space 175104K, 22% used [0x00000006c1c00000,0x00000006c4267698,0x00000006cc700000)
 Metaspace       used 6891K, capacity 7168K, committed 7424K, reserved 1056768K
  class space    used 838K, capacity 918K, committed 1024K, reserved 1048576K
}

Deoptimization events (10 events):
Event: 2.913 Thread 0x000000002486d000 Uncommon trap: reason=predicate action=maybe_recompile pc=0x0000000003057e90 method=java.util.AbstractCollection.toArray([Ljava/lang/Object;)[Ljava/lang/Object; @ 49
Event: 2.959 Thread 0x000000002486d000 Uncommon trap: reason=array_check action=maybe_recompile pc=0x0000000003064fc0 method=java.util.AbstractCollection.toArray([Ljava/lang/Object;)[Ljava/lang/Object; @ 119
Event: 2.960 Thread 0x000000002486d000 Uncommon trap: reason=array_check action=maybe_recompile pc=0x0000000003064fc0 method=java.util.AbstractCollection.toArray([Ljava/lang/Object;)[Ljava/lang/Object; @ 119
Event: 2.960 Thread 0x000000002486d000 Uncommon trap: reason=array_check action=maybe_recompile pc=0x0000000003064fc0 method=java.util.AbstractCollection.toArray([Ljava/lang/Object;)[Ljava/lang/Object; @ 119
Event: 2.960 Thread 0x000000002486d000 Uncommon trap: reason=array_check action=maybe_recompile pc=0x0000000003064fc0 method=java.util.AbstractCollection.toArray([Ljava/lang/Object;)[Ljava/lang/Object; @ 119
Event: 3.075 Thread 0x0000000024a67800 Uncommon trap: reason=bimorphic action=maybe_recompile pc=0x000000000306027c method=org.jsfml.internal.SFMLNativeObject.<init>()V @ 69
Event: 3.184 Thread 0x0000000024a63000 Uncommon trap: reason=bimorphic action=maybe_recompile pc=0x000000000306027c method=org.jsfml.internal.SFMLNativeObject.<init>()V @ 69
Event: 3.370 Thread 0x0000000024a64000 Uncommon trap: reason=bimorphic action=maybe_recompile pc=0x000000000306027c method=org.jsfml.internal.SFMLNativeObject.<init>()V @ 69
Event: 3.403 Thread 0x0000000024a64800 Uncommon trap: reason=bimorphic action=maybe_recompile pc=0x000000000306027c method=org.jsfml.internal.SFMLNativeObject.<init>()V @ 69
Event: 3.558 Thread 0x000000002486d000 Uncommon trap: reason=unstable_if action=reinterpret pc=0x0000000003080bac method=java.lang.String.split(Ljava/lang/String;I)[Ljava/lang/String; @ 281

Classes redefined (0 events):
No events

Internal exceptions (9 events):
Event: 0.067 Thread 0x0000000002ca3000 Exception <a 'java/lang/NoSuchMethodError': Method sun.misc.Unsafe.defineClass(Ljava/lang/String;[BII)Ljava/lang/Class; name or signature does not match> (0x000000076b407cb0) thrown at [C:\workspace\8-2-build-windows-amd64-cygwin\jdk8u192\11897\hotspot\sr
Event: 0.067 Thread 0x0000000002ca3000 Exception <a 'java/lang/NoSuchMethodError': Method sun.misc.Unsafe.prefetchRead(Ljava/lang/Object;J)V name or signature does not match> (0x000000076b407f98) thrown at [C:\workspace\8-2-build-windows-amd64-cygwin\jdk8u192\11897\hotspot\src\share\vm\prims\j
Event: 0.291 Thread 0x0000000002ca3000 Exception <a 'sun/nio/fs/WindowsException'> (0x000000076b846068) thrown at [C:\workspace\8-2-build-windows-amd64-cygwin\jdk8u192\11897\hotspot\src\share\vm\prims\jni.cpp, line 709]
Event: 0.304 Thread 0x0000000002ca3000 Exception <a 'java/security/PrivilegedActionException'> (0x000000076b85ef00) thrown at [C:\workspace\8-2-build-windows-amd64-cygwin\jdk8u192\11897\hotspot\src\share\vm\prims\jvm.cpp, line 1435]
Event: 0.305 Thread 0x0000000002ca3000 Exception <a 'java/security/PrivilegedActionException'> (0x000000076b85f110) thrown at [C:\workspace\8-2-build-windows-amd64-cygwin\jdk8u192\11897\hotspot\src\share\vm\prims\jvm.cpp, line 1435]
Event: 0.306 Thread 0x0000000002ca3000 Exception <a 'java/security/PrivilegedActionException'> (0x000000076b8630c0) thrown at [C:\workspace\8-2-build-windows-amd64-cygwin\jdk8u192\11897\hotspot\src\share\vm\prims\jvm.cpp, line 1435]
Event: 0.306 Thread 0x0000000002ca3000 Exception <a 'java/security/PrivilegedActionException'> (0x000000076b8632d0) thrown at [C:\workspace\8-2-build-windows-amd64-cygwin\jdk8u192\11897\hotspot\src\share\vm\prims\jvm.cpp, line 1435]
Event: 0.499 Thread 0x0000000002ca3000 Exception <a 'java/lang/NoSuchFieldError': method resolution failed> (0x000000076b9e5138) thrown at [C:\workspace\8-2-build-windows-amd64-cygwin\jdk8u192\11897\hotspot\src\share\vm\prims\methodHandles.cpp, line 1167]
Event: 0.502 Thread 0x0000000002ca3000 Exception <a 'java/lang/NoSuchFieldError': method resolution failed> (0x000000076b9f2fe0) thrown at [C:\workspace\8-2-build-windows-amd64-cygwin\jdk8u192\11897\hotspot\src\share\vm\prims\methodHandles.cpp, line 1167]

Events (10 events):
Event: 3.558 Thread 0x000000002486d000 Uncommon trap: trap_request=0xffffff65 fr.pc=0x0000000003080bac
Event: 3.558 Thread 0x000000002486d000 DEOPT PACKING pc=0x0000000003080bac sp=0x000000002bc7f0d0
Event: 3.558 Thread 0x000000002486d000 DEOPT UNPACKING pc=0x0000000002de583b sp=0x000000002bc7f0a8 mode 2
Event: 3.568 loading class main/java/questfortheabodeth/characters/Boss
Event: 3.568 loading class main/java/questfortheabodeth/characters/Boss done
Event: 3.578 Thread 0x0000000024bbb000 Thread added: 0x0000000024bbb000
Event: 3.597 Thread 0x0000000024bb4800 Thread added: 0x0000000024bb4800
Event: 3.618 Thread 0x0000000024bbc000 Thread added: 0x0000000024bbc000
Event: 3.648 Thread 0x0000000024bbc800 Thread added: 0x0000000024bbc800
Event: 3.682 Thread 0x0000000024bb6000 Thread added: 0x0000000024bb6000


Dynamic libraries:
0x00007ff6d49c0000 - 0x00007ff6d49f7000 	C:\Program Files\Java\jdk1.8.0_192\bin\java.exe
0x00007ffd218e0000 - 0x00007ffd21ac1000 	C:\WINDOWS\SYSTEM32\ntdll.dll
0x00007ffd1f860000 - 0x00007ffd1f912000 	C:\WINDOWS\System32\KERNEL32.DLL
0x00007ffd1e020000 - 0x00007ffd1e293000 	C:\WINDOWS\System32\KERNELBASE.dll
0x00007ffd20040000 - 0x00007ffd200e1000 	C:\WINDOWS\System32\ADVAPI32.dll
0x00007ffd1ee60000 - 0x00007ffd1eefe000 	C:\WINDOWS\System32\msvcrt.dll
0x00007ffd1ffe0000 - 0x00007ffd2003b000 	C:\WINDOWS\System32\sechost.dll
0x00007ffd200f0000 - 0x00007ffd20214000 	C:\WINDOWS\System32\RPCRT4.dll
0x00007ffd20220000 - 0x00007ffd203b0000 	C:\WINDOWS\System32\USER32.dll
0x00007ffd1ed50000 - 0x00007ffd1ed70000 	C:\WINDOWS\System32\win32u.dll
0x00007ffd1f790000 - 0x00007ffd1f7b8000 	C:\WINDOWS\System32\GDI32.dll
0x00007ffd1e2a0000 - 0x00007ffd1e432000 	C:\WINDOWS\System32\gdi32full.dll
0x00007ffd1ecb0000 - 0x00007ffd1ed4f000 	C:\WINDOWS\System32\msvcp_win.dll
0x00007ffd1dea0000 - 0x00007ffd1df9a000 	C:\WINDOWS\System32\ucrtbase.dll
0x00007ffd06d40000 - 0x00007ffd06fa9000 	C:\WINDOWS\WinSxS\amd64_microsoft.windows.common-controls_6595b64144ccf1df_6.0.17134.590_none_fb3d9bff3069e088\COMCTL32.dll
0x00007ffd1f2e0000 - 0x00007ffd1f602000 	C:\WINDOWS\System32\combase.dll
0x00007ffd1dfa0000 - 0x00007ffd1e01a000 	C:\WINDOWS\System32\bcryptPrimitives.dll
0x00007ffd1f2b0000 - 0x00007ffd1f2dd000 	C:\WINDOWS\System32\IMM32.DLL
0x00000000672d0000 - 0x00000000673a1000 	C:\Program Files\Java\jdk1.8.0_192\jre\bin\msvcr100.dll
0x0000000066a20000 - 0x00000000672c3000 	C:\Program Files\Java\jdk1.8.0_192\jre\bin\server\jvm.dll
0x00007ffd1ffa0000 - 0x00007ffd1ffa8000 	C:\WINDOWS\System32\PSAPI.DLL
0x00007ffd19c50000 - 0x00007ffd19c73000 	C:\WINDOWS\SYSTEM32\WINMM.dll
0x00007ffd03d20000 - 0x00007ffd03d29000 	C:\WINDOWS\SYSTEM32\WSOCK32.dll
0x00007ffd190e0000 - 0x00007ffd190ea000 	C:\WINDOWS\SYSTEM32\VERSION.dll
0x00007ffd1ff30000 - 0x00007ffd1ff9c000 	C:\WINDOWS\System32\WS2_32.dll
0x00007ffd19b80000 - 0x00007ffd19baa000 	C:\WINDOWS\SYSTEM32\WINMMBASE.dll
0x00007ffd1ec60000 - 0x00007ffd1eca9000 	C:\WINDOWS\System32\cfgmgr32.dll
0x00007ffd19700000 - 0x00007ffd1970f000 	C:\Program Files\Java\jdk1.8.0_192\jre\bin\verify.dll
0x00007ffcf4980000 - 0x00007ffcf49a9000 	C:\Program Files\Java\jdk1.8.0_192\jre\bin\java.dll
0x00007ffcfec20000 - 0x00007ffcfec43000 	C:\Program Files\Java\jdk1.8.0_192\jre\bin\instrument.dll
0x00007ffd0c120000 - 0x00007ffd0c136000 	C:\Program Files\Java\jdk1.8.0_192\jre\bin\zip.dll
0x00007ffd203b0000 - 0x00007ffd217f0000 	C:\WINDOWS\System32\SHELL32.dll
0x00007ffd1ef00000 - 0x00007ffd1efa9000 	C:\WINDOWS\System32\shcore.dll
0x00007ffd1e4f0000 - 0x00007ffd1ebfd000 	C:\WINDOWS\System32\windows.storage.dll
0x00007ffd1fed0000 - 0x00007ffd1ff21000 	C:\WINDOWS\System32\shlwapi.dll
0x00007ffd1dc70000 - 0x00007ffd1dc81000 	C:\WINDOWS\System32\kernel.appcore.dll
0x00007ffd1dc40000 - 0x00007ffd1dc5f000 	C:\WINDOWS\System32\profapi.dll
0x00007ffd1dbf0000 - 0x00007ffd1dc3c000 	C:\WINDOWS\System32\powrprof.dll
0x00007ffd1dc60000 - 0x00007ffd1dc6a000 	C:\WINDOWS\System32\FLTLIB.DLL
0x00007ffd1aaa0000 - 0x00007ffd1aaba000 	C:\Program Files\JetBrains\IntelliJ IDEA Community Edition 2018.2.6\bin\breakgen64.dll
0x00007ffd05740000 - 0x00007ffd0575a000 	C:\Program Files\Java\jdk1.8.0_192\jre\bin\net.dll
0x00007ffd1d470000 - 0x00007ffd1d4d6000 	C:\WINDOWS\system32\mswsock.dll
0x00007ffcff9d0000 - 0x00007ffcff9e1000 	C:\Program Files\Java\jdk1.8.0_192\jre\bin\nio.dll
0x0000000070440000 - 0x0000000070682000 	C:\Users\User\.jsfml\windows_x64\libsndfile-1.dll
0x00007ffcedf70000 - 0x00007ffcedfdc000 	C:\Users\User\.jsfml\windows_x64\openal32.dll
0x00007ffd1ab50000 - 0x00007ffd1ab5e000 	C:\Users\User\.jsfml\windows_x64\sfml-system-2.dll
0x0000000066980000 - 0x0000000066a18000 	C:\WINDOWS\SYSTEM32\MSVCP100.dll
0x00007ffd1aa40000 - 0x00007ffd1aa54000 	C:\Users\User\.jsfml\windows_x64\sfml-window-2.dll
0x00007ffcf2a20000 - 0x00007ffcf2b40000 	C:\WINDOWS\SYSTEM32\OPENGL32.dll
0x00007ffcf2cf0000 - 0x00007ffcf2d1c000 	C:\WINDOWS\SYSTEM32\GLU32.dll
0x00007ffcfdd10000 - 0x00007ffcfdd23000 	C:\Users\User\.jsfml\windows_x64\sfml-audio-2.dll
0x00007ffcd2dd0000 - 0x00007ffcd2eb9000 	C:\Users\User\.jsfml\windows_x64\sfml-graphics-2.dll
0x00007ffcf4810000 - 0x00007ffcf4845000 	C:\Users\User\.jsfml\windows_x64\jsfml.dll
0x00007ffd1c030000 - 0x00007ffd1c0c8000 	C:\WINDOWS\system32\uxtheme.dll
0x00007ffd1f610000 - 0x00007ffd1f783000 	C:\WINDOWS\System32\MSCTF.dll
0x00007ffd1efb0000 - 0x00007ffd1f073000 	C:\WINDOWS\System32\OLEAUT32.dll
0x00007ffcc03e0000 - 0x00007ffcc1139000 	C:\WINDOWS\System32\DriverStore\FileRepository\igdlh64.inf_amd64_e328441500a1789d\ig9icd64.dll
0x00007ffd197e0000 - 0x00007ffd197f3000 	C:\WINDOWS\SYSTEM32\WTSAPI32.dll
0x00007ffd1c360000 - 0x00007ffd1c389000 	C:\WINDOWS\SYSTEM32\dwmapi.dll
0x00007ffd147c0000 - 0x00007ffd1591f000 	C:\WINDOWS\System32\DriverStore\FileRepository\igdlh64.inf_amd64_e328441500a1789d\igc64.dll
0x00007ffcf4660000 - 0x00007ffcf468d000 	C:\WINDOWS\SYSTEM32\DINPUT.DLL
0x00007ffd0c250000 - 0x00007ffd0c2c9000 	C:\WINDOWS\SYSTEM32\inputhost.dll
0x00007ffd19940000 - 0x00007ffd19a8d000 	C:\WINDOWS\SYSTEM32\wintypes.dll
0x00007ffd1bd50000 - 0x00007ffd1be2a000 	C:\WINDOWS\SYSTEM32\CoreMessaging.dll
0x00007ffd17600000 - 0x00007ffd1791e000 	C:\WINDOWS\SYSTEM32\CoreUIComponents.dll
0x00007ffd1cce0000 - 0x00007ffd1cd11000 	C:\WINDOWS\SYSTEM32\ntmarta.dll
0x00007ffd1c900000 - 0x00007ffd1c90c000 	C:\WINDOWS\SYSTEM32\HID.DLL
0x00007ffd1f920000 - 0x00007ffd1fd6b000 	C:\WINDOWS\System32\SETUPAPI.DLL
0x00007ffd1da00000 - 0x00007ffd1da27000 	C:\WINDOWS\SYSTEM32\DEVOBJ.dll
0x00007ffd1ec00000 - 0x00007ffd1ec57000 	C:\WINDOWS\System32\WINTRUST.dll
0x00007ffd1dc90000 - 0x00007ffd1dca2000 	C:\WINDOWS\System32\MSASN1.dll
0x00007ffd1dcb0000 - 0x00007ffd1de92000 	C:\WINDOWS\System32\CRYPT32.dll
0x00007ffd0c2d0000 - 0x00007ffd0c366000 	C:\WINDOWS\System32\TextInputFramework.dll
0x00007ffd07320000 - 0x00007ffd0732c000 	C:\Program Files\Java\jdk1.8.0_192\jre\bin\jsound.dll
0x00007ffd02d80000 - 0x00007ffd02d8b000 	C:\Program Files\Java\jdk1.8.0_192\jre\bin\jsoundds.dll
0x00007ffd1fd70000 - 0x00007ffd1fec1000 	C:\WINDOWS\System32\ole32.dll
0x00007ffcd9460000 - 0x00007ffcd94ef000 	C:\WINDOWS\SYSTEM32\DSOUND.dll
0x00007ffd15920000 - 0x00007ffd15996000 	C:\WINDOWS\SYSTEM32\MMDevAPI.DLL
0x00007ffd1a520000 - 0x00007ffd1a6d4000 	C:\WINDOWS\SYSTEM32\PROPSYS.dll
0x00007ffcd07f0000 - 0x00007ffcd0834000 	C:\WINDOWS\SYSTEM32\wdmaud.drv
0x00007ffcfd5b0000 - 0x00007ffcfd5b9000 	C:\WINDOWS\SYSTEM32\ksuser.dll
0x00007ffd192c0000 - 0x00007ffd192ca000 	C:\WINDOWS\SYSTEM32\AVRT.dll
0x00007ffd15cb0000 - 0x00007ffd15ddc000 	C:\WINDOWS\SYSTEM32\AUDIOSES.DLL
0x00007ffcfc980000 - 0x00007ffcfc98d000 	C:\WINDOWS\SYSTEM32\msacm32.drv
0x00007ffcd9230000 - 0x00007ffcd924c000 	C:\WINDOWS\SYSTEM32\MSACM32.dll
0x00007ffcfc920000 - 0x00007ffcfc92a000 	C:\WINDOWS\SYSTEM32\midimap.dll
0x00007ffd1f7c0000 - 0x00007ffd1f860000 	C:\WINDOWS\System32\clbcatq.dll
0x00007ffd0c370000 - 0x00007ffd0c484000 	C:\Windows\System32\Windows.UI.dll
0x00007ffd05180000 - 0x00007ffd05349000 	C:\WINDOWS\SYSTEM32\dbghelp.dll

VM Arguments:
jvm_args: -javaagent:C:\Program Files\JetBrains\IntelliJ IDEA Community Edition 2018.2.6\lib\idea_rt.jar=51807:C:\Program Files\JetBrains\IntelliJ IDEA Community Edition 2018.2.6\bin -Dfile.encoding=UTF-8 
java_command: main.java.questfortheabodeth.Main
java_class_path (initial): C:\Program Files\Java\jdk1.8.0_192\jre\lib\charsets.jar;C:\Program Files\Java\jdk1.8.0_192\jre\lib\deploy.jar;C:\Program Files\Java\jdk1.8.0_192\jre\lib\ext\access-bridge-64.jar;C:\Program Files\Java\jdk1.8.0_192\jre\lib\ext\cldrdata.jar;C:\Program Files\Java\jdk1.8.0_192\jre\lib\ext\dnsns.jar;C:\Program Files\Java\jdk1.8.0_192\jre\lib\ext\jaccess.jar;C:\Program Files\Java\jdk1.8.0_192\jre\lib\ext\jfxrt.jar;C:\Program Files\Java\jdk1.8.0_192\jre\lib\ext\localedata.jar;C:\Program Files\Java\jdk1.8.0_192\jre\lib\ext\nashorn.jar;C:\Program Files\Java\jdk1.8.0_192\jre\lib\ext\sunec.jar;C:\Program Files\Java\jdk1.8.0_192\jre\lib\ext\sunjce_provider.jar;C:\Program Files\Java\jdk1.8.0_192\jre\lib\ext\sunmscapi.jar;C:\Program Files\Java\jdk1.8.0_192\jre\lib\ext\sunpkcs11.jar;C:\Program Files\Java\jdk1.8.0_192\jre\lib\ext\zipfs.jar;C:\Program Files\Java\jdk1.8.0_192\jre\lib\javaws.jar;C:\Program Files\Java\jdk1.8.0_192\jre\lib\jce.jar;C:\Program Files\Java\jdk1.8.0_192\jre\lib\jfr.jar;C:\Program Files\Java\jdk1.8.0_192\jre\lib\jfxswt.jar;C:\Program Files\Java\jdk1.8.0_192\jre\lib\jsse.jar;C:\Program Files\Java\jdk1.8.0_192\jre\lib\management-agent.jar;C:\Program Files\Java\jdk1.8.0_192\jre\lib\plugin.jar;C:\Program Files\Java\jdk1.8.0_192\jre\lib\resources.jar;C:\Program Files\Java\jdk1.8.0_192\jre\lib\rt.jar;C:\Users\User\IdeaProjects\scc210\out\production\scc210;C:\Users\User\IdeaProjects\scc210\lib\junit-platform-commons-1.3.2.jar;C:\Users\User\IdeaProjects\scc210\lib\opentest4j-1.1.1.jar;C:\Users\User\IdeaProjects\scc210\lib\junit-jupiter-api-5.3.2.jar;C:\Users\User\IdeaProjects\scc210\lib\apiguardian-api-1.0.0.jar;C:\Users\User\IdeaProjects\scc210\lib\jsfml.jar;C:\Program Files\JetBrains\IntelliJ IDEA Community Edition 2018.2.6\lib\idea_rt.jar
Launcher Type: SUN_STANDARD

Environment Variables:
JAVA_HOME=C:\Program Files\Java\jdk1.8.0_192
PATH=C:\Program Files (x86)\Razer Chroma SDK\bin;C:\Program Files\Razer Chroma SDK\bin;C:\Program Files (x86)\Common Files\Oracle\Java\javapath;C:\Program Files (x86)\Intel\iCLS Client\;C:\Program Files\Intel\iCLS Client\;C:\Windows\system32;C:\Windows;C:\Windows\System32\Wbem;C:\Windows\System32\WindowsPowerShell\v1.0\;C:\Program Files (x86)\NVIDIA Corporation\PhysX\Common;C:\Program Files (x86)\Intel\Intel(R) Management Engine Components\DAL;C:\Program Files\Intel\Intel(R) Management Engine Components\DAL;C:\Program Files (x86)\Intel\Intel(R) Management Engine Components\IPT;C:\Program Files\Intel\Intel(R) Management Engine Components\IPT;C:\Program Files (x86)\Skype\Phone\;C:\WINDOWS\system32;C:\WINDOWS;C:\WINDOWS\System32\Wbem;C:\WINDOWS\System32\WindowsPowerShell\v1.0\;C:\WINDOWS\System32\OpenSSH\;C:\Program Files\Java\jdk1.8.0_192\bin;C:\Program Files\Java\jre1.8.0_192\bin;C:\Program Files\nodejs\;C:\Program Files\NVIDIA Corporation\NVIDIA NvDLISR;C:\Program Files\Git\cmd;C:\WINDOWS\system32\config\systemprofile\AppData\Local\Microsoft\WindowsApps;C:\Python27;C:\Python27\Scripts;C:\Users\User\AppData\Local\Microsoft\WindowsApps;C:\Users\User\AppData\Local\atom\bin;C:\Users\User\AppData\Roaming\npm
USERNAME=User
OS=Windows_NT
PROCESSOR_IDENTIFIER=Intel64 Family 6 Model 158 Stepping 9, GenuineIntel



---------------  S Y S T E M  ---------------

OS: Windows 10.0 , 64 bit Build 17134 (10.0.17134.556)

CPU:total 8 (initial active 8) (4 cores per cpu, 2 threads per core) family 6 model 158 stepping 9, cmov, cx8, fxsr, mmx, sse, sse2, sse3, ssse3, sse4.1, sse4.2, popcnt, avx, avx2, aes, clmul, erms, 3dnowpref, lzcnt, ht, tsc, tscinvbit, bmi1, bmi2, adx

Memory: 4k page, physical 16659276k(10567844k free), swap 19149644k(10422784k free)

vm_info: Java HotSpot(TM) 64-Bit Server VM (25.192-b12) for windows-amd64 JRE (1.8.0_192-b12), built on Oct  6 2018 17:12:23 by "java_re" with MS VC++ 10.0 (VS2010)

time: Tue Feb 26 18:12:45 2019
timezone: GMT Standard Time
elapsed time: 3 seconds (0d 0h 0m 3s)

