#
# A fatal error has been detected by the Java Runtime Environment:
#
#  EXCEPTION_ACCESS_VIOLATION (0xc0000005) at pc=0x00007fffe6ce9816, pid=11488, tid=0x00000000000008cc
#
# JRE version: Java(TM) SE Runtime Environment (8.0_144-b01) (build 1.8.0_144-b01)
# Java VM: Java HotSpot(TM) 64-Bit Server VM (25.144-b01 mixed mode windows-amd64 compressed oops)
# Problematic frame:
# C  [shlwapi.dll+0x9816]
#
# Failed to write core dump. Minidumps are not enabled by default on client versions of Windows
#
# If you would like to submit a bug report, please visit:
#   http://bugreport.java.com/bugreport/crash.jsp
# The crash happened outside the Java Virtual Machine in native code.
# See problematic frame for where to report the bug.
#

---------------  T H R E A D  ---------------

Current thread (0x000000005fcb6000):  JavaThread "Thread-87" [_thread_in_native, id=2252, stack(0x0000000062fe0000,0x00000000630e0000)]

siginfo: ExceptionCode=0xc0000005, writing address 0x0000000000000000

Registers:
RAX=0x0000000000000001, RBX=0x0000000062f48518, RCX=0x0000000062f48550, RDX=0x0000000000000000
RSP=0x00000000630deb50, RBP=0x0000000000000020, RSI=0x00007fffe96aa951, RDI=0x0000000000000009
R8 =0x000000001acc6884, R9 =0x000000000000001b, R10=0x0000000000000100, R11=0x00000000630dea50
R12=0x0000000062f48518, R13=0x0000000000000027, R14=0x00007fffe96aa948, R15=0x0000000000000006
RIP=0x00007fffe6ce9816, EFLAGS=0x0000000000010296

Top of Stack: (sp=0x00000000630deb50)
0x00000000630deb50:   0000000000000000 00000000628d20fb
0x00000000630deb60:   0000000000000000 0000000000000001
0x00000000630deb70:   0000000000000027 0000000000000000
0x00000000630deb80:   000000000000001e 00007fffe6ce8c95
0x00000000630deb90:   00007fffe96aa951 0000000000000009
0x00000000630deba0:   0000000062f48518 0000000061dbb78d
0x00000000630debb0:   00007fffefa6a150 00007fffe96a3ff1
0x00000000630debc0:   00000000630def10 0000000000000000
0x00000000630debd0:   00007fffefa6a150 0000000000000000
0x00000000630debe0:   fffffffffffffffe 00007fffefa6a150
0x00000000630debf0:   00000000443e0001 00007fffe96a1f82
0x00000000630dec00:   00000000634280c0 0000000063428178
0x00000000630dec10:   0000000000000004 00000000630ded30
0x00000000630dec20:   000000001acc0c58 00007fffe96a4162
0x00000000630dec30:   00007fffefa6a150 000000001acc0c58
0x00000000630dec40:   443e000000000000 3f80000000000000 

Instructions: (pc=0x00007fffe6ce9816)
0x00007fffe6ce97f6:   43 60 83 4b 78 01 4c 8b 64 24 50 ff 08 48 8b 4b
0x00007fffe6ce9806:   48 48 8b 7c 24 48 48 8b 11 48 8d 42 01 48 89 01
0x00007fffe6ce9816:   40 88 2a 8b c5 48 83 c4 28 5d 5b c3 cc cc cc cc
0x00007fffe6ce9826:   cc cc cc cc cc cc cc cc cc cc 40 55 56 57 48 83 


Register to memory mapping:

RAX=0x0000000000000001 is an unknown value
RBX=0x0000000062f48518 is an unknown value
RCX=0x0000000062f48550 is an unknown value
RDX=0x0000000000000000 is an unknown value
RSP=0x00000000630deb50 is pointing into the stack for thread: 0x000000005fcb6000
RBP=0x0000000000000020 is an unknown value
RSI=0x00007fffe96aa951 is an unknown value
RDI=0x0000000000000009 is an unknown value
R8 =0x000000001acc6884 is an unknown value
R9 =0x000000000000001b is an unknown value
R10=0x0000000000000100 is an unknown value
R11=0x00000000630dea50 is pointing into the stack for thread: 0x000000005fcb6000
R12=0x0000000062f48518 is an unknown value
R13=0x0000000000000027 is an unknown value
R14=0x00007fffe96aa948 is an unknown value
R15=0x0000000000000006 is an unknown value


Stack: [0x0000000062fe0000,0x00000000630e0000],  sp=0x00000000630deb50,  free space=1018k
Native frames: (J=compiled Java code, j=interpreted, Vv=VM code, C=native code)
C  [jsfml.dll+0x9816]
C  [jsfml.dll+0x8c95]
C  [sfml-window-2.dll+0x3ff1]
C  [sfml-window-2.dll+0x4162]
C  [sfml-graphics-2.dll+0x1469b]
C  [sfml-graphics-2.dll+0x1e699]
C  [sfml-graphics-2.dll+0x13df8]
C  [jsfml.dll+0x5c19]
C  0x0000000002ba603f

Java frames: (J=compiled Java code, j=interpreted, Vv=VM code)
J 368  org.jsfml.graphics.SFMLNativeDrawer.nativeDrawDrawable(Lorg/jsfml/graphics/Drawable;Lorg/jsfml/graphics/RenderTarget;ILjava/nio/Buffer;Lorg/jsfml/graphics/ConstTexture;Lorg/jsfml/graphics/ConstShader;)V (0 bytes) @ 0x0000000002ba5fb9 [0x0000000002ba5f00+0xb9]
J 365 C1 org.jsfml.graphics.SFMLNativeDrawer.draw(Lorg/jsfml/graphics/Drawable;Lorg/jsfml/graphics/RenderTarget;Lorg/jsfml/graphics/RenderStates;)V (28 bytes) @ 0x0000000002ba6444 [0x0000000002ba6300+0x144]
J 370 C1 main.java.questfortheabodeth.sprites.Image.draw(Lorg/jsfml/graphics/RenderTarget;Lorg/jsfml/graphics/RenderStates;)V (28 bytes) @ 0x0000000002ba89ac [0x0000000002ba86e0+0x2cc]
J 361 C1 org.jsfml.graphics.RenderWindow.draw(Lorg/jsfml/graphics/Drawable;)V (9 bytes) @ 0x0000000002ba446c [0x0000000002ba4300+0x16c]
j  main.java.questfortheabodeth.environments.Room.draw(Lorg/jsfml/graphics/RenderTarget;Lorg/jsfml/graphics/RenderStates;)V+30
J 361 C1 org.jsfml.graphics.RenderWindow.draw(Lorg/jsfml/graphics/Drawable;)V (9 bytes) @ 0x0000000002ba446c [0x0000000002ba4300+0x16c]
j  main.java.questfortheabodeth.threads.RoomLoader.run()V+417
v  ~StubRoutines::call_stub

---------------  P R O C E S S  ---------------

Java Threads: ( => current thread )
  0x0000000064a74000 JavaThread "Thread-515" [_thread_blocked, id=4080, stack(0x000000006b4e0000,0x000000006b5e0000)]
  0x0000000064a73000 JavaThread "Thread-498" [_thread_blocked, id=8636, stack(0x000000006b3e0000,0x000000006b4e0000)]
  0x0000000064a6f800 JavaThread "Thread-481" [_thread_blocked, id=9540, stack(0x000000006b2e0000,0x000000006b3e0000)]
  0x0000000064a66800 JavaThread "Thread-464" [_thread_blocked, id=9996, stack(0x000000006a210000,0x000000006a310000)]
  0x0000000064a6d000 JavaThread "Thread-460" [_thread_blocked, id=4068, stack(0x000000006a110000,0x000000006a210000)]
  0x0000000064a6b000 JavaThread "Thread-443" [_thread_blocked, id=4712, stack(0x000000006a010000,0x000000006a110000)]
  0x0000000064a6a000 JavaThread "Thread-426" [_thread_blocked, id=3012, stack(0x0000000069f10000,0x000000006a010000)]
  0x0000000064a69800 JavaThread "Thread-409" [_thread_blocked, id=12612, stack(0x0000000069e10000,0x0000000069f10000)]
  0x0000000064a6c800 JavaThread "Thread-392" [_thread_blocked, id=10556, stack(0x0000000069d10000,0x0000000069e10000)]
  0x0000000064a68800 JavaThread "Thread-375" [_thread_blocked, id=9928, stack(0x0000000069c10000,0x0000000069d10000)]
  0x0000000064a6b800 JavaThread "Thread-358" [_thread_blocked, id=6660, stack(0x0000000069310000,0x0000000069410000)]
  0x0000000064a68000 JavaThread "Thread-341" [_thread_blocked, id=9096, stack(0x0000000069210000,0x0000000069310000)]
  0x0000000064a67000 JavaThread "Thread-324" [_thread_blocked, id=9020, stack(0x0000000069110000,0x0000000069210000)]
  0x0000000019a9f000 JavaThread "Thread-307" [_thread_blocked, id=9808, stack(0x0000000069010000,0x0000000069110000)]
  0x0000000019a9f800 JavaThread "Thread-290" [_thread_blocked, id=6372, stack(0x0000000068f10000,0x0000000069010000)]
  0x0000000019a9b800 JavaThread "Thread-273" [_thread_blocked, id=3560, stack(0x00000000661f0000,0x00000000662f0000)]
  0x0000000019aa2800 JavaThread "Thread-256" [_thread_blocked, id=13068, stack(0x00000000660f0000,0x00000000661f0000)]
  0x0000000019aa2000 JavaThread "Thread-239" [_thread_blocked, id=13168, stack(0x0000000065ff0000,0x00000000660f0000)]
  0x0000000019aa1000 JavaThread "Thread-222" [_thread_blocked, id=10548, stack(0x0000000065ef0000,0x0000000065ff0000)]
  0x0000000019a9e000 JavaThread "Thread-205" [_thread_blocked, id=10716, stack(0x0000000065df0000,0x0000000065ef0000)]
  0x0000000019a9d000 JavaThread "Thread-188" [_thread_blocked, id=2384, stack(0x00000000658f0000,0x00000000659f0000)]
  0x0000000019aa0800 JavaThread "Thread-175" [_thread_blocked, id=8376, stack(0x0000000064820000,0x0000000064920000)]
  0x0000000060018000 JavaThread "Thread-158" [_thread_blocked, id=12812, stack(0x0000000064720000,0x0000000064820000)]
  0x000000005fede000 JavaThread "Thread-141" [_thread_blocked, id=12048, stack(0x0000000064620000,0x0000000064720000)]
  0x000000005fea7800 JavaThread "Thread-124" [_thread_blocked, id=8280, stack(0x00000000634e0000,0x00000000635e0000)]
  0x000000005fea4000 JavaThread "Thread-107" [_thread_blocked, id=9744, stack(0x00000000631e0000,0x00000000632e0000)]
  0x000000005fc7a000 JavaThread "Thread-90" [_thread_blocked, id=10308, stack(0x00000000630e0000,0x00000000631e0000)]
=>0x000000005fcb6000 JavaThread "Thread-87" [_thread_in_native, id=2252, stack(0x0000000062fe0000,0x00000000630e0000)]
  0x000000005fbe3000 JavaThread "Timer-0" [_thread_blocked, id=9504, stack(0x0000000062de0000,0x0000000062ee0000)]
  0x000000005fbcb000 JavaThread "Direct Clip" daemon [_thread_blocked, id=8232, stack(0x0000000062990000,0x0000000062a90000)]
  0x000000005fbc8000 JavaThread "Java Sound Event Dispatcher" daemon [_thread_blocked, id=9916, stack(0x0000000061a70000,0x0000000061b70000)]
  0x0000000019989800 JavaThread "Service Thread" daemon [_thread_blocked, id=204, stack(0x000000001a4c0000,0x000000001a5c0000)]
  0x00000000198de000 JavaThread "C1 CompilerThread3" daemon [_thread_in_vm, id=6976, stack(0x000000001a3c0000,0x000000001a4c0000)]
  0x00000000198d0000 JavaThread "C2 CompilerThread2" daemon [_thread_blocked, id=1932, stack(0x000000001a2c0000,0x000000001a3c0000)]
  0x0000000019863000 JavaThread "C2 CompilerThread1" daemon [_thread_blocked, id=12956, stack(0x000000001a1c0000,0x000000001a2c0000)]
  0x0000000019862800 JavaThread "C2 CompilerThread0" daemon [_thread_blocked, id=7464, stack(0x000000001a0c0000,0x000000001a1c0000)]
  0x000000001986f800 JavaThread "Monitor Ctrl-Break" daemon [_thread_in_native, id=5228, stack(0x0000000019fc0000,0x000000001a0c0000)]
  0x00000000197f9000 JavaThread "Attach Listener" daemon [_thread_blocked, id=6688, stack(0x0000000019ec0000,0x0000000019fc0000)]
  0x00000000029ce800 JavaThread "Signal Dispatcher" daemon [_thread_blocked, id=12348, stack(0x0000000019dc0000,0x0000000019ec0000)]
  0x00000000029c9000 JavaThread "Finalizer" daemon [_thread_blocked, id=7812, stack(0x0000000019bd0000,0x0000000019cd0000)]
  0x00000000029c8000 JavaThread "Reference Handler" daemon [_thread_blocked, id=4520, stack(0x00000000196d0000,0x00000000197d0000)]
  0x00000000028d2800 JavaThread "main" [_thread_in_native, id=9172, stack(0x0000000002650000,0x0000000002750000)]

Other Threads:
  0x0000000017908800 VMThread [stack: 0x00000000195d0000,0x00000000196d0000] [id=11792]
  0x000000001998e000 WatcherThread [stack: 0x000000001a5c0000,0x000000001a6c0000] [id=8600]

VM state:not at safepoint (normal execution)

VM Mutex/Monitor currently owned by a thread: None

Heap:
 PSYoungGen      total 141312K, used 65893K [0x00000000d6000000, 0x00000000df600000, 0x0000000100000000)
  eden space 130560K, 43% used [0x00000000d6000000,0x00000000d97cd488,0x00000000ddf80000)
  from space 10752K, 81% used [0x00000000dea80000,0x00000000df30c010,0x00000000df500000)
  to   space 11264K, 0% used [0x00000000ddf80000,0x00000000ddf80000,0x00000000dea80000)
 ParOldGen       total 86016K, used 44069K [0x0000000082000000, 0x0000000087400000, 0x00000000d6000000)
  object space 86016K, 51% used [0x0000000082000000,0x0000000084b096c8,0x0000000087400000)
 Metaspace       used 6699K, capacity 6972K, committed 7168K, reserved 1056768K
  class space    used 814K, capacity 916K, committed 1024K, reserved 1048576K

Card table byte_map: [0x0000000011d90000,0x0000000012190000] byte_map_base: 0x0000000011980000

Marking Bits: (ParMarkBitMap*) 0x000000006270d850
 Begin Bits: [0x0000000012c30000, 0x0000000014bb0000)
 End Bits:   [0x0000000014bb0000, 0x0000000016b30000)

Polling page: 0x0000000000990000

CodeCache: size=245760Kb used=3423Kb max_used=3423Kb free=242336Kb
 bounds [0x00000000029d0000, 0x0000000002d30000, 0x00000000119d0000]
 total_blobs=1177 nmethods=844 adapters=246
 compilation: enabled

Compilation events (10 events):
Event: 4.053 Thread 0x00000000198de000  824       1       java.util.concurrent.CopyOnWriteArrayList::getArray (5 bytes)
Event: 4.053 Thread 0x00000000198de000 nmethod 824 0x0000000002d0e050 code [0x0000000002d0e1a0, 0x0000000002d0e2b0]
Event: 4.054 Thread 0x0000000019862800 nmethod 816 0x0000000002d142d0 code [0x0000000002d14540, 0x0000000002d15240]
Event: 4.054 Thread 0x0000000019862800  823       4       java.util.Arrays::copyOf (13 bytes)
Event: 4.056 Thread 0x0000000019862800 nmethod 823 0x0000000002d0dc90 code [0x0000000002d0ddc0, 0x0000000002d0df58]
Event: 4.059 Thread 0x0000000019863000 nmethod 822% 0x0000000002d122d0 code [0x0000000002d12420, 0x0000000002d12738]
Event: 4.059 Thread 0x00000000198de000  825       3       main.java.questfortheabodeth.threads.ImageSwitchThread$$Lambda$15/1426280880::accept (12 bytes)
Event: 4.060 Thread 0x00000000198de000 nmethod 825 0x0000000002d0fed0 code [0x0000000002d10040, 0x0000000002d103a8]
Event: 4.060 Thread 0x00000000198de000  826       3       main.java.questfortheabodeth.threads.ImageSwitchThread::lambda$run$0 (9 bytes)
Event: 4.060 Thread 0x00000000198de000 nmethod 826 0x0000000002d0fa50 code [0x0000000002d0fbc0, 0x0000000002d0fde8]

GC Heap History (10 events):
Event: 3.777 GC heap before
{Heap before GC invocations=2 (full 0):
 PSYoungGen      total 37888K, used 35536K [0x00000000d6000000, 0x00000000d8a00000, 0x0000000100000000)
  eden space 32768K, 100% used [0x00000000d6000000,0x00000000d8000000,0x00000000d8000000)
  from space 5120K, 54% used [0x00000000d8000000,0x00000000d82b4010,0x00000000d8500000)
  to   space 5120K, 0% used [0x00000000d8500000,0x00000000d8500000,0x00000000d8a00000)
 ParOldGen       total 86016K, used 37685K [0x0000000082000000, 0x0000000087400000, 0x00000000d6000000)
  object space 86016K, 43% used [0x0000000082000000,0x00000000844cd698,0x0000000087400000)
 Metaspace       used 6607K, capacity 6904K, committed 7168K, reserved 1056768K
  class space    used 813K, capacity 916K, committed 1024K, reserved 1048576K
Event: 3.780 GC heap after
Heap after GC invocations=2 (full 0):
 PSYoungGen      total 37888K, used 4128K [0x00000000d6000000, 0x00000000daa00000, 0x0000000100000000)
  eden space 32768K, 0% used [0x00000000d6000000,0x00000000d6000000,0x00000000d8000000)
  from space 5120K, 80% used [0x00000000d8500000,0x00000000d8908020,0x00000000d8a00000)
  to   space 5120K, 0% used [0x00000000d8000000,0x00000000d8000000,0x00000000d8500000)
 ParOldGen       total 86016K, used 37693K [0x0000000082000000, 0x0000000087400000, 0x00000000d6000000)
  object space 86016K, 43% used [0x0000000082000000,0x00000000844cf698,0x0000000087400000)
 Metaspace       used 6607K, capacity 6904K, committed 7168K, reserved 1056768K
  class space    used 813K, capacity 916K, committed 1024K, reserved 1048576K
}
Event: 3.811 GC heap before
{Heap before GC invocations=3 (full 0):
 PSYoungGen      total 37888K, used 36896K [0x00000000d6000000, 0x00000000daa00000, 0x0000000100000000)
  eden space 32768K, 100% used [0x00000000d6000000,0x00000000d8000000,0x00000000d8000000)
  from space 5120K, 80% used [0x00000000d8500000,0x00000000d8908020,0x00000000d8a00000)
  to   space 5120K, 0% used [0x00000000d8000000,0x00000000d8000000,0x00000000d8500000)
 ParOldGen       total 86016K, used 37693K [0x0000000082000000, 0x0000000087400000, 0x00000000d6000000)
  object space 86016K, 43% used [0x0000000082000000,0x00000000844cf698,0x0000000087400000)
 Metaspace       used 6619K, capacity 6904K, committed 7168K, reserved 1056768K
  class space    used 813K, capacity 916K, committed 1024K, reserved 1048576K
Event: 3.817 GC heap after
Heap after GC invocations=3 (full 0):
 PSYoungGen      total 37888K, used 5120K [0x00000000d6000000, 0x00000000daa00000, 0x0000000100000000)
  eden space 32768K, 0% used [0x00000000d6000000,0x00000000d6000000,0x00000000d8000000)
  from space 5120K, 100% used [0x00000000d8000000,0x00000000d8500000,0x00000000d8500000)
  to   space 5120K, 0% used [0x00000000da500000,0x00000000da500000,0x00000000daa00000)
 ParOldGen       total 86016K, used 38261K [0x0000000082000000, 0x0000000087400000, 0x00000000d6000000)
  object space 86016K, 44% used [0x0000000082000000,0x000000008455d6b8,0x0000000087400000)
 Metaspace       used 6619K, capacity 6904K, committed 7168K, reserved 1056768K
  class space    used 813K, capacity 916K, committed 1024K, reserved 1048576K
}
Event: 3.845 GC heap before
{Heap before GC invocations=4 (full 0):
 PSYoungGen      total 37888K, used 37888K [0x00000000d6000000, 0x00000000daa00000, 0x0000000100000000)
  eden space 32768K, 100% used [0x00000000d6000000,0x00000000d8000000,0x00000000d8000000)
  from space 5120K, 100% used [0x00000000d8000000,0x00000000d8500000,0x00000000d8500000)
  to   space 5120K, 0% used [0x00000000da500000,0x00000000da500000,0x00000000daa00000)
 ParOldGen       total 86016K, used 38261K [0x0000000082000000, 0x0000000087400000, 0x00000000d6000000)
  object space 86016K, 44% used [0x0000000082000000,0x000000008455d6b8,0x0000000087400000)
 Metaspace       used 6630K, capacity 6904K, committed 7168K, reserved 1056768K
  class space    used 813K, capacity 916K, committed 1024K, reserved 1048576K
Event: 3.850 GC heap after
Heap after GC invocations=4 (full 0):
 PSYoungGen      total 70656K, used 5104K [0x00000000d6000000, 0x00000000daa00000, 0x0000000100000000)
  eden space 65536K, 0% used [0x00000000d6000000,0x00000000d6000000,0x00000000da000000)
  from space 5120K, 99% used [0x00000000da500000,0x00000000da9fc010,0x00000000daa00000)
  to   space 5120K, 0% used [0x00000000da000000,0x00000000da000000,0x00000000da500000)
 ParOldGen       total 86016K, used 40045K [0x0000000082000000, 0x0000000087400000, 0x00000000d6000000)
  object space 86016K, 46% used [0x0000000082000000,0x000000008471b6b8,0x0000000087400000)
 Metaspace       used 6630K, capacity 6904K, committed 7168K, reserved 1056768K
  class space    used 813K, capacity 916K, committed 1024K, reserved 1048576K
}
Event: 3.912 GC heap before
{Heap before GC invocations=5 (full 0):
 PSYoungGen      total 70656K, used 70640K [0x00000000d6000000, 0x00000000daa00000, 0x0000000100000000)
  eden space 65536K, 100% used [0x00000000d6000000,0x00000000da000000,0x00000000da000000)
  from space 5120K, 99% used [0x00000000da500000,0x00000000da9fc010,0x00000000daa00000)
  to   space 5120K, 0% used [0x00000000da000000,0x00000000da000000,0x00000000da500000)
 ParOldGen       total 86016K, used 40045K [0x0000000082000000, 0x0000000087400000, 0x00000000d6000000)
  object space 86016K, 46% used [0x0000000082000000,0x000000008471b6b8,0x0000000087400000)
 Metaspace       used 6650K, capacity 6904K, committed 7168K, reserved 1056768K
  class space    used 813K, capacity 916K, committed 1024K, reserved 1048576K
Event: 3.919 GC heap after
Heap after GC invocations=5 (full 0):
 PSYoungGen      total 70656K, used 5120K [0x00000000d6000000, 0x00000000df500000, 0x0000000100000000)
  eden space 65536K, 0% used [0x00000000d6000000,0x00000000d6000000,0x00000000da000000)
  from space 5120K, 100% used [0x00000000da000000,0x00000000da500000,0x00000000da500000)
  to   space 10752K, 0% used [0x00000000dea80000,0x00000000dea80000,0x00000000df500000)
 ParOldGen       total 86016K, used 44061K [0x0000000082000000, 0x0000000087400000, 0x00000000d6000000)
  object space 86016K, 51% used [0x0000000082000000,0x0000000084b076c8,0x0000000087400000)
 Metaspace       used 6650K, capacity 6904K, committed 7168K, reserved 1056768K
  class space    used 813K, capacity 916K, committed 1024K, reserved 1048576K
}
Event: 3.966 GC heap before
{Heap before GC invocations=6 (full 0):
 PSYoungGen      total 70656K, used 70656K [0x00000000d6000000, 0x00000000df500000, 0x0000000100000000)
  eden space 65536K, 100% used [0x00000000d6000000,0x00000000da000000,0x00000000da000000)
  from space 5120K, 100% used [0x00000000da000000,0x00000000da500000,0x00000000da500000)
  to   space 10752K, 0% used [0x00000000dea80000,0x00000000dea80000,0x00000000df500000)
 ParOldGen       total 86016K, used 44061K [0x0000000082000000, 0x0000000087400000, 0x00000000d6000000)
  object space 86016K, 51% used [0x0000000082000000,0x0000000084b076c8,0x0000000087400000)
 Metaspace       used 6663K, capacity 6972K, committed 7168K, reserved 1056768K
  class space    used 813K, capacity 916K, committed 1024K, reserved 1048576K
Event: 3.973 GC heap after
Heap after GC invocations=6 (full 0):
 PSYoungGen      total 141312K, used 8752K [0x00000000d6000000, 0x00000000df600000, 0x0000000100000000)
  eden space 130560K, 0% used [0x00000000d6000000,0x00000000d6000000,0x00000000ddf80000)
  from space 10752K, 81% used [0x00000000dea80000,0x00000000df30c010,0x00000000df500000)
  to   space 11264K, 0% used [0x00000000ddf80000,0x00000000ddf80000,0x00000000dea80000)
 ParOldGen       total 86016K, used 44069K [0x0000000082000000, 0x0000000087400000, 0x00000000d6000000)
  object space 86016K, 51% used [0x0000000082000000,0x0000000084b096c8,0x0000000087400000)
 Metaspace       used 6663K, capacity 6972K, committed 7168K, reserved 1056768K
  class space    used 813K, capacity 916K, committed 1024K, reserved 1048576K
}

Deoptimization events (9 events):
Event: 3.543 Thread 0x00000000028d2800 Uncommon trap: reason=unstable_if action=reinterpret pc=0x0000000002b733a8 method=java.lang.String.startsWith(Ljava/lang/String;I)Z @ 25
Event: 3.741 Thread 0x000000005fcb6000 Uncommon trap: reason=unstable_if action=reinterpret pc=0x0000000002bd84ac method=sun.nio.cs.UTF_8$Decoder.decodeArrayLoop(Ljava/nio/ByteBuffer;Ljava/nio/CharBuffer;)Ljava/nio/charset/CoderResult; @ 84
Event: 3.747 Thread 0x000000005fcb6000 Uncommon trap: reason=unstable_if action=reinterpret pc=0x0000000002b0c740 method=java.lang.CharacterData.of(I)Ljava/lang/CharacterData; @ 4
Event: 3.770 Thread 0x000000005fcb6000 Uncommon trap: reason=predicate action=maybe_recompile pc=0x0000000002c97e74 method=java.util.AbstractCollection.toArray([Ljava/lang/Object;)[Ljava/lang/Object; @ 49
Event: 3.785 Thread 0x000000005fcb6000 Uncommon trap: reason=array_check action=maybe_recompile pc=0x0000000002ca4e2c method=java.util.AbstractCollection.toArray([Ljava/lang/Object;)[Ljava/lang/Object; @ 119
Event: 3.785 Thread 0x000000005fcb6000 Uncommon trap: reason=array_check action=maybe_recompile pc=0x0000000002ca4e2c method=java.util.AbstractCollection.toArray([Ljava/lang/Object;)[Ljava/lang/Object; @ 119
Event: 3.785 Thread 0x000000005fcb6000 Uncommon trap: reason=array_check action=maybe_recompile pc=0x0000000002ca4e2c method=java.util.AbstractCollection.toArray([Ljava/lang/Object;)[Ljava/lang/Object; @ 119
Event: 3.785 Thread 0x000000005fcb6000 Uncommon trap: reason=array_check action=maybe_recompile pc=0x0000000002ca4e2c method=java.util.AbstractCollection.toArray([Ljava/lang/Object;)[Ljava/lang/Object; @ 119
Event: 3.983 Thread 0x000000005fcb6000 Uncommon trap: reason=unstable_if action=reinterpret pc=0x0000000002cd6558 method=java.lang.String.split(Ljava/lang/String;I)[Ljava/lang/String; @ 281

Internal exceptions (9 events):
Event: 0.058 Thread 0x00000000028d2800 Exception <a 'java/lang/NoSuchMethodError': Method sun.misc.Unsafe.defineClass(Ljava/lang/String;[BII)Ljava/lang/Class; name or signature does not match> (0x00000000d6007ca8) thrown at [C:\re\workspace\8-2-build-windows-amd64-cygwin\jdk8u144\9417\hotspot\
Event: 0.058 Thread 0x00000000028d2800 Exception <a 'java/lang/NoSuchMethodError': Method sun.misc.Unsafe.prefetchRead(Ljava/lang/Object;J)V name or signature does not match> (0x00000000d6007f90) thrown at [C:\re\workspace\8-2-build-windows-amd64-cygwin\jdk8u144\9417\hotspot\src\share\vm\prims
Event: 0.161 Thread 0x00000000028d2800 Exception <a 'sun/nio/fs/WindowsException'> (0x00000000d6347b28) thrown at [C:\re\workspace\8-2-build-windows-amd64-cygwin\jdk8u144\9417\hotspot\src\share\vm\prims\jni.cpp, line 709]
Event: 0.166 Thread 0x00000000028d2800 Exception <a 'java/security/PrivilegedActionException'> (0x00000000d6360778) thrown at [C:\re\workspace\8-2-build-windows-amd64-cygwin\jdk8u144\9417\hotspot\src\share\vm\prims\jvm.cpp, line 1390]
Event: 0.166 Thread 0x00000000028d2800 Exception <a 'java/security/PrivilegedActionException'> (0x00000000d6360988) thrown at [C:\re\workspace\8-2-build-windows-amd64-cygwin\jdk8u144\9417\hotspot\src\share\vm\prims\jvm.cpp, line 1390]
Event: 0.166 Thread 0x00000000028d2800 Exception <a 'java/security/PrivilegedActionException'> (0x00000000d6364898) thrown at [C:\re\workspace\8-2-build-windows-amd64-cygwin\jdk8u144\9417\hotspot\src\share\vm\prims\jvm.cpp, line 1390]
Event: 0.166 Thread 0x00000000028d2800 Exception <a 'java/security/PrivilegedActionException'> (0x00000000d6364aa8) thrown at [C:\re\workspace\8-2-build-windows-amd64-cygwin\jdk8u144\9417\hotspot\src\share\vm\prims\jvm.cpp, line 1390]
Event: 0.256 Thread 0x00000000028d2800 Exception <a 'java/lang/NoSuchFieldError': method resolution failed> (0x00000000d64e2f20) thrown at [C:\re\workspace\8-2-build-windows-amd64-cygwin\jdk8u144\9417\hotspot\src\share\vm\prims\methodHandles.cpp, line 1146]
Event: 0.257 Thread 0x00000000028d2800 Exception <a 'java/lang/NoSuchFieldError': method resolution failed> (0x00000000d64f0dc8) thrown at [C:\re\workspace\8-2-build-windows-amd64-cygwin\jdk8u144\9417\hotspot\src\share\vm\prims\methodHandles.cpp, line 1146]

Events (10 events):
Event: 3.983 Thread 0x000000005fcb6000 Uncommon trap: trap_request=0xffffff65 fr.pc=0x0000000002cd6558
Event: 3.983 Thread 0x000000005fcb6000 DEOPT PACKING pc=0x0000000002cd6558 sp=0x00000000630def80
Event: 3.983 Thread 0x000000005fcb6000 DEOPT UNPACKING pc=0x0000000002a1582a sp=0x00000000630def58 mode 2
Event: 3.989 loading class main/java/questfortheabodeth/characters/Boss
Event: 3.989 loading class main/java/questfortheabodeth/characters/Boss done
Event: 3.994 Thread 0x0000000064a6d000 Thread added: 0x0000000064a6d000
Event: 4.008 Thread 0x0000000064a66800 Thread added: 0x0000000064a66800
Event: 4.022 Thread 0x0000000064a6f800 Thread added: 0x0000000064a6f800
Event: 4.034 Thread 0x0000000064a73000 Thread added: 0x0000000064a73000
Event: 4.050 Thread 0x0000000064a74000 Thread added: 0x0000000064a74000


Dynamic libraries:
0x00007ff7ac0a0000 - 0x00007ff7ac0d7000 	C:\Program Files\Java\jdk1.8.0_144\bin\java.exe
0x00007ffffa9b0000 - 0x00007ffffab91000 	C:\WINDOWS\SYSTEM32\ntdll.dll
0x00007ffff9e40000 - 0x00007ffff9ef2000 	C:\WINDOWS\System32\KERNEL32.DLL
0x00007ffff6f90000 - 0x00007ffff7203000 	C:\WINDOWS\System32\KERNELBASE.dll
0x00007ffff8530000 - 0x00007ffff85d1000 	C:\WINDOWS\System32\ADVAPI32.dll
0x00007ffffa4e0000 - 0x00007ffffa57e000 	C:\WINDOWS\System32\msvcrt.dll
0x00007ffff89a0000 - 0x00007ffff89fb000 	C:\WINDOWS\System32\sechost.dll
0x00007ffffa7c0000 - 0x00007ffffa8e4000 	C:\WINDOWS\System32\RPCRT4.dll
0x00007ffff8090000 - 0x00007ffff8220000 	C:\WINDOWS\System32\USER32.dll
0x00007ffff6e80000 - 0x00007ffff6ea0000 	C:\WINDOWS\System32\win32u.dll
0x00007ffff7e40000 - 0x00007ffff7e68000 	C:\WINDOWS\System32\GDI32.dll
0x00007ffff7ca0000 - 0x00007ffff7e32000 	C:\WINDOWS\System32\gdi32full.dll
0x00007ffff6ea0000 - 0x00007ffff6f3f000 	C:\WINDOWS\System32\msvcp_win.dll
0x00007ffff6d80000 - 0x00007ffff6e7a000 	C:\WINDOWS\System32\ucrtbase.dll
0x00007fffeaf40000 - 0x00007fffeb1a9000 	C:\WINDOWS\WinSxS\amd64_microsoft.windows.common-controls_6595b64144ccf1df_6.0.17134.590_none_fb3d9bff3069e088\COMCTL32.dll
0x00007ffff85e0000 - 0x00007ffff8902000 	C:\WINDOWS\System32\combase.dll
0x00007ffff79d0000 - 0x00007ffff7a4a000 	C:\WINDOWS\System32\bcryptPrimitives.dll
0x00007ffff8970000 - 0x00007ffff899d000 	C:\WINDOWS\System32\IMM32.DLL
0x00000000628b0000 - 0x0000000062982000 	C:\Program Files\Java\jdk1.8.0_144\jre\bin\msvcr100.dll
0x0000000061ef0000 - 0x000000006278d000 	C:\Program Files\Java\jdk1.8.0_144\jre\bin\server\jvm.dll
0x00007ffffa970000 - 0x00007ffffa978000 	C:\WINDOWS\System32\PSAPI.DLL
0x00007fffeec70000 - 0x00007fffeec79000 	C:\WINDOWS\SYSTEM32\WSOCK32.dll
0x00007fffeec60000 - 0x00007fffeec6a000 	C:\WINDOWS\SYSTEM32\VERSION.dll
0x00007ffff2f10000 - 0x00007ffff2f33000 	C:\WINDOWS\SYSTEM32\WINMM.dll
0x00007ffff8220000 - 0x00007ffff828c000 	C:\WINDOWS\System32\WS2_32.dll
0x00007ffff1990000 - 0x00007ffff19ba000 	C:\WINDOWS\SYSTEM32\winmmbase.dll
0x00007ffff6f40000 - 0x00007ffff6f89000 	C:\WINDOWS\System32\cfgmgr32.dll
0x0000000063640000 - 0x000000006364f000 	C:\Program Files\Java\jdk1.8.0_144\jre\bin\verify.dll
0x0000000061ec0000 - 0x0000000061ee9000 	C:\Program Files\Java\jdk1.8.0_144\jre\bin\java.dll
0x0000000061e90000 - 0x0000000061eb3000 	C:\Program Files\Java\jdk1.8.0_144\jre\bin\instrument.dll
0x0000000062890000 - 0x00000000628a6000 	C:\Program Files\Java\jdk1.8.0_144\jre\bin\zip.dll
0x00007ffff8a00000 - 0x00007ffff9e40000 	C:\WINDOWS\System32\SHELL32.dll
0x00007ffff7fe0000 - 0x00007ffff8089000 	C:\WINDOWS\System32\shcore.dll
0x00007ffff7210000 - 0x00007ffff791d000 	C:\WINDOWS\System32\windows.storage.dll
0x00007ffff8910000 - 0x00007ffff8961000 	C:\WINDOWS\System32\shlwapi.dll
0x00007ffff6d20000 - 0x00007ffff6d31000 	C:\WINDOWS\System32\kernel.appcore.dll
0x00007ffff6d60000 - 0x00007ffff6d7f000 	C:\WINDOWS\System32\profapi.dll
0x00007ffff6cc0000 - 0x00007ffff6d0c000 	C:\WINDOWS\System32\powrprof.dll
0x00007ffff6d10000 - 0x00007ffff6d1a000 	C:\WINDOWS\System32\FLTLIB.DLL
0x00007fffe98b0000 - 0x00007fffe98ca000 	C:\Program Files\JetBrains\IntelliJ IDEA Community Edition 2017.2.3\bin\breakgen64.dll
0x0000000061e70000 - 0x0000000061e8a000 	C:\Program Files\Java\jdk1.8.0_144\jre\bin\net.dll
0x00007ffff64e0000 - 0x00007ffff6546000 	C:\WINDOWS\system32\mswsock.dll
0x0000000061e50000 - 0x0000000061e61000 	C:\Program Files\Java\jdk1.8.0_144\jre\bin\nio.dll
0x0000000070440000 - 0x0000000070682000 	C:\Users\cotterel\.jsfml\windows_x64\libsndfile-1.dll
0x00007fffe69a0000 - 0x00007fffe6a0c000 	C:\Users\cotterel\.jsfml\windows_x64\openal32.dll
0x00007fffefa60000 - 0x00007fffefa6e000 	C:\Users\cotterel\.jsfml\windows_x64\sfml-system-2.dll
0x0000000061db0000 - 0x0000000061e48000 	C:\WINDOWS\SYSTEM32\MSVCP100.dll
0x00007fffe96a0000 - 0x00007fffe96b4000 	C:\Users\cotterel\.jsfml\windows_x64\sfml-window-2.dll
0x00007fffdbc80000 - 0x00007fffdbda0000 	C:\WINDOWS\SYSTEM32\OPENGL32.dll
0x00007fffe26d0000 - 0x00007fffe26fc000 	C:\WINDOWS\SYSTEM32\GLU32.dll
0x00007fffe9510000 - 0x00007fffe9523000 	C:\Users\cotterel\.jsfml\windows_x64\sfml-audio-2.dll
0x00007fffe0530000 - 0x00007fffe0619000 	C:\Users\cotterel\.jsfml\windows_x64\sfml-graphics-2.dll
0x00007fffe6ce0000 - 0x00007fffe6d15000 	C:\Users\cotterel\.jsfml\windows_x64\jsfml.dll
0x00007ffff52b0000 - 0x00007ffff5348000 	C:\WINDOWS\system32\uxtheme.dll
0x00007ffffa360000 - 0x00007ffffa4d3000 	C:\WINDOWS\System32\MSCTF.dll
0x00007ffff8460000 - 0x00007ffff8523000 	C:\WINDOWS\System32\OLEAUT32.dll
0x00007fffc86f0000 - 0x00007fffc9238000 	C:\WINDOWS\SYSTEM32\ig75icd64.dll
0x00007fffe74b0000 - 0x00007fffe7ef0000 	C:\WINDOWS\SYSTEM32\igdusc64.dll
0x00007ffff5390000 - 0x00007ffff53b9000 	C:\WINDOWS\SYSTEM32\dwmapi.dll
0x00007ffff2b90000 - 0x00007ffff2ba3000 	C:\WINDOWS\SYSTEM32\WTSAPI32.dll
0x00007fffe6ec0000 - 0x00007fffe6eed000 	C:\WINDOWS\SYSTEM32\DINPUT.DLL
0x00007ffff5930000 - 0x00007ffff593c000 	C:\WINDOWS\SYSTEM32\HID.DLL
0x00007fffe9f30000 - 0x00007fffe9fa9000 	C:\WINDOWS\SYSTEM32\inputhost.dll
0x00007ffff0570000 - 0x00007ffff06bd000 	C:\WINDOWS\SYSTEM32\wintypes.dll
0x00007ffff4d40000 - 0x00007ffff4e1a000 	C:\WINDOWS\SYSTEM32\CoreMessaging.dll
0x00007fffe9b70000 - 0x00007fffe9e8e000 	C:\WINDOWS\SYSTEM32\CoreUIComponents.dll
0x00007ffff5db0000 - 0x00007ffff5de1000 	C:\WINDOWS\SYSTEM32\ntmarta.dll
0x00007ffff9f00000 - 0x00007ffffa34b000 	C:\WINDOWS\System32\SETUPAPI.DLL
0x00007ffff6ad0000 - 0x00007ffff6af7000 	C:\WINDOWS\SYSTEM32\DEVOBJ.dll
0x00007ffff7c40000 - 0x00007ffff7c97000 	C:\WINDOWS\System32\WINTRUST.dll
0x00007ffff6d40000 - 0x00007ffff6d52000 	C:\WINDOWS\System32\MSASN1.dll
0x00007ffff7a50000 - 0x00007ffff7c32000 	C:\WINDOWS\System32\CRYPT32.dll
0x00007fffe9e90000 - 0x00007fffe9f26000 	C:\WINDOWS\System32\TextInputFramework.dll
0x0000000061da0000 - 0x0000000061dac000 	C:\Program Files\Java\jdk1.8.0_144\jre\bin\jsound.dll
0x0000000061d90000 - 0x0000000061d9b000 	C:\Program Files\Java\jdk1.8.0_144\jre\bin\jsoundds.dll
0x00007ffff8300000 - 0x00007ffff8451000 	C:\WINDOWS\System32\ole32.dll
0x00007fffaf8a0000 - 0x00007fffaf92f000 	C:\WINDOWS\SYSTEM32\DSOUND.dll
0x00007ffff1260000 - 0x00007ffff12d6000 	C:\WINDOWS\SYSTEM32\MMDevAPI.DLL
0x00007ffff2c70000 - 0x00007ffff2e24000 	C:\WINDOWS\SYSTEM32\PROPSYS.dll
0x00007fffe6da0000 - 0x00007fffe6de4000 	C:\WINDOWS\SYSTEM32\wdmaud.drv
0x00007ffff3c70000 - 0x00007ffff3c79000 	C:\WINDOWS\SYSTEM32\ksuser.dll
0x00007fffea710000 - 0x00007fffea71a000 	C:\WINDOWS\SYSTEM32\AVRT.dll
0x00007fffea720000 - 0x00007fffea84c000 	C:\WINDOWS\SYSTEM32\AUDIOSES.DLL
0x00007ffff14e0000 - 0x00007ffff14ed000 	C:\WINDOWS\SYSTEM32\msacm32.drv
0x00007fffe99b0000 - 0x00007fffe99cc000 	C:\WINDOWS\SYSTEM32\MSACM32.dll
0x00007ffff1200000 - 0x00007ffff120a000 	C:\WINDOWS\SYSTEM32\midimap.dll
0x00007ffffa580000 - 0x00007ffffa620000 	C:\WINDOWS\System32\clbcatq.dll
0x00007fffe9710000 - 0x00007fffe9824000 	C:\Windows\System32\Windows.UI.dll
0x00007ffff22b0000 - 0x00007ffff2479000 	C:\WINDOWS\SYSTEM32\dbghelp.dll

VM Arguments:
jvm_args: -javaagent:C:\Program Files\JetBrains\IntelliJ IDEA Community Edition 2017.2.3\lib\idea_rt.jar=54055:C:\Program Files\JetBrains\IntelliJ IDEA Community Edition 2017.2.3\bin -Dfile.encoding=UTF-8 
java_command: main.java.questfortheabodeth.Main
java_class_path (initial): C:\Program Files\Java\jdk1.8.0_144\jre\lib\charsets.jar;C:\Program Files\Java\jdk1.8.0_144\jre\lib\deploy.jar;C:\Program Files\Java\jdk1.8.0_144\jre\lib\ext\access-bridge-64.jar;C:\Program Files\Java\jdk1.8.0_144\jre\lib\ext\cldrdata.jar;C:\Program Files\Java\jdk1.8.0_144\jre\lib\ext\dnsns.jar;C:\Program Files\Java\jdk1.8.0_144\jre\lib\ext\jaccess.jar;C:\Program Files\Java\jdk1.8.0_144\jre\lib\ext\jfxrt.jar;C:\Program Files\Java\jdk1.8.0_144\jre\lib\ext\localedata.jar;C:\Program Files\Java\jdk1.8.0_144\jre\lib\ext\nashorn.jar;C:\Program Files\Java\jdk1.8.0_144\jre\lib\ext\sunec.jar;C:\Program Files\Java\jdk1.8.0_144\jre\lib\ext\sunjce_provider.jar;C:\Program Files\Java\jdk1.8.0_144\jre\lib\ext\sunmscapi.jar;C:\Program Files\Java\jdk1.8.0_144\jre\lib\ext\sunpkcs11.jar;C:\Program Files\Java\jdk1.8.0_144\jre\lib\ext\zipfs.jar;C:\Program Files\Java\jdk1.8.0_144\jre\lib\javaws.jar;C:\Program Files\Java\jdk1.8.0_144\jre\lib\jce.jar;C:\Program Files\Java\jdk1.8.0_144\jre\lib\jfr.jar;C:\Program Files\Java\jdk1.8.0_144\jre\lib\jfxswt.jar;C:\Program Files\Java\jdk1.8.0_144\jre\lib\jsse.jar;C:\Program Files\Java\jdk1.8.0_144\jre\lib\management-agent.jar;C:\Program Files\Java\jdk1.8.0_144\jre\lib\plugin.jar;C:\Program Files\Java\jdk1.8.0_144\jre\lib\resources.jar;C:\Program Files\Java\jdk1.8.0_144\jre\lib\rt.jar;C:\Users\cotterel\IdeaProjects\scc210\out\production\scc210;C:\Users\cotterel\IdeaProjects\scc210\lib\junit-jupiter-api-5.3.2.jar;C:\Users\cotterel\IdeaProjects\scc210\lib\apiguardian-api-1.0.0.jar;C:\Users\cotterel\IdeaProjects\scc210\lib\opentest4j-1.1.1.jar;C:\Users\cotterel\IdeaProjects\scc210\lib\junit-platform-commons-1.3.2.jar;C:\Users\cotterel\IdeaProjects\scc210\lib\jsfml.jar;C:\Program Files\JetBrains\IntelliJ IDEA Community Edition 2017.2.3\lib\idea_rt.jar
Launcher Type: SUN_STANDARD

Environment Variables:
CLASSPATH=C:\Program Files\Java\jdk1.8.0_144\lib;.;H:\
PATH=C:\Program Files (x86)\Python36-32\Scripts\;C:\Program Files (x86)\Python36-32\;C:\ProgramData\Oracle\Java\javapath;C:\WINDOWS\system32;C:\WINDOWS;C:\WINDOWS\System32\Wbem;C:\WINDOWS\System32\WindowsPowerShell\v1.0\;C:\Program Files\PuTTY\;C:\Program Files\Git\cmd;C:\HashiCorp\Vagrant\bin;C:\Program Files\Zerynth\ztc\windows64;C:\Android\sdk;c:\Program Files\Java\jdk1.8.0_144\bin;C:\WINDOWS\System32\OpenSSH\;C:\Users\cotterel\AppData\Local\Microsoft\WindowsApps;
USERNAME=cotterel
OS=Windows_NT
PROCESSOR_IDENTIFIER=Intel64 Family 6 Model 60 Stepping 3, GenuineIntel



---------------  S Y S T E M  ---------------

OS: Windows 10.0 , 64 bit Build 17134 (10.0.17134.556)

CPU:total 8 (initial active 8) (4 cores per cpu, 2 threads per core) family 6 model 60 stepping 3, cmov, cx8, fxsr, mmx, sse, sse2, sse3, ssse3, sse4.1, sse4.2, popcnt, avx, avx2, aes, clmul, erms, lzcnt, ht, tsc, tscinvbit, bmi1, bmi2

Memory: 4k page, physical 8257240k(4544820k free), swap 9567960k(4879484k free)

vm_info: Java HotSpot(TM) 64-Bit Server VM (25.144-b01) for windows-amd64 JRE (1.8.0_144-b01), built on Jul 21 2017 21:57:33 by "java_re" with MS VC++ 10.0 (VS2010)

time: Tue Feb 26 15:52:59 2019
elapsed time: 4 seconds (0d 0h 0m 4s)

