#
# A fatal error has been detected by the Java Runtime Environment:
#
#  EXCEPTION_ACCESS_VIOLATION (0xc0000005) at pc=0x00007ff8eba29e71, pid=23212, tid=0x00000000000013d8
#
# JRE version: Java(TM) SE Runtime Environment (8.0_181-b13) (build 1.8.0_181-b13)
# Java VM: Java HotSpot(TM) 64-Bit Server VM (25.181-b13 mixed mode windows-amd64 compressed oops)
# Problematic frame:
# C  [jsfml.dll+0x9e71]
#
# Failed to write core dump. Minidumps are not enabled by default on client versions of Windows
#
# If you would like to submit a bug report, please visit:
#   http://bugreport.java.com/bugreport/crash.jsp
# The crash happened outside the Java Virtual Machine in native code.
# See problematic frame for where to report the bug.
#

---------------  T H R E A D  ---------------

Current thread (0x0000000025507000):  JavaThread "Thread-171" [_thread_in_native, id=5080, stack(0x0000000037240000,0x0000000037340000)]

siginfo: ExceptionCode=0xc0000005, reading address 0x0000000000000090

Registers:
RAX=0x0000cefd71c4bdb1, RBX=0x000000003733f0a0, RCX=0x0000000000000018, RDX=0x000000003733f0a0
RSP=0x000000003733efd0, RBP=0x000000003733f030, RSI=0x0000000000000000, RDI=0x0000000000000118
R8 =0x00000000009e2100, R9 =0x0000000000008000, R10=0x00007ff8eba29d50, R11=0x000000003733eaa0
R12=0x0000000000000000, R13=0x0000000086182930, R14=0x000000003733f130, R15=0x0000000025507000
RIP=0x00007ff8eba29e71, EFLAGS=0x0000000000010246

Top of Stack: (sp=0x000000003733efd0)
0x000000003733efd0:   000000003733f100 0000000063df8d94
0x000000003733efe0:   00000000258553c0 0000000029f4d070
0x000000003733eff0:   0000000000000000 fffffffffffffffe
0x000000003733f000:   00000000258553c0 0000000063621661
0x000000003733f010:   00000000255071f8 000000002555f180
0x000000003733f020:   000000002555f180 0000cefd71c4bdb1
0x000000003733f030:   0000000000000118 00000000170af0d8
0x000000003733f040:   000000003733f140 00007ff8eba2a0da
0x000000003733f050:   0000000000000000 00000000170af0d8
0x000000003733f060:   000000003733f0a0 0000000000000000
0x000000003733f070:   00000000255071f8 00007ff8eba29d87
0x000000003733f080:   0000000000000000 000000000000009f
0x000000003733f090:   e806f968fffffffe 0000cefd71c4a221
0x000000003733f0a0:   0000000086182930 0000000086182930
0x000000003733f0b0:   0000000000000000 00000000e806f828
0x000000003733f0c0:   00000000170af950 0000cefd71c4a2e1 

Instructions: (pc=0x00007ff8eba29e71)
0x00007ff8eba29e51:   ff ff 48 89 9c 24 90 00 00 00 48 8b 05 56 39 02
0x00007ff8eba29e61:   00 48 33 c4 48 89 45 f8 48 8b da 33 f6 89 75 c0
0x00007ff8eba29e71:   8b 41 78 a8 02 0f 85 bf 00 00 00 48 8b 51 48 48
0x00007ff8eba29e81:   39 32 0f 84 b2 00 00 00 48 8b 02 4c 8b 41 70 4c 


Register to memory mapping:

RAX=0x0000cefd71c4bdb1 is an unknown value
RBX=0x000000003733f0a0 is pointing into the stack for thread: 0x0000000025507000
RCX=0x0000000000000018 is an unknown value
RDX=0x000000003733f0a0 is pointing into the stack for thread: 0x0000000025507000
RSP=0x000000003733efd0 is pointing into the stack for thread: 0x0000000025507000
RBP=0x000000003733f030 is pointing into the stack for thread: 0x0000000025507000
RSI=0x0000000000000000 is an unknown value
RDI=0x0000000000000118 is an unknown value
R8 =0x00000000009e2100 is an unknown value
R9 =0x0000000000008000 is an unknown value
R10=0x00007ff8eba29d50 is an unknown value
R11=0x000000003733eaa0 is pointing into the stack for thread: 0x0000000025507000
R12=0x0000000000000000 is an unknown value
R13=0x0000000086182930 is an oop
sun.nio.fs.WindowsPathType 
 - klass: 'sun/nio/fs/WindowsPathType'
R14=0x000000003733f130 is pointing into the stack for thread: 0x0000000025507000
R15=0x0000000025507000 is a thread


Stack: [0x0000000037240000,0x0000000037340000],  sp=0x000000003733efd0,  free space=1019k
Native frames: (J=compiled Java code, j=interpreted, Vv=VM code, C=native code)
C  [jsfml.dll+0x9e71]
C  [jsfml.dll+0xa0da]
C  [jsfml.dll+0x9d87]
C  0x00000000029e44bc

Java frames: (J=compiled Java code, j=interpreted, Vv=VM code)
J 929  org.jsfml.internal.SFMLErrorCapture.nativeFinish()Ljava/lang/String; (0 bytes) @ 0x00000000029e443e [0x00000000029e4400+0x3e]
J 940 C1 org.jsfml.graphics.Texture.loadFromFile(Ljava/nio/file/Path;Lorg/jsfml/graphics/IntRect;)V (51 bytes) @ 0x00000000029f3824 [0x00000000029f3060+0x7c4]
j  org.jsfml.graphics.Texture.loadFromFile(Ljava/nio/file/Path;)V+5
j  main.java.questfortheabodeth.sprites.Image.loadImageFromFile(Ljava/lang/String;)V+17
J 1769 C2 main.java.questfortheabodeth.threads.ImageSwitchThread$$Lambda$16.accept(Ljava/lang/Object;)V (12 bytes) @ 0x0000000002a70400 [0x0000000002a703a0+0x60]
J 1319 C1 java.util.ArrayList.forEach(Ljava/util/function/Consumer;)V (75 bytes) @ 0x0000000002b0ec0c [0x0000000002b0ea00+0x20c]
j  main.java.questfortheabodeth.threads.ImageSwitchThread.run()V+10
v  ~StubRoutines::call_stub

---------------  P R O C E S S  ---------------

Java Threads: ( => current thread )
  0x00000000310cb800 JavaThread "Direct Clip" daemon [_thread_in_vm, id=7500, stack(0x0000000044180000,0x0000000044280000)]
  0x00000000310d1800 JavaThread "Direct Clip" daemon [_thread_blocked, id=10376, stack(0x0000000044080000,0x0000000044180000)]
  0x00000000310ca000 JavaThread "Direct Clip" daemon [_thread_blocked, id=24544, stack(0x0000000043f80000,0x0000000044080000)]
  0x00000000310ce800 JavaThread "Direct Clip" daemon [_thread_blocked, id=24240, stack(0x0000000043e80000,0x0000000043f80000)]
  0x00000000310cd800 JavaThread "Direct Clip" daemon [_thread_blocked, id=5276, stack(0x0000000040db0000,0x0000000040eb0000)]
  0x00000000310d0800 JavaThread "Direct Clip" daemon [_thread_blocked, id=16248, stack(0x000000003dc40000,0x000000003dd40000)]
  0x00000000310cf000 JavaThread "Direct Clip" daemon [_thread_blocked, id=24352, stack(0x000000003cb70000,0x000000003cc70000)]
  0x00000000310d0000 JavaThread "Direct Clip" daemon [_thread_blocked, id=22412, stack(0x000000003ca70000,0x000000003cb70000)]
  0x00000000310cc000 JavaThread "Direct Clip" daemon [_thread_blocked, id=15696, stack(0x000000003c870000,0x000000003c970000)]
  0x00000000310cd000 JavaThread "Direct Clip" daemon [_thread_blocked, id=13956, stack(0x000000003c670000,0x000000003c770000)]
  0x0000000025515800 JavaThread "Direct Clip" daemon [_thread_blocked, id=23320, stack(0x000000003c570000,0x000000003c670000)]
  0x0000000025514000 JavaThread "Direct Clip" daemon [_thread_blocked, id=20500, stack(0x000000003c370000,0x000000003c470000)]
  0x0000000025513000 JavaThread "Direct Clip" daemon [_thread_blocked, id=1432, stack(0x000000003c270000,0x000000003c370000)]
  0x0000000025512800 JavaThread "Direct Clip" daemon [_thread_blocked, id=21884, stack(0x000000003c170000,0x000000003c270000)]
  0x000000002550b000 JavaThread "Direct Clip" daemon [_thread_blocked, id=20164, stack(0x0000000039fd0000,0x000000003a0d0000)]
  0x0000000025511800 JavaThread "Direct Clip" daemon [_thread_blocked, id=19116, stack(0x0000000039ed0000,0x0000000039fd0000)]
  0x000000002550a000 JavaThread "Direct Clip" daemon [_thread_blocked, id=8536, stack(0x0000000039dd0000,0x0000000039ed0000)]
  0x0000000025511000 JavaThread "Direct Clip" daemon [_thread_blocked, id=15832, stack(0x0000000039bd0000,0x0000000039cd0000)]
  0x0000000025509800 JavaThread "Direct Clip" daemon [_thread_blocked, id=24276, stack(0x0000000039ad0000,0x0000000039bd0000)]
  0x0000000025510000 JavaThread "Direct Clip" daemon [_thread_blocked, id=17416, stack(0x0000000037940000,0x0000000037a40000)]
  0x000000002550f800 JavaThread "Direct Clip" daemon [_thread_blocked, id=16884, stack(0x0000000037740000,0x0000000037840000)]
  0x000000002550e800 JavaThread "Direct Clip" daemon [_thread_blocked, id=21244, stack(0x0000000037540000,0x0000000037640000)]
=>0x0000000025507000 JavaThread "Thread-171" [_thread_in_native, id=5080, stack(0x0000000037240000,0x0000000037340000)]
  0x0000000025508800 JavaThread "Thread-170" [_thread_blocked, id=22844, stack(0x0000000037140000,0x0000000037240000)]
  0x000000002550e000 JavaThread "Thread-169" [_thread_blocked, id=10712, stack(0x0000000037040000,0x0000000037140000)]
  0x000000002550d000 JavaThread "Direct Clip" daemon [_thread_blocked, id=9128, stack(0x0000000036f40000,0x0000000037040000)]
  0x000000002550c800 JavaThread "Direct Clip" daemon [_thread_blocked, id=7456, stack(0x0000000034db0000,0x0000000034eb0000)]
  0x000000002550b800 JavaThread "Direct Clip" daemon [_thread_blocked, id=22668, stack(0x0000000034cb0000,0x0000000034db0000)]
  0x0000000025506800 JavaThread "Direct Clip" daemon [_thread_blocked, id=13524, stack(0x0000000034bb0000,0x0000000034cb0000)]
  0x0000000025508000 JavaThread "Direct Clip" daemon [_thread_blocked, id=14700, stack(0x0000000034ab0000,0x0000000034bb0000)]
  0x0000000025829800 JavaThread "Direct Clip" daemon [_thread_blocked, id=21304, stack(0x00000000348b0000,0x00000000349b0000)]
  0x0000000025823000 JavaThread "Direct Clip" daemon [_thread_blocked, id=23772, stack(0x00000000346b0000,0x00000000347b0000)]
  0x0000000025823800 JavaThread "Direct Clip" daemon [_thread_blocked, id=19264, stack(0x00000000344b0000,0x00000000345b0000)]
  0x0000000025828000 JavaThread "Direct Clip" daemon [_thread_blocked, id=1140, stack(0x00000000342b0000,0x00000000343b0000)]
  0x0000000025829000 JavaThread "Direct Clip" daemon [_thread_blocked, id=17652, stack(0x00000000340b0000,0x00000000341b0000)]
  0x0000000025827800 JavaThread "Direct Clip" daemon [_thread_blocked, id=23708, stack(0x00000000317c0000,0x00000000318c0000)]
  0x0000000025826000 JavaThread "Direct Clip" daemon [_thread_blocked, id=3288, stack(0x00000000316c0000,0x00000000317c0000)]
  0x0000000025826800 JavaThread "Direct Clip" daemon [_thread_blocked, id=19548, stack(0x00000000314c0000,0x00000000315c0000)]
  0x0000000025825000 JavaThread "Direct Clip" daemon [_thread_blocked, id=13340, stack(0x00000000302f0000,0x00000000303f0000)]
  0x0000000025824800 JavaThread "AWT-Windows" daemon [_thread_in_native, id=16028, stack(0x000000002faf0000,0x000000002fbf0000)]
  0x000000002581f800 JavaThread "Java2D Disposer" daemon [_thread_blocked, id=22664, stack(0x000000002f8f0000,0x000000002f9f0000)]
  0x00000000256ec800 JavaThread "Thread-160" [_thread_blocked, id=16648, stack(0x000000002f7f0000,0x000000002f8f0000)]
  0x000000002585b000 JavaThread "Thread-159" [_thread_blocked, id=24388, stack(0x000000002f6f0000,0x000000002f7f0000)]
  0x000000002585a000 JavaThread "Thread-158" [_thread_blocked, id=23264, stack(0x000000002f5f0000,0x000000002f6f0000)]
  0x000000002564f800 JavaThread "Direct Clip" daemon [_thread_blocked, id=20820, stack(0x000000002cd00000,0x000000002ce00000)]
  0x00000000252be800 JavaThread "Timer-0" [_thread_blocked, id=19192, stack(0x000000002a900000,0x000000002aa00000)]
  0x0000000025216800 JavaThread "Direct Clip" daemon [_thread_blocked, id=4872, stack(0x0000000026f20000,0x0000000027020000)]
  0x0000000025215800 JavaThread "Java Sound Event Dispatcher" daemon [_thread_blocked, id=15036, stack(0x0000000026b20000,0x0000000026c20000)]
  0x000000001926b000 JavaThread "Service Thread" daemon [_thread_blocked, id=18716, stack(0x0000000019900000,0x0000000019a00000)]
  0x00000000191a3000 JavaThread "C1 CompilerThread2" daemon [_thread_blocked, id=22732, stack(0x0000000019800000,0x0000000019900000)]
  0x00000000191a1000 JavaThread "C2 CompilerThread1" daemon [_thread_blocked, id=15268, stack(0x0000000019700000,0x0000000019800000)]
  0x00000000191a0800 JavaThread "C2 CompilerThread0" daemon [_thread_blocked, id=21424, stack(0x0000000019600000,0x0000000019700000)]
  0x0000000019149000 JavaThread "Monitor Ctrl-Break" daemon [_thread_in_native, id=23416, stack(0x0000000019500000,0x0000000019600000)]
  0x000000001747b800 JavaThread "Attach Listener" daemon [_thread_blocked, id=15972, stack(0x0000000018ff0000,0x00000000190f0000)]
  0x000000001747a800 JavaThread "Signal Dispatcher" daemon [_thread_blocked, id=2896, stack(0x0000000018ef0000,0x0000000018ff0000)]
  0x0000000017462000 JavaThread "Finalizer" daemon [_thread_blocked, id=12392, stack(0x0000000018cf0000,0x0000000018df0000)]
  0x0000000002656000 JavaThread "Reference Handler" daemon [_thread_blocked, id=23452, stack(0x0000000018bf0000,0x0000000018cf0000)]
  0x0000000002562800 JavaThread "main" [_thread_blocked, id=22720, stack(0x00000000022e0000,0x00000000023e0000)]

Other Threads:
  0x0000000017438800 VMThread [stack: 0x0000000018af0000,0x0000000018bf0000] [id=8968]
  0x000000001926d800 WatcherThread [stack: 0x0000000019a00000,0x0000000019b00000] [id=14384]

VM state:not at safepoint (normal execution)

VM Mutex/Monitor currently owned by a thread: None

Heap:
 PSYoungGen      total 628736K, used 371149K [0x00000000d5a00000, 0x0000000100000000, 0x0000000100000000)
  eden space 616448K, 59% used [0x00000000d5a00000,0x00000000ebd51b60,0x00000000fb400000)
  from space 12288K, 59% used [0x00000000fb400000,0x00000000fbb21ae0,0x00000000fc000000)
  to   space 12288K, 0% used [0x00000000ff400000,0x00000000ff400000,0x0000000100000000)
 ParOldGen       total 283648K, used 173323K [0x0000000080e00000, 0x0000000092300000, 0x00000000d5a00000)
  object space 283648K, 61% used [0x0000000080e00000,0x000000008b742f60,0x0000000092300000)
 Metaspace       used 9656K, capacity 9898K, committed 9984K, reserved 1058816K
  class space    used 1180K, capacity 1261K, committed 1280K, reserved 1048576K

Card table byte_map: [0x0000000011a20000,0x0000000011e20000] byte_map_base: 0x0000000011619000

Marking Bits: (ParMarkBitMap*) 0x0000000063d02d00
 Begin Bits: [0x00000000126d0000, 0x0000000014698000)
 End Bits:   [0x0000000014698000, 0x0000000016660000)

Polling page: 0x0000000000a20000

CodeCache: size=245760Kb used=5871Kb max_used=5882Kb free=239888Kb
 bounds [0x0000000002660000, 0x0000000002c30000, 0x0000000011660000]
 total_blobs=2028 nmethods=1615 adapters=325
 compilation: enabled

Compilation events (10 events):
Event: 36.916 Thread 0x00000000191a0800 1855   !   4       sun.reflect.GeneratedConstructorAccessor3::newInstance (49 bytes)
Event: 36.917 Thread 0x00000000191a1000 1856   !   4       sun.reflect.GeneratedConstructorAccessor4::newInstance (49 bytes)
Event: 36.917 Thread 0x00000000191a0800 nmethod 1855 0x0000000002b40950 code [0x0000000002b40aa0, 0x0000000002b40bc8]
Event: 36.917 Thread 0x00000000191a1000 nmethod 1856 0x0000000002c18910 code [0x0000000002c18a60, 0x0000000002c18b88]
Event: 37.097 Thread 0x00000000191a0800 1857       4       java.net.URLClassLoader$3::nextElement (5 bytes)
Event: 37.098 Thread 0x00000000191a0800 nmethod 1857 0x0000000002b419d0 code [0x0000000002b41b40, 0x0000000002b41d28]
Event: 37.181 Thread 0x00000000191a1000 1858   !   4       com.sun.media.sound.WaveFileReader::getAudioInputStream (60 bytes)
Event: 37.181 Thread 0x00000000191a0800 1859       4       com.sun.media.sound.WaveFileFormat::<init> (91 bytes)
Event: 37.183 Thread 0x00000000191a0800 nmethod 1859 0x0000000002c19dd0 code [0x0000000002c19f20, 0x0000000002c1a338]
Event: 37.186 Thread 0x00000000191a1000 nmethod 1858 0x0000000002b396d0 code [0x0000000002b39880, 0x0000000002b3a038]

GC Heap History (10 events):
Event: 19.490 GC heap before
{Heap before GC invocations=11 (full 2):
 PSYoungGen      total 269312K, used 4230K [0x00000000d5a00000, 0x00000000efa00000, 0x0000000100000000)
  eden space 256512K, 0% used [0x00000000d5a00000,0x00000000d5a00000,0x00000000e5480000)
  from space 12800K, 33% used [0x00000000e5480000,0x00000000e58a1918,0x00000000e6100000)
  to   space 12800K, 0% used [0x00000000eed80000,0x00000000eed80000,0x00000000efa00000)
 ParOldGen       total 214016K, used 196386K [0x0000000080e00000, 0x000000008df00000, 0x00000000d5a00000)
  object space 214016K, 91% used [0x0000000080e00000,0x000000008cdc8848,0x000000008df00000)
 Metaspace       used 9505K, capacity 9754K, committed 9984K, reserved 1058816K
  class space    used 1174K, capacity 1257K, committed 1280K, reserved 1048576K
Event: 19.511 GC heap after
Heap after GC invocations=11 (full 2):
 PSYoungGen      total 269312K, used 0K [0x00000000d5a00000, 0x00000000efa00000, 0x0000000100000000)
  eden space 256512K, 0% used [0x00000000d5a00000,0x00000000d5a00000,0x00000000e5480000)
  from space 12800K, 0% used [0x00000000e5480000,0x00000000e5480000,0x00000000e6100000)
  to   space 12800K, 0% used [0x00000000eed80000,0x00000000eed80000,0x00000000efa00000)
 ParOldGen       total 283648K, used 166925K [0x0000000080e00000, 0x0000000092300000, 0x00000000d5a00000)
  object space 283648K, 58% used [0x0000000080e00000,0x000000008b103758,0x0000000092300000)
 Metaspace       used 9505K, capacity 9754K, committed 9984K, reserved 1058816K
  class space    used 1174K, capacity 1257K, committed 1280K, reserved 1048576K
}
Event: 21.665 GC heap before
{Heap before GC invocations=12 (full 2):
 PSYoungGen      total 269312K, used 256512K [0x00000000d5a00000, 0x00000000efa00000, 0x0000000100000000)
  eden space 256512K, 100% used [0x00000000d5a00000,0x00000000e5480000,0x00000000e5480000)
  from space 12800K, 0% used [0x00000000e5480000,0x00000000e5480000,0x00000000e6100000)
  to   space 12800K, 0% used [0x00000000eed80000,0x00000000eed80000,0x00000000efa00000)
 ParOldGen       total 283648K, used 166925K [0x0000000080e00000, 0x0000000092300000, 0x00000000d5a00000)
  object space 283648K, 58% used [0x0000000080e00000,0x000000008b103758,0x0000000092300000)
 Metaspace       used 9606K, capacity 9882K, committed 9984K, reserved 1058816K
  class space    used 1174K, capacity 1257K, committed 1280K, reserved 1048576K
Event: 21.670 GC heap after
Heap after GC invocations=12 (full 2):
 PSYoungGen      total 413184K, used 2736K [0x00000000d5a00000, 0x00000000efa80000, 0x0000000100000000)
  eden space 400384K, 0% used [0x00000000d5a00000,0x00000000d5a00000,0x00000000ee100000)
  from space 12800K, 21% used [0x00000000eed80000,0x00000000ef02c028,0x00000000efa00000)
  to   space 12800K, 0% used [0x00000000ee100000,0x00000000ee100000,0x00000000eed80000)
 ParOldGen       total 283648K, used 166933K [0x0000000080e00000, 0x0000000092300000, 0x00000000d5a00000)
  object space 283648K, 58% used [0x0000000080e00000,0x000000008b105758,0x0000000092300000)
 Metaspace       used 9606K, capacity 9882K, committed 9984K, reserved 1058816K
  class space    used 1174K, capacity 1257K, committed 1280K, reserved 1048576K
}
Event: 25.046 GC heap before
{Heap before GC invocations=13 (full 2):
 PSYoungGen      total 413184K, used 403120K [0x00000000d5a00000, 0x00000000efa80000, 0x0000000100000000)
  eden space 400384K, 100% used [0x00000000d5a00000,0x00000000ee100000,0x00000000ee100000)
  from space 12800K, 21% used [0x00000000eed80000,0x00000000ef02c028,0x00000000efa00000)
  to   space 12800K, 0% used [0x00000000ee100000,0x00000000ee100000,0x00000000eed80000)
 ParOldGen       total 283648K, used 166933K [0x0000000080e00000, 0x0000000092300000, 0x00000000d5a00000)
  object space 283648K, 58% used [0x0000000080e00000,0x000000008b105758,0x0000000092300000)
 Metaspace       used 9612K, capacity 9882K, committed 9984K, reserved 1058816K
  class space    used 1175K, capacity 1257K, committed 1280K, reserved 1048576K
Event: 25.058 GC heap after
Heap after GC invocations=13 (full 2):
 PSYoungGen      total 413184K, used 7610K [0x00000000d5a00000, 0x00000000fd200000, 0x0000000100000000)
  eden space 400384K, 0% used [0x00000000d5a00000,0x00000000d5a00000,0x00000000ee100000)
  from space 12800K, 59% used [0x00000000ee100000,0x00000000ee86ebf0,0x00000000eed80000)
  to   space 12800K, 0% used [0x00000000fc580000,0x00000000fc580000,0x00000000fd200000)
 ParOldGen       total 283648K, used 168357K [0x0000000080e00000, 0x0000000092300000, 0x00000000d5a00000)
  object space 283648K, 59% used [0x0000000080e00000,0x000000008b269780,0x0000000092300000)
 Metaspace       used 9612K, capacity 9882K, committed 9984K, reserved 1058816K
  class space    used 1175K, capacity 1257K, committed 1280K, reserved 1048576K
}
Event: 28.807 GC heap before
{Heap before GC invocations=14 (full 2):
 PSYoungGen      total 413184K, used 407994K [0x00000000d5a00000, 0x00000000fd200000, 0x0000000100000000)
  eden space 400384K, 100% used [0x00000000d5a00000,0x00000000ee100000,0x00000000ee100000)
  from space 12800K, 59% used [0x00000000ee100000,0x00000000ee86ebf0,0x00000000eed80000)
  to   space 12800K, 0% used [0x00000000fc580000,0x00000000fc580000,0x00000000fd200000)
 ParOldGen       total 283648K, used 168357K [0x0000000080e00000, 0x0000000092300000, 0x00000000d5a00000)
  object space 283648K, 59% used [0x0000000080e00000,0x000000008b269780,0x0000000092300000)
 Metaspace       used 9618K, capacity 9882K, committed 9984K, reserved 1058816K
  class space    used 1175K, capacity 1257K, committed 1280K, reserved 1048576K
Event: 28.816 GC heap after
Heap after GC invocations=14 (full 2):
 PSYoungGen      total 623104K, used 4921K [0x00000000d5a00000, 0x00000000fcc00000, 0x0000000100000000)
  eden space 616448K, 0% used [0x00000000d5a00000,0x00000000d5a00000,0x00000000fb400000)
  from space 6656K, 73% used [0x00000000fc580000,0x00000000fca4e540,0x00000000fcc00000)
  to   space 12288K, 0% used [0x00000000fb400000,0x00000000fb400000,0x00000000fc000000)
 ParOldGen       total 283648K, used 171248K [0x0000000080e00000, 0x0000000092300000, 0x00000000d5a00000)
  object space 283648K, 60% used [0x0000000080e00000,0x000000008b53c370,0x0000000092300000)
 Metaspace       used 9618K, capacity 9882K, committed 9984K, reserved 1058816K
  class space    used 1175K, capacity 1257K, committed 1280K, reserved 1048576K
}
Event: 36.003 GC heap before
{Heap before GC invocations=15 (full 2):
 PSYoungGen      total 623104K, used 621369K [0x00000000d5a00000, 0x00000000fcc00000, 0x0000000100000000)
  eden space 616448K, 100% used [0x00000000d5a00000,0x00000000fb400000,0x00000000fb400000)
  from space 6656K, 73% used [0x00000000fc580000,0x00000000fca4e540,0x00000000fcc00000)
  to   space 12288K, 0% used [0x00000000fb400000,0x00000000fb400000,0x00000000fc000000)
 ParOldGen       total 283648K, used 171248K [0x0000000080e00000, 0x0000000092300000, 0x00000000d5a00000)
  object space 283648K, 60% used [0x0000000080e00000,0x000000008b53c370,0x0000000092300000)
 Metaspace       used 9652K, capacity 9898K, committed 9984K, reserved 1058816K
  class space    used 1180K, capacity 1261K, committed 1280K, reserved 1048576K
Event: 36.015 GC heap after
Heap after GC invocations=15 (full 2):
 PSYoungGen      total 628736K, used 7302K [0x00000000d5a00000, 0x0000000100000000, 0x0000000100000000)
  eden space 616448K, 0% used [0x00000000d5a00000,0x00000000d5a00000,0x00000000fb400000)
  from space 12288K, 59% used [0x00000000fb400000,0x00000000fbb21ae0,0x00000000fc000000)
  to   space 12288K, 0% used [0x00000000ff400000,0x00000000ff400000,0x0000000100000000)
 ParOldGen       total 283648K, used 173323K [0x0000000080e00000, 0x0000000092300000, 0x00000000d5a00000)
  object space 283648K, 61% used [0x0000000080e00000,0x000000008b742f60,0x0000000092300000)
 Metaspace       used 9652K, capacity 9898K, committed 9984K, reserved 1058816K
  class space    used 1180K, capacity 1261K, committed 1280K, reserved 1048576K
}

Deoptimization events (10 events):
Event: 19.397 Thread 0x0000000002562800 Uncommon trap: reason=class_check action=maybe_recompile pc=0x0000000002a882c4 method=main.java.questfortheabodeth.Game.runEnemyInteracts()V @ 110
Event: 19.411 Thread 0x0000000002562800 Uncommon trap: reason=class_check action=maybe_recompile pc=0x0000000002a8302c method=main.java.questfortheabodeth.Game.runEnemyInteracts()V @ 110
Event: 20.939 Thread 0x0000000002562800 Uncommon trap: reason=unstable_if action=reinterpret pc=0x0000000002b616c0 method=main.java.questfortheabodeth.Game.runPlayerCollisions()I @ 229
Event: 20.955 Thread 0x0000000002562800 Uncommon trap: reason=unstable_if action=reinterpret pc=0x0000000002b55ac4 method=main.java.questfortheabodeth.Game.runPlayerCollisions()I @ 229
Event: 30.103 Thread 0x0000000002562800 Uncommon trap: reason=class_check action=maybe_recompile pc=0x0000000002be282c method=main.java.questfortheabodeth.Game.runPlayerInteracts()V @ 169
Event: 30.698 Thread 0x0000000002562800 Uncommon trap: reason=unstable_if action=reinterpret pc=0x0000000002ac60a8 method=java.io.ExpiringCache.entryFor(Ljava/lang/String;)Ljava/io/ExpiringCache$Entry; @ 39
Event: 30.698 Thread 0x0000000002562800 Uncommon trap: reason=unstable_if action=reinterpret pc=0x0000000002a1a644 method=java.io.ExpiringCache.entryFor(Ljava/lang/String;)Ljava/io/ExpiringCache$Entry; @ 39
Event: 32.723 Thread 0x0000000002562800 Uncommon trap: reason=unstable_if action=reinterpret pc=0x0000000002953a74 method=java.lang.Integer.valueOf(I)Ljava/lang/Integer; @ 10
Event: 35.684 Thread 0x0000000002562800 Uncommon trap: reason=unstable_if action=reinterpret pc=0x00000000029fd848 method=java.lang.Class.newInstance()Ljava/lang/Object; @ 19
Event: 39.247 Thread 0x000000002550e000 Uncommon trap: reason=unstable_if action=reinterpret pc=0x00000000028c4844 method=java.util.concurrent.locks.AbstractQueuedSynchronizer.acquireSharedInterruptibly(I)V @ 3

Classes redefined (0 events):
No events

Internal exceptions (10 events):
Event: 0.124 Thread 0x0000000002562800 Exception <a 'java/security/PrivilegedActionException'> (0x00000000d5d7ba70) thrown at [C:\re\workspace\8-2-build-windows-amd64-cygwin\jdk8u181\11358\hotspot\src\share\vm\prims\jvm.cpp, line 1435]
Event: 0.724 Thread 0x0000000002562800 Exception <a 'java/lang/NoSuchFieldError': method resolution failed> (0x00000000d5f1bc68) thrown at [C:\re\workspace\8-2-build-windows-amd64-cygwin\jdk8u181\11358\hotspot\src\share\vm\prims\methodHandles.cpp, line 1167]
Event: 0.724 Thread 0x0000000002562800 Exception <a 'java/lang/NoSuchFieldError': method resolution failed> (0x00000000d5f29b10) thrown at [C:\re\workspace\8-2-build-windows-amd64-cygwin\jdk8u181\11358\hotspot\src\share\vm\prims\methodHandles.cpp, line 1167]
Event: 2.638 Thread 0x0000000002562800 Exception <a 'java/io/FileNotFoundException'> (0x00000000db6f7570) thrown at [C:\re\workspace\8-2-build-windows-amd64-cygwin\jdk8u181\11358\hotspot\src\share\vm\prims\jni.cpp, line 709]
Event: 2.659 Thread 0x0000000002562800 Exception <a 'java/io/FileNotFoundException'> (0x00000000db7b6570) thrown at [C:\re\workspace\8-2-build-windows-amd64-cygwin\jdk8u181\11358\hotspot\src\share\vm\prims\jni.cpp, line 709]
Event: 19.188 Thread 0x000000002585b000 Exception <a 'java/lang/InterruptedException': sleep interrupted> (0x00000000d6944808) thrown at [C:\re\workspace\8-2-build-windows-amd64-cygwin\jdk8u181\11358\hotspot\src\share\vm\prims\jvm.cpp, line 3273]
Event: 19.188 Thread 0x000000002585a000 Exception <a 'java/lang/InterruptedException': sleep interrupted> (0x00000000dd1a7ba8) thrown at [C:\re\workspace\8-2-build-windows-amd64-cygwin\jdk8u181\11358\hotspot\src\share\vm\prims\jvm.cpp, line 3273]
Event: 19.188 Thread 0x00000000256ec800 Exception <a 'java/lang/InterruptedException': sleep interrupted> (0x00000000e0073068) thrown at [C:\re\workspace\8-2-build-windows-amd64-cygwin\jdk8u181\11358\hotspot\src\share\vm\prims\jvm.cpp, line 3273]
Event: 39.247 Thread 0x0000000025507000 Exception <a 'java/lang/InterruptedException': sleep interrupted> (0x00000000e806dd10) thrown at [C:\re\workspace\8-2-build-windows-amd64-cygwin\jdk8u181\11358\hotspot\src\share\vm\prims\jvm.cpp, line 3273]
Event: 39.247 Thread 0x0000000025508800 Exception <a 'java/lang/InterruptedException': sleep interrupted> (0x00000000e970d170) thrown at [C:\re\workspace\8-2-build-windows-amd64-cygwin\jdk8u181\11358\hotspot\src\share\vm\prims\jvm.cpp, line 3273]

Events (10 events):
Event: 37.296 Executing VM operation: RevokeBias
Event: 37.296 Executing VM operation: RevokeBias done
Event: 38.593 Thread 0x00000000310d1800 Thread added: 0x00000000310d1800
Event: 38.593 Executing VM operation: RevokeBias
Event: 38.594 Executing VM operation: RevokeBias done
Event: 38.594 Executing VM operation: RevokeBias
Event: 38.594 Executing VM operation: RevokeBias done
Event: 39.247 Thread 0x000000002550e000 Uncommon trap: trap_request=0xffffff65 fr.pc=0x00000000028c4844
Event: 39.247 Thread 0x000000002550e000 DEOPT PACKING pc=0x00000000028c4844 sp=0x000000003713ec60
Event: 39.247 Thread 0x000000002550e000 DEOPT UNPACKING pc=0x00000000026a583b sp=0x000000003713ea50 mode 2


Dynamic libraries:
0x00007ff692fc0000 - 0x00007ff692ff7000 	C:\Program Files\Java\jdk\bin\java.exe
0x00007ff8fcb40000 - 0x00007ff8fcd21000 	C:\Windows\SYSTEM32\ntdll.dll
0x00007ff8fc370000 - 0x00007ff8fc422000 	C:\Windows\System32\KERNEL32.DLL
0x00007ff8f9bb0000 - 0x00007ff8f9e23000 	C:\Windows\System32\KERNELBASE.dll
0x00007ff8fb470000 - 0x00007ff8fb511000 	C:\Windows\System32\ADVAPI32.dll
0x00007ff8fc6d0000 - 0x00007ff8fc76e000 	C:\Windows\System32\msvcrt.dll
0x00007ff8f9fd0000 - 0x00007ff8fa02b000 	C:\Windows\System32\sechost.dll
0x00007ff8fb580000 - 0x00007ff8fb6a4000 	C:\Windows\System32\RPCRT4.dll
0x00007ff8fc970000 - 0x00007ff8fcb00000 	C:\Windows\System32\USER32.dll
0x00007ff8f9480000 - 0x00007ff8f94a0000 	C:\Windows\System32\win32u.dll
0x00007ff8fb6c0000 - 0x00007ff8fb6e8000 	C:\Windows\System32\GDI32.dll
0x00007ff8f9e30000 - 0x00007ff8f9fc2000 	C:\Windows\System32\gdi32full.dll
0x00007ff8f9010000 - 0x00007ff8f90af000 	C:\Windows\System32\msvcp_win.dll
0x00007ff8f8f10000 - 0x00007ff8f900a000 	C:\Windows\System32\ucrtbase.dll
0x00007ff8e5c40000 - 0x00007ff8e5ea9000 	C:\Windows\WinSxS\amd64_microsoft.windows.common-controls_6595b64144ccf1df_6.0.17134.590_none_fb3d9bff3069e088\COMCTL32.dll
0x00007ff8fc020000 - 0x00007ff8fc342000 	C:\Windows\System32\combase.dll
0x00007ff8f9110000 - 0x00007ff8f918a000 	C:\Windows\System32\bcryptPrimitives.dll
0x00007ff8fc600000 - 0x00007ff8fc62d000 	C:\Windows\System32\IMM32.DLL
0x0000000063d90000 - 0x0000000063e62000 	C:\Program Files\Java\jdk\jre\bin\msvcr100.dll
0x00000000634e0000 - 0x0000000063d82000 	C:\Program Files\Java\jdk\jre\bin\server\jvm.dll
0x00007ff8fcb00000 - 0x00007ff8fcb08000 	C:\Windows\System32\PSAPI.DLL
0x00007ff8daf20000 - 0x00007ff8daf29000 	C:\Windows\SYSTEM32\WSOCK32.dll
0x00007ff8f43b0000 - 0x00007ff8f43ba000 	C:\Windows\SYSTEM32\VERSION.dll
0x00007ff8f5d00000 - 0x00007ff8f5d23000 	C:\Windows\SYSTEM32\WINMM.dll
0x00007ff8fc430000 - 0x00007ff8fc49c000 	C:\Windows\System32\WS2_32.dll
0x00007ff8f5cd0000 - 0x00007ff8f5cfa000 	C:\Windows\SYSTEM32\winmmbase.dll
0x00007ff8f9430000 - 0x00007ff8f9479000 	C:\Windows\System32\cfgmgr32.dll
0x00000000634d0000 - 0x00000000634df000 	C:\Program Files\Java\jdk\jre\bin\verify.dll
0x00000000634a0000 - 0x00000000634c9000 	C:\Program Files\Java\jdk\jre\bin\java.dll
0x0000000063020000 - 0x0000000063043000 	C:\Program Files\Java\jdk\jre\bin\instrument.dll
0x0000000063480000 - 0x0000000063496000 	C:\Program Files\Java\jdk\jre\bin\zip.dll
0x00007ff8fa030000 - 0x00007ff8fb470000 	C:\Windows\System32\SHELL32.dll
0x00007ff8fc770000 - 0x00007ff8fc819000 	C:\Windows\System32\shcore.dll
0x00007ff8f94a0000 - 0x00007ff8f9bad000 	C:\Windows\System32\windows.storage.dll
0x00007ff8fbee0000 - 0x00007ff8fbf31000 	C:\Windows\System32\shlwapi.dll
0x00007ff8f8ec0000 - 0x00007ff8f8ed1000 	C:\Windows\System32\kernel.appcore.dll
0x00007ff8f8ef0000 - 0x00007ff8f8f0f000 	C:\Windows\System32\profapi.dll
0x00007ff8f8e70000 - 0x00007ff8f8ebc000 	C:\Windows\System32\powrprof.dll
0x00007ff8f8ee0000 - 0x00007ff8f8eea000 	C:\Windows\System32\FLTLIB.DLL
0x00007ff8f51d0000 - 0x00007ff8f51ea000 	C:\Program Files\JetBrains\IntelliJ IDEA Community Edition 2018.3.4\bin\breakgen64.dll
0x0000000063290000 - 0x00000000632aa000 	C:\Program Files\Java\jdk\jre\bin\net.dll
0x00007ff8f86d0000 - 0x00007ff8f8736000 	C:\Windows\system32\mswsock.dll
0x0000000063080000 - 0x0000000063091000 	C:\Program Files\Java\jdk\jre\bin\nio.dll
0x0000000070440000 - 0x0000000070682000 	C:\Users\Edward\.jsfml\windows_x64\libsndfile-1.dll
0x00007ff8e55d0000 - 0x00007ff8e563c000 	C:\Users\Edward\.jsfml\windows_x64\openal32.dll
0x00007ff8f6a80000 - 0x00007ff8f6a8e000 	C:\Users\Edward\.jsfml\windows_x64\sfml-system-2.dll
0x00000000633a0000 - 0x0000000063438000 	C:\Windows\SYSTEM32\MSVCP100.dll
0x00007ff8f3ea0000 - 0x00007ff8f3eb4000 	C:\Users\Edward\.jsfml\windows_x64\sfml-window-2.dll
0x00007ff8cae90000 - 0x00007ff8cafb0000 	C:\Windows\SYSTEM32\OPENGL32.dll
0x00007ff8e95b0000 - 0x00007ff8e95dc000 	C:\Windows\SYSTEM32\GLU32.dll
0x00007ff8f2200000 - 0x00007ff8f2213000 	C:\Users\Edward\.jsfml\windows_x64\sfml-audio-2.dll
0x00007ff8e0350000 - 0x00007ff8e0439000 	C:\Users\Edward\.jsfml\windows_x64\sfml-graphics-2.dll
0x00007ff8eba20000 - 0x00007ff8eba55000 	C:\Users\Edward\.jsfml\windows_x64\jsfml.dll
0x00007ff8f7510000 - 0x00007ff8f75a8000 	C:\Windows\system32\uxtheme.dll
0x00007ff8fb6f0000 - 0x00007ff8fb863000 	C:\Windows\System32\MSCTF.dll
0x00007ff8fbf40000 - 0x00007ff8fc003000 	C:\Windows\System32\OLEAUT32.dll
0x000000005f720000 - 0x0000000061de2000 	C:\Windows\System32\DriverStore\FileRepository\nv_dispi.inf_amd64_4aa19ae78d94d8a3\nvoglv64.dll
0x00007ff8fb870000 - 0x00007ff8fbcbb000 	C:\Windows\System32\SETUPAPI.dll
0x00007ff8fc4a0000 - 0x00007ff8fc5f1000 	C:\Windows\System32\ole32.dll
0x00007ff8f59c0000 - 0x00007ff8f59d3000 	C:\Windows\SYSTEM32\WTSAPI32.dll
0x00007ff8f8c60000 - 0x00007ff8f8c87000 	C:\Windows\SYSTEM32\DEVOBJ.dll
0x00007ff8f90b0000 - 0x00007ff8f9107000 	C:\Windows\System32\WINTRUST.dll
0x00007ff8f8e50000 - 0x00007ff8f8e62000 	C:\Windows\System32\MSASN1.dll
0x00007ff8f9190000 - 0x00007ff8f9372000 	C:\Windows\System32\CRYPT32.dll
0x00007ff8f7f40000 - 0x00007ff8f7f71000 	C:\Windows\SYSTEM32\ntmarta.dll
0x00007ff8f75e0000 - 0x00007ff8f7609000 	C:\Windows\system32\dwmapi.dll
0x00007ff8d01a0000 - 0x00007ff8d0466000 	C:\Windows\system32\nvspcap64.dll
0x00007ff8f8120000 - 0x00007ff8f8176000 	C:\Windows\SYSTEM32\WINSTA.dll
0x00007ff8f17c0000 - 0x00007ff8f17ed000 	C:\Windows\SYSTEM32\DINPUT.DLL
0x00007ff8f7b80000 - 0x00007ff8f7b8c000 	C:\Windows\SYSTEM32\HID.DLL
0x00007ff8e7f40000 - 0x00007ff8e7fb9000 	C:\Windows\SYSTEM32\inputhost.dll
0x00007ff8f7000000 - 0x00007ff8f70da000 	C:\Windows\SYSTEM32\CoreMessaging.dll
0x00007ff8f4760000 - 0x00007ff8f48ad000 	C:\Windows\SYSTEM32\wintypes.dll
0x00007ff8f3ee0000 - 0x00007ff8f41fe000 	C:\Windows\SYSTEM32\CoreUIComponents.dll
0x00007ff8e7fc0000 - 0x00007ff8e8056000 	C:\Windows\System32\TextInputFramework.dll
0x0000000063440000 - 0x000000006344c000 	C:\Program Files\Java\jdk\jre\bin\jsound.dll
0x0000000063280000 - 0x000000006328b000 	C:\Program Files\Java\jdk\jre\bin\jsoundds.dll
0x00007ff8dffe0000 - 0x00007ff8e006f000 	C:\Windows\SYSTEM32\DSOUND.dll
0x00007ff8f2690000 - 0x00007ff8f2706000 	C:\Windows\SYSTEM32\MMDevAPI.DLL
0x00007ff8f5710000 - 0x00007ff8f58c4000 	C:\Windows\SYSTEM32\PROPSYS.dll
0x00007ff8b61a0000 - 0x00007ff8b61e4000 	C:\Windows\SYSTEM32\wdmaud.drv
0x00007ff8b6190000 - 0x00007ff8b6199000 	C:\Windows\SYSTEM32\ksuser.dll
0x00007ff8f4960000 - 0x00007ff8f496a000 	C:\Windows\SYSTEM32\AVRT.dll
0x00007ff8ec2d0000 - 0x00007ff8ec3fc000 	C:\Windows\SYSTEM32\AUDIOSES.DLL
0x00007ff8b6180000 - 0x00007ff8b618d000 	C:\Windows\SYSTEM32\msacm32.drv
0x00007ff8b77a0000 - 0x00007ff8b77bc000 	C:\Windows\SYSTEM32\MSACM32.dll
0x00007ff8b6170000 - 0x00007ff8b617a000 	C:\Windows\SYSTEM32\midimap.dll
0x00007ff8fc630000 - 0x00007ff8fc6d0000 	C:\Windows\System32\clbcatq.dll
0x00007ff8e8060000 - 0x00007ff8e8174000 	C:\Windows\System32\Windows.UI.dll
0x0000000062e80000 - 0x0000000063019000 	C:\Program Files\Java\jdk\jre\bin\awt.dll
0x00007ff8f72a0000 - 0x00007ff8f732b000 	C:\Windows\SYSTEM32\apphelp.dll
0x00007ff8dfd90000 - 0x00007ff8dff27000 	C:\Windows\system32\d3d9.dll
0x00007ff8f31d0000 - 0x00007ff8f32be000 	C:\Windows\System32\DriverStore\FileRepository\nv_dispi.inf_amd64_4aa19ae78d94d8a3\nvldumdx.dll
0x00007ff8fc350000 - 0x00007ff8fc36d000 	C:\Windows\System32\imagehlp.dll
0x00007ff8f8880000 - 0x00007ff8f8897000 	C:\Windows\SYSTEM32\CRYPTSP.dll
0x00007ff8f82b0000 - 0x00007ff8f82e3000 	C:\Windows\system32\rsaenh.dll
0x00007ff8f89b0000 - 0x00007ff8f89d5000 	C:\Windows\SYSTEM32\bcrypt.dll
0x00007ff8f88a0000 - 0x00007ff8f88ab000 	C:\Windows\SYSTEM32\CRYPTBASE.dll
0x00007ff8a58d0000 - 0x00007ff8a6d0c000 	C:\Windows\System32\DriverStore\FileRepository\nv_dispi.inf_amd64_4aa19ae78d94d8a3\nvd3dumx.dll
0x00007ff8eda20000 - 0x00007ff8edae4000 	C:\Program Files (x86)\NVIDIA Corporation\3D Vision\nvSCPAPI64.dll
0x00007ff8f7b90000 - 0x00007ff8f7bb2000 	C:\Windows\SYSTEM32\gpapi.dll
0x00007ff8f3180000 - 0x00007ff8f31ae000 	C:\Windows\SYSTEM32\cryptnet.dll
0x00007ff8eae20000 - 0x00007ff8eafe9000 	C:\Windows\SYSTEM32\dbghelp.dll

VM Arguments:
jvm_args: -javaagent:C:\Program Files\JetBrains\IntelliJ IDEA Community Edition 2018.3.4\lib\idea_rt.jar=64744:C:\Program Files\JetBrains\IntelliJ IDEA Community Edition 2018.3.4\bin -Dfile.encoding=UTF-8 
java_command: main.java.questfortheabodeth.Main
java_class_path (initial): C:\Program Files\Java\jdk\jre\lib\charsets.jar;C:\Program Files\Java\jdk\jre\lib\deploy.jar;C:\Program Files\Java\jdk\jre\lib\ext\access-bridge-64.jar;C:\Program Files\Java\jdk\jre\lib\ext\cldrdata.jar;C:\Program Files\Java\jdk\jre\lib\ext\dnsns.jar;C:\Program Files\Java\jdk\jre\lib\ext\jaccess.jar;C:\Program Files\Java\jdk\jre\lib\ext\jfxrt.jar;C:\Program Files\Java\jdk\jre\lib\ext\localedata.jar;C:\Program Files\Java\jdk\jre\lib\ext\nashorn.jar;C:\Program Files\Java\jdk\jre\lib\ext\sunec.jar;C:\Program Files\Java\jdk\jre\lib\ext\sunjce_provider.jar;C:\Program Files\Java\jdk\jre\lib\ext\sunmscapi.jar;C:\Program Files\Java\jdk\jre\lib\ext\sunpkcs11.jar;C:\Program Files\Java\jdk\jre\lib\ext\zipfs.jar;C:\Program Files\Java\jdk\jre\lib\javaws.jar;C:\Program Files\Java\jdk\jre\lib\jce.jar;C:\Program Files\Java\jdk\jre\lib\jfr.jar;C:\Program Files\Java\jdk\jre\lib\jfxswt.jar;C:\Program Files\Java\jdk\jre\lib\jsse.jar;C:\Program Files\Java\jdk\jre\lib\management-agent.jar;C:\Program Files\Java\jdk\jre\lib\plugin.jar;C:\Program Files\Java\jdk\jre\lib\resources.jar;C:\Program Files\Java\jdk\jre\lib\rt.jar;D:\Programs\Google Drive\Lancaster University\Year 2\SCC210 - Computer Science Group Project\Quest for the Abodeth\out\production\Quest for the Abodeth;D:\Programs\Google Drive\Lancaster University\Year 2\SCC210 - Computer Science Group Project\Quest for the Abodeth\lib\jsfml.jar;D:\Programs\Google Drive\Lancaster University\Year 2\SCC210 - Computer Science Group Project\Quest for the Abodeth\lib\opentest4j-1.1.1.jar;D:\Programs\Google Drive\Lancaster University\Year 2\SCC210 - Computer Science Group Project\Quest for the Abodeth\lib\apiguardian-api-1.0.0.jar;D:\Programs\Google Drive\Lancaster University\Year 2\SCC210 - Computer Science Group Project\Quest for the Abodeth\lib\junit-jupiter-api-5.3.2.jar;D:\Programs\Google Drive\Lancaster University\Year 2\SCC210 - Computer Science Group Project\Quest for the Abodeth\lib\junit-platform-commons-1
Launcher Type: SUN_STANDARD

Environment Variables:
JAVA_HOME=C:\Program Files\Java\jdk\bin
PATH=C:\Windows\system32;C:\Windows;C:\Windows\System32\Wbem;C:\Windows\System32\WindowsPowerShell\v1.0\;C:\Windows\System32\OpenSSH\;C:\Program Files (x86)\Java\jre1.8.0_181;C:\Program Files\Java\jdk\bin;C:\Program Files\Java\jre\bin;C:\Program Files (x86)\NVIDIA Corporation\PhysX\Common;D:\Programs\NodeJS\;D:\Programs\Adobe Brackets\command;C:\Program Files\Git\cmd;;C:\Program Files\NVIDIA Corporation\NVIDIA NvDLISR;C:\Users\Edward\AppData\Local\Microsoft\WindowsApps;C:\Users\Edward\AppData\Local\GitHubDesktop\bin;C:\Users\Edward\AppData\Roaming\npm
USERNAME=Edward
OS=Windows_NT
PROCESSOR_IDENTIFIER=Intel64 Family 6 Model 158 Stepping 10, GenuineIntel



---------------  S Y S T E M  ---------------

OS: Windows 10.0 , 64 bit Build 17134 (10.0.17134.556)

CPU:total 6 (initial active 6) (6 cores per cpu, 1 threads per core) family 6 model 158 stepping 10, cmov, cx8, fxsr, mmx, sse, sse2, sse3, ssse3, sse4.1, sse4.2, popcnt, avx, avx2, aes, clmul, erms, rtm, 3dnowpref, lzcnt, tsc, tscinvbit, bmi1, bmi2, adx

Memory: 4k page, physical 8329900k(2693152k free), swap 19563116k(2505204k free)

vm_info: Java HotSpot(TM) 64-Bit Server VM (25.181-b13) for windows-amd64 JRE (1.8.0_181-b13), built on Jul  7 2018 04:01:33 by "java_re" with MS VC++ 10.0 (VS2010)

time: Thu Feb 28 18:15:07 2019
elapsed time: 39 seconds (0d 0h 0m 39s)

