#
# A fatal error has been detected by the Java Runtime Environment:
#
#  EXCEPTION_ACCESS_VIOLATION (0xc0000005) at pc=0x00007ff8e593c850, pid=12904, tid=0x0000000000000a9c
#
# JRE version: Java(TM) SE Runtime Environment (8.0_181-b13) (build 1.8.0_181-b13)
# Java VM: Java HotSpot(TM) 64-Bit Server VM (25.181-b13 mixed mode windows-amd64 compressed oops)
# Problematic frame:
# C  [jsfml.dll+0xc850]
#
# Failed to write core dump. Minidumps are not enabled by default on client versions of Windows
#
# If you would like to submit a bug report, please visit:
#   http://bugreport.java.com/bugreport/crash.jsp
# The crash happened outside the Java Virtual Machine in native code.
# See problematic frame for where to report the bug.
#

---------------  T H R E A D  ---------------

Current thread (0x0000000000cae800):  JavaThread "main" [_thread_in_native, id=2716, stack(0x0000000002560000,0x0000000002660000)]

siginfo: ExceptionCode=0xc0000005, reading address 0x0000000000000018

Registers:
RAX=0x0000000029a2d9b0, RBX=0x000000003decd288, RCX=0x0000000029a2d9d0, RDX=0xffffffffd65d2650
RSP=0x000000000265eb58, RBP=0x0000000000000064, RSI=0x0000000029a2d9b0, RDI=0x0000000000000020
R8 =0x0000000000000020, R9 =0x0000000000000001, R10=0x0000000029a2d460, R11=0x0000000029a2d9b0
R12=0x0000000000000000, R13=0x0000000000000040, R14=0x00007ff8e5a0a070, R15=0x0000000000cae800
RIP=0x00007ff8e593c850, EFLAGS=0x0000000000010283

Top of Stack: (sp=0x000000000265eb58)
0x000000000265eb58:   00007ff8e5939702 0000000043750000
0x000000000265eb68:   0000000000000000 0000000000000000
0x000000000265eb78:   0000000000000000 0000000000000028
0x000000000265eb88:   0000000000000000 0000000000000008
0x000000000265eb98:   00007ff8e5938c95 00007ff8e5a0a090
0x000000000265eba8:   0000000000000020 000000003decd288
0x000000000265ebb8:   00007ff8f17c3a90 00007ff8f6afa150
0x000000000265ebc8:   00007ff8e5971a51 0000000000000000
0x000000000265ebd8:   0000000000000000 00007ff8f6afa150
0x000000000265ebe8:   0000000000000000 fffffffffffffffe
0x000000000265ebf8:   00007ff8f6afa150 0000000000000001
0x000000000265ec08:   00007ff8f17c3a6d 000000003e172df0
0x000000000265ec18:   00000000172a4cf0 000000003e172df0
0x000000000265ec28:   000000003e172ac0 0000000000000000
0x000000000265ec38:   00007ff8e598a190 00007ff8f6afa150
0x000000000265ec48:   000000000265ed80 0000000000000000 

Instructions: (pc=0x00007ff8e593c850)
0x00007ff8e593c830:   c3 66 66 66 66 66 66 66 0f 1f 84 00 00 00 00 00
0x00007ff8e593c840:   66 66 66 90 66 66 90 49 81 f9 00 20 00 00 73 42
0x00007ff8e593c850:   48 8b 44 0a f8 4c 8b 54 0a f0 48 83 e9 20 48 89
0x00007ff8e593c860:   41 18 4c 89 51 10 48 8b 44 0a 08 4c 8b 14 0a 49 


Register to memory mapping:

RAX=0x0000000029a2d9b0 is an unknown value
RBX=0x000000003decd288 is an unknown value
RCX=0x0000000029a2d9d0 is an unknown value
RDX=0xffffffffd65d2650 is an unknown value
RSP=0x000000000265eb58 is pointing into the stack for thread: 0x0000000000cae800
RBP=0x0000000000000064 is an unknown value
RSI=0x0000000029a2d9b0 is an unknown value
RDI=0x0000000000000020 is an unknown value
R8 =0x0000000000000020 is an unknown value
R9 =0x0000000000000001 is an unknown value
R10=0x0000000029a2d460 is an unknown value
R11=0x0000000029a2d9b0 is an unknown value
R12=0x0000000000000000 is an unknown value
R13=0x0000000000000040 is an unknown value
R14=0x00007ff8e5a0a070 is an unknown value
R15=0x0000000000cae800 is a thread


Stack: [0x0000000002560000,0x0000000002660000],  sp=0x000000000265eb58,  free space=1018k
Native frames: (J=compiled Java code, j=interpreted, Vv=VM code, C=native code)
C  [jsfml.dll+0xc850]
C  [jsfml.dll+0x9702]
C  [jsfml.dll+0x8c95]
C  [sfml-graphics-2.dll+0x1a51]
C  [sfml-graphics-2.dll+0x1a190]
C  [sfml-graphics-2.dll+0x1a384]
C  [jsfml.dll+0x7c05]
C  0x00000000029b1df0

Java frames: (J=compiled Java code, j=interpreted, Vv=VM code)
j  org.jsfml.graphics.Texture.nativeLoadFromImage(Lorg/jsfml/graphics/Image;Ljava/nio/Buffer;)Z+0
j  org.jsfml.graphics.Texture.loadFromImage(Lorg/jsfml/graphics/Image;Lorg/jsfml/graphics/IntRect;)V+14
j  org.jsfml.graphics.Texture.loadFromImage(Lorg/jsfml/graphics/Image;)V+5
j  main.java.questfortheabodeth.Helper.flipTexture(Lorg/jsfml/graphics/ConstTexture;)Lorg/jsfml/graphics/Texture;+21
j  main.java.questfortheabodeth.sprites.Image.flipHorizontal()V+11
j  main.java.questfortheabodeth.characters.Character.moveRight()V+14
j  main.java.questfortheabodeth.Game.run()V+1137
j  main.java.questfortheabodeth.Main.run()V+324
j  main.java.questfortheabodeth.Main.main([Ljava/lang/String;)V+9
v  ~StubRoutines::call_stub

---------------  P R O C E S S  ---------------

Java Threads: ( => current thread )
  0x000000001aa90000 JavaThread "AWT-Windows" daemon [_thread_in_native, id=12004, stack(0x000000004a540000,0x000000004a640000)]
  0x000000001aa8b000 JavaThread "Java2D Disposer" daemon [_thread_blocked, id=3764, stack(0x000000004a340000,0x000000004a440000)]
  0x000000001aa8a000 JavaThread "Direct Clip" daemon [_thread_blocked, id=5352, stack(0x000000004a100000,0x000000004a200000)]
  0x000000001aa88800 JavaThread "Thread-494" [_thread_blocked, id=12984, stack(0x0000000049230000,0x0000000049330000)]
  0x000000001aa88000 JavaThread "Thread-493" [_thread_blocked, id=10768, stack(0x0000000049130000,0x0000000049230000)]
  0x000000001aa89800 JavaThread "Thread-492" [_thread_in_native, id=6452, stack(0x0000000049030000,0x0000000049130000)]
  0x000000001aa83800 JavaThread "Thread-485" [_thread_blocked, id=8968, stack(0x0000000047bf0000,0x0000000047cf0000)]
  0x000000001aa86800 JavaThread "Thread-484" [_thread_blocked, id=7016, stack(0x0000000047af0000,0x0000000047bf0000)]
  0x000000001aa87000 JavaThread "Thread-483" [_thread_blocked, id=1544, stack(0x00000000479f0000,0x0000000047af0000)]
  0x000000001aa85800 JavaThread "Thread-468" [_thread_blocked, id=8924, stack(0x0000000046c20000,0x0000000046d20000)]
  0x000000001aa85000 JavaThread "Thread-467" [_thread_blocked, id=15816, stack(0x0000000046b20000,0x0000000046c20000)]
  0x0000000032204800 JavaThread "Thread-466" [_thread_blocked, id=3128, stack(0x0000000046a20000,0x0000000046b20000)]
  0x0000000032203800 JavaThread "Thread-451" [_thread_blocked, id=16104, stack(0x0000000045c60000,0x0000000045d60000)]
  0x0000000032202000 JavaThread "Thread-450" [_thread_blocked, id=16136, stack(0x0000000045b60000,0x0000000045c60000)]
  0x0000000032201800 JavaThread "Thread-449" [_thread_blocked, id=15760, stack(0x0000000045a60000,0x0000000045b60000)]
  0x0000000032206000 JavaThread "Thread-447" [_thread_blocked, id=12032, stack(0x0000000045960000,0x0000000045a60000)]
  0x0000000032205000 JavaThread "Thread-446" [_thread_blocked, id=3208, stack(0x0000000045860000,0x0000000045960000)]
  0x0000000032200800 JavaThread "Thread-445" [_thread_blocked, id=10552, stack(0x0000000045760000,0x0000000045860000)]
  0x0000000032207800 JavaThread "Thread-430" [_thread_blocked, id=3988, stack(0x0000000043cb0000,0x0000000043db0000)]
  0x0000000032206800 JavaThread "Thread-429" [_thread_blocked, id=13432, stack(0x0000000043bb0000,0x0000000043cb0000)]
  0x0000000032203000 JavaThread "Thread-428" [_thread_blocked, id=6312, stack(0x0000000043ab0000,0x0000000043bb0000)]
  0x00000000321f9000 JavaThread "Thread-413" [_thread_blocked, id=9224, stack(0x00000000437a0000,0x00000000438a0000)]
  0x00000000321fe800 JavaThread "Thread-412" [_thread_blocked, id=12568, stack(0x00000000436a0000,0x00000000437a0000)]
  0x00000000321fd800 JavaThread "Thread-411" [_thread_blocked, id=11044, stack(0x00000000435a0000,0x00000000436a0000)]
  0x00000000321fc000 JavaThread "Thread-396" [_thread_blocked, id=13712, stack(0x00000000427d0000,0x00000000428d0000)]
  0x00000000321fb800 JavaThread "Thread-395" [_thread_blocked, id=15772, stack(0x00000000426d0000,0x00000000427d0000)]
  0x00000000321fd000 JavaThread "Thread-394" [_thread_blocked, id=8044, stack(0x00000000425d0000,0x00000000426d0000)]
  0x0000000032200000 JavaThread "Thread-379" [_thread_blocked, id=2328, stack(0x0000000041a10000,0x0000000041b10000)]
  0x00000000321f8000 JavaThread "Thread-378" [_thread_blocked, id=2188, stack(0x0000000041910000,0x0000000041a10000)]
  0x00000000321ff000 JavaThread "Thread-377" [_thread_blocked, id=10804, stack(0x0000000041810000,0x0000000041910000)]
  0x00000000321fa800 JavaThread "Thread-362" [_thread_blocked, id=10188, stack(0x000000003f710000,0x000000003f810000)]
  0x00000000321fa000 JavaThread "Thread-361" [_thread_blocked, id=9108, stack(0x000000003f610000,0x000000003f710000)]
  0x000000001aa45000 JavaThread "Thread-360" [_thread_blocked, id=10884, stack(0x000000003f510000,0x000000003f610000)]
  0x000000001aa49000 JavaThread "Thread-353" [_thread_blocked, id=1080, stack(0x000000003eca0000,0x000000003eda0000)]
  0x000000001aa48800 JavaThread "Thread-352" [_thread_blocked, id=7784, stack(0x000000003eba0000,0x000000003eca0000)]
  0x000000001aa47800 JavaThread "Thread-351" [_thread_blocked, id=5952, stack(0x000000003eaa0000,0x000000003eba0000)]
  0x000000001aa44800 JavaThread "Thread-336" [_thread_blocked, id=3992, stack(0x000000003da40000,0x000000003db40000)]
  0x000000001aa43800 JavaThread "Thread-335" [_thread_blocked, id=10780, stack(0x000000003d940000,0x000000003da40000)]
  0x000000001aa43000 JavaThread "Thread-334" [_thread_blocked, id=3140, stack(0x000000003d840000,0x000000003d940000)]
  0x000000001aa41800 JavaThread "Thread-319" [_thread_blocked, id=9804, stack(0x000000003ca70000,0x000000003cb70000)]
  0x000000001aa46800 JavaThread "Thread-318" [_thread_blocked, id=14344, stack(0x000000003c970000,0x000000003ca70000)]
  0x000000001aa42000 JavaThread "Thread-317" [_thread_blocked, id=10588, stack(0x000000003c870000,0x000000003c970000)]
  0x000000001aa46000 JavaThread "Thread-302" [_thread_blocked, id=10472, stack(0x000000003bcb0000,0x000000003bdb0000)]
  0x000000001aa3a000 JavaThread "Thread-301" [_thread_blocked, id=7864, stack(0x000000003bbb0000,0x000000003bcb0000)]
  0x000000001aa3f000 JavaThread "Thread-300" [_thread_blocked, id=1404, stack(0x000000003bab0000,0x000000003bbb0000)]
  0x000000001aa3e800 JavaThread "Thread-285" [_thread_blocked, id=1872, stack(0x000000003ace0000,0x000000003ade0000)]
  0x000000001aa3b800 JavaThread "Thread-284" [_thread_blocked, id=15880, stack(0x000000003abe0000,0x000000003ace0000)]
  0x000000001aa3d800 JavaThread "Thread-283" [_thread_blocked, id=8220, stack(0x000000003aae0000,0x000000003abe0000)]
  0x000000001aa40800 JavaThread "Thread-268" [_thread_blocked, id=1164, stack(0x0000000039d20000,0x0000000039e20000)]
  0x000000001aa3d000 JavaThread "Thread-267" [_thread_blocked, id=6040, stack(0x0000000039c20000,0x0000000039d20000)]
  0x000000001aa3a800 JavaThread "Thread-266" [_thread_blocked, id=32, stack(0x0000000039b20000,0x0000000039c20000)]
  0x000000001aa3c000 JavaThread "Thread-251" [_thread_blocked, id=2020, stack(0x0000000038d60000,0x0000000038e60000)]
  0x000000001aa40000 JavaThread "Thread-250" [_thread_blocked, id=12852, stack(0x0000000038c60000,0x0000000038d60000)]
  0x000000001a78d800 JavaThread "Thread-249" [_thread_blocked, id=12564, stack(0x0000000038b60000,0x0000000038c60000)]
  0x000000001a78c800 JavaThread "Thread-234" [_thread_blocked, id=6944, stack(0x0000000037da0000,0x0000000037ea0000)]
  0x000000001a78f800 JavaThread "Thread-233" [_thread_blocked, id=3812, stack(0x0000000037ca0000,0x0000000037da0000)]
  0x000000001a78e000 JavaThread "Thread-232" [_thread_blocked, id=4028, stack(0x0000000037ba0000,0x0000000037ca0000)]
  0x000000001a790800 JavaThread "Thread-217" [_thread_blocked, id=11256, stack(0x0000000036de0000,0x0000000036ee0000)]
  0x000000001a78c000 JavaThread "Thread-216" [_thread_blocked, id=1600, stack(0x0000000036ce0000,0x0000000036de0000)]
  0x000000001a78f000 JavaThread "Thread-215" [_thread_blocked, id=8984, stack(0x0000000036be0000,0x0000000036ce0000)]
  0x000000001a78b000 JavaThread "Thread-200" [_thread_blocked, id=2780, stack(0x0000000035d20000,0x0000000035e20000)]
  0x000000001a783800 JavaThread "Thread-199" [_thread_blocked, id=9792, stack(0x0000000035c20000,0x0000000035d20000)]
  0x000000001a78a800 JavaThread "Thread-198" [_thread_blocked, id=5504, stack(0x0000000035b20000,0x0000000035c20000)]
  0x000000001a789800 JavaThread "Thread-183" [_thread_blocked, id=6988, stack(0x0000000034d60000,0x0000000034e60000)]
  0x000000001a789000 JavaThread "Thread-182" [_thread_blocked, id=2564, stack(0x0000000034c60000,0x0000000034d60000)]
  0x000000001a788000 JavaThread "Thread-181" [_thread_blocked, id=8104, stack(0x0000000034b60000,0x0000000034c60000)]
  0x000000001a787800 JavaThread "Thread-174" [_thread_blocked, id=3212, stack(0x0000000033340000,0x0000000033440000)]
  0x000000001a781800 JavaThread "Thread-173" [_thread_blocked, id=12928, stack(0x0000000033240000,0x0000000033340000)]
  0x000000001a786800 JavaThread "Thread-172" [_thread_blocked, id=13684, stack(0x0000000033140000,0x0000000033240000)]
  0x000000001a782000 JavaThread "Thread-157" [_thread_blocked, id=9312, stack(0x0000000030ef0000,0x0000000030ff0000)]
  0x000000001a785000 JavaThread "Thread-156" [_thread_blocked, id=8744, stack(0x0000000030df0000,0x0000000030ef0000)]
  0x000000001a786000 JavaThread "Thread-155" [_thread_blocked, id=4928, stack(0x0000000030cf0000,0x0000000030df0000)]
  0x000000001a784800 JavaThread "Thread-140" [_thread_blocked, id=7144, stack(0x000000002ff30000,0x0000000030030000)]
  0x000000001a783000 JavaThread "Thread-139" [_thread_blocked, id=6924, stack(0x000000002fe30000,0x000000002ff30000)]
  0x0000000019650800 JavaThread "Thread-138" [_thread_blocked, id=12804, stack(0x000000002fd30000,0x000000002fe30000)]
  0x000000001964b800 JavaThread "Thread-123" [_thread_blocked, id=9752, stack(0x000000002daa0000,0x000000002dba0000)]
  0x000000001964e800 JavaThread "Thread-122" [_thread_blocked, id=16256, stack(0x000000002d9a0000,0x000000002daa0000)]
  0x0000000019652000 JavaThread "Thread-121" [_thread_blocked, id=1536, stack(0x000000002d8a0000,0x000000002d9a0000)]
  0x000000001964d000 JavaThread "Thread-106" [_thread_blocked, id=9828, stack(0x000000002b3a0000,0x000000002b4a0000)]
  0x0000000019651800 JavaThread "Thread-105" [_thread_blocked, id=6128, stack(0x000000002b2a0000,0x000000002b3a0000)]
  0x0000000019650000 JavaThread "Thread-104" [_thread_blocked, id=14256, stack(0x000000002b1a0000,0x000000002b2a0000)]
  0x000000001964c000 JavaThread "Thread-89" [_thread_blocked, id=12800, stack(0x000000002aea0000,0x000000002afa0000)]
  0x000000001964d800 JavaThread "Thread-88" [_thread_blocked, id=10112, stack(0x000000002ada0000,0x000000002aea0000)]
  0x000000001a550800 JavaThread "Thread-87" [_thread_blocked, id=10156, stack(0x000000002aca0000,0x000000002ada0000)]
  0x000000001959c800 JavaThread "Timer-0" [_thread_blocked, id=10992, stack(0x000000002aba0000,0x000000002aca0000)]
  0x000000001a474000 JavaThread "Direct Clip" daemon [_thread_blocked, id=1860, stack(0x00000000279e0000,0x0000000027ae0000)]
  0x000000001a46c000 JavaThread "Java Sound Event Dispatcher" daemon [_thread_blocked, id=8872, stack(0x00000000275a0000,0x00000000276a0000)]
  0x00000000195a4000 JavaThread "Service Thread" daemon [_thread_blocked, id=15324, stack(0x000000001a130000,0x000000001a230000)]
  0x0000000019522800 JavaThread "C1 CompilerThread2" daemon [_thread_blocked, id=6876, stack(0x000000001a030000,0x000000001a130000)]
  0x000000001951f800 JavaThread "C2 CompilerThread1" daemon [_thread_blocked, id=8704, stack(0x0000000019f30000,0x000000001a030000)]
  0x000000001951f000 JavaThread "C2 CompilerThread0" daemon [_thread_blocked, id=13644, stack(0x0000000019e30000,0x0000000019f30000)]
  0x00000000193f9800 JavaThread "JDWP Command Reader" daemon [_thread_in_native, id=13096, stack(0x00000000199f0000,0x0000000019af0000)]
  0x00000000193f6800 JavaThread "JDWP Event Helper Thread" daemon [_thread_blocked, id=872, stack(0x00000000198f0000,0x00000000199f0000)]
  0x00000000193f4800 JavaThread "JDWP Transport Listener: dt_socket" daemon [_thread_blocked, id=12052, stack(0x00000000197f0000,0x00000000198f0000)]
  0x000000001777d000 JavaThread "Attach Listener" daemon [_thread_blocked, id=12480, stack(0x00000000192f0000,0x00000000193f0000)]
  0x000000001777c000 JavaThread "Signal Dispatcher" daemon [_thread_blocked, id=1964, stack(0x00000000191f0000,0x00000000192f0000)]
  0x0000000017762000 JavaThread "Finalizer" daemon [_thread_blocked, id=3612, stack(0x0000000019000000,0x0000000019100000)]
  0x000000001773b000 JavaThread "Reference Handler" daemon [_thread_blocked, id=15528, stack(0x0000000018f00000,0x0000000019000000)]
=>0x0000000000cae800 JavaThread "main" [_thread_in_native, id=2716, stack(0x0000000002560000,0x0000000002660000)]

Other Threads:
  0x0000000017738800 VMThread [stack: 0x0000000018e00000,0x0000000018f00000] [id=13784]
  0x0000000019610800 WatcherThread [stack: 0x000000001a230000,0x000000001a330000] [id=14408]

VM state:not at safepoint (normal execution)

VM Mutex/Monitor currently owned by a thread: None

Heap:
 PSYoungGen      total 237056K, used 85420K [0x00000000d5a00000, 0x00000000ec600000, 0x0000000100000000)
  eden space 222720K, 38% used [0x00000000d5a00000,0x00000000dad6b098,0x00000000e3380000)
  from space 14336K, 0% used [0x00000000e6900000,0x00000000e6900000,0x00000000e7700000)
  to   space 54784K, 0% used [0x00000000e3380000,0x00000000e3380000,0x00000000e6900000)
 ParOldGen       total 188416K, used 107488K [0x0000000080e00000, 0x000000008c600000, 0x00000000d5a00000)
  object space 188416K, 57% used [0x0000000080e00000,0x00000000876f81c8,0x000000008c600000)
 Metaspace       used 9364K, capacity 9584K, committed 9728K, reserved 1058816K
  class space    used 1173K, capacity 1248K, committed 1280K, reserved 1048576K

Card table byte_map: [0x0000000011d50000,0x0000000012150000] byte_map_base: 0x0000000011949000

Marking Bits: (ParMarkBitMap*) 0x0000000063d02d00
 Begin Bits: [0x0000000012a00000, 0x00000000149c8000)
 End Bits:   [0x00000000149c8000, 0x0000000016990000)

Polling page: 0x0000000000c60000

CodeCache: size=245760Kb used=4637Kb max_used=4650Kb free=241122Kb
 bounds [0x0000000002990000, 0x0000000002e20000, 0x0000000011990000]
 total_blobs=1617 nmethods=1222 adapters=316
 compilation: enabled

Compilation events (10 events):
Event: 16.282 Thread 0x000000001951f800 1232       4       main.java.questfortheabodeth.Game::runPlayerCollisions (301 bytes)
Event: 16.283 Thread 0x0000000019522800 1233       1       main.java.questfortheabodeth.powerups.Pickup::getX (5 bytes)
Event: 16.283 Thread 0x0000000019522800 nmethod 1233 0x0000000002e17510 code [0x0000000002e17660, 0x0000000002e17770]
Event: 16.283 Thread 0x0000000019522800 1234       1       main.java.questfortheabodeth.powerups.Pickup::getY (5 bytes)
Event: 16.283 Thread 0x0000000019522800 nmethod 1234 0x0000000002e17250 code [0x0000000002e173a0, 0x0000000002e174b0]
Event: 16.283 Thread 0x000000001951f000 1235       4       main.java.questfortheabodeth.Game::runEnemyInteracts (137 bytes)
Event: 16.293 Thread 0x000000001951f800 nmethod 1232 0x0000000002e1a410 code [0x0000000002e1a680, 0x0000000002e1b720]
Event: 16.295 Thread 0x000000001951f000 nmethod 1235 0x0000000002e17c10 code [0x0000000002e17e60, 0x0000000002e190b0]
Event: 16.468 Thread 0x000000001951f800 1236   !   4       java.nio.DirectByteBuffer::<init> (146 bytes)
Event: 16.473 Thread 0x000000001951f800 nmethod 1236 0x0000000002e14c50 code [0x0000000002e14e00, 0x0000000002e155c8]

GC Heap History (10 events):
Event: 8.647 GC heap before
{Heap before GC invocations=5 (full 0):
 PSYoungGen      total 71680K, used 71680K [0x00000000d5a00000, 0x00000000da500000, 0x0000000100000000)
  eden space 66560K, 100% used [0x00000000d5a00000,0x00000000d9b00000,0x00000000d9b00000)
  from space 5120K, 100% used [0x00000000da000000,0x00000000da500000,0x00000000da500000)
  to   space 5120K, 0% used [0x00000000d9b00000,0x00000000d9b00000,0x00000000da000000)
 ParOldGen       total 87552K, used 39629K [0x0000000080e00000, 0x0000000086380000, 0x00000000d5a00000)
  object space 87552K, 45% used [0x0000000080e00000,0x00000000834b3698,0x0000000086380000)
 Metaspace       used 6879K, capacity 7166K, committed 7424K, reserved 1056768K
  class space    used 835K, capacity 917K, committed 1024K, reserved 1048576K
Event: 8.653 GC heap after
Heap after GC invocations=5 (full 0):
 PSYoungGen      total 71680K, used 5104K [0x00000000d5a00000, 0x00000000dee00000, 0x0000000100000000)
  eden space 66560K, 0% used [0x00000000d5a00000,0x00000000d5a00000,0x00000000d9b00000)
  from space 5120K, 99% used [0x00000000d9b00000,0x00000000d9ffc010,0x00000000da000000)
  to   space 9216K, 0% used [0x00000000de500000,0x00000000de500000,0x00000000dee00000)
 ParOldGen       total 87552K, used 42245K [0x0000000080e00000, 0x0000000086380000, 0x00000000d5a00000)
  object space 87552K, 48% used [0x0000000080e00000,0x0000000083741698,0x0000000086380000)
 Metaspace       used 6879K, capacity 7166K, committed 7424K, reserved 1056768K
  class space    used 835K, capacity 917K, committed 1024K, reserved 1048576K
}
Event: 8.690 GC heap before
{Heap before GC invocations=6 (full 0):
 PSYoungGen      total 71680K, used 71664K [0x00000000d5a00000, 0x00000000dee00000, 0x0000000100000000)
  eden space 66560K, 100% used [0x00000000d5a00000,0x00000000d9b00000,0x00000000d9b00000)
  from space 5120K, 99% used [0x00000000d9b00000,0x00000000d9ffc010,0x00000000da000000)
  to   space 9216K, 0% used [0x00000000de500000,0x00000000de500000,0x00000000dee00000)
 ParOldGen       total 87552K, used 42245K [0x0000000080e00000, 0x0000000086380000, 0x00000000d5a00000)
  object space 87552K, 48% used [0x0000000080e00000,0x0000000083741698,0x0000000086380000)
 Metaspace       used 6893K, capacity 7166K, committed 7424K, reserved 1056768K
  class space    used 835K, capacity 917K, committed 1024K, reserved 1048576K
Event: 8.696 GC heap after
Heap after GC invocations=6 (full 0):
 PSYoungGen      total 140800K, used 8944K [0x00000000d5a00000, 0x00000000df100000, 0x0000000100000000)
  eden space 131584K, 0% used [0x00000000d5a00000,0x00000000d5a00000,0x00000000dda80000)
  from space 9216K, 97% used [0x00000000de500000,0x00000000dedbc010,0x00000000dee00000)
  to   space 10752K, 0% used [0x00000000dda80000,0x00000000dda80000,0x00000000de500000)
 ParOldGen       total 87552K, used 42253K [0x0000000080e00000, 0x0000000086380000, 0x00000000d5a00000)
  object space 87552K, 48% used [0x0000000080e00000,0x0000000083743698,0x0000000086380000)
 Metaspace       used 6893K, capacity 7166K, committed 7424K, reserved 1056768K
  class space    used 835K, capacity 917K, committed 1024K, reserved 1048576K
}
Event: 8.927 GC heap before
{Heap before GC invocations=7 (full 0):
 PSYoungGen      total 140800K, used 132071K [0x00000000d5a00000, 0x00000000df100000, 0x0000000100000000)
  eden space 131584K, 93% used [0x00000000d5a00000,0x00000000dd23dc50,0x00000000dda80000)
  from space 9216K, 97% used [0x00000000de500000,0x00000000dedbc010,0x00000000dee00000)
  to   space 10752K, 0% used [0x00000000dda80000,0x00000000dda80000,0x00000000de500000)
 ParOldGen       total 87552K, used 42253K [0x0000000080e00000, 0x0000000086380000, 0x00000000d5a00000)
  object space 87552K, 48% used [0x0000000080e00000,0x0000000083743698,0x0000000086380000)
 Metaspace       used 7327K, capacity 7572K, committed 7680K, reserved 1056768K
  class space    used 889K, capacity 984K, committed 1024K, reserved 1048576K
Event: 8.936 GC heap after
Heap after GC invocations=7 (full 0):
 PSYoungGen      total 142336K, used 10752K [0x00000000d5a00000, 0x00000000e7700000, 0x0000000100000000)
  eden space 131584K, 0% used [0x00000000d5a00000,0x00000000d5a00000,0x00000000dda80000)
  from space 10752K, 100% used [0x00000000dda80000,0x00000000de500000,0x00000000de500000)
  to   space 14336K, 0% used [0x00000000e6900000,0x00000000e6900000,0x00000000e7700000)
 ParOldGen       total 87552K, used 45504K [0x0000000080e00000, 0x0000000086380000, 0x00000000d5a00000)
  object space 87552K, 51% used [0x0000000080e00000,0x0000000083a70128,0x0000000086380000)
 Metaspace       used 7327K, capacity 7572K, committed 7680K, reserved 1056768K
  class space    used 889K, capacity 984K, committed 1024K, reserved 1048576K
}
Event: 14.511 GC heap before
{Heap before GC invocations=8 (full 0):
 PSYoungGen      total 142336K, used 142336K [0x00000000d5a00000, 0x00000000e7700000, 0x0000000100000000)
  eden space 131584K, 100% used [0x00000000d5a00000,0x00000000dda80000,0x00000000dda80000)
  from space 10752K, 100% used [0x00000000dda80000,0x00000000de500000,0x00000000de500000)
  to   space 14336K, 0% used [0x00000000e6900000,0x00000000e6900000,0x00000000e7700000)
 ParOldGen       total 87552K, used 45504K [0x0000000080e00000, 0x0000000086380000, 0x00000000d5a00000)
  object space 87552K, 51% used [0x0000000080e00000,0x0000000083a70128,0x0000000086380000)
 Metaspace       used 9352K, capacity 9592K, committed 9728K, reserved 1058816K
  class space    used 1174K, capacity 1250K, committed 1280K, reserved 1048576K
Event: 14.547 GC heap after
Heap after GC invocations=8 (full 0):
 PSYoungGen      total 237056K, used 14336K [0x00000000d5a00000, 0x00000000ec600000, 0x0000000100000000)
  eden space 222720K, 0% used [0x00000000d5a00000,0x00000000d5a00000,0x00000000e3380000)
  from space 14336K, 100% used [0x00000000e6900000,0x00000000e7700000,0x00000000e7700000)
  to   space 54784K, 0% used [0x00000000e3380000,0x00000000e3380000,0x00000000e6900000)
 ParOldGen       total 133120K, used 133048K [0x0000000080e00000, 0x0000000089000000, 0x00000000d5a00000)
  object space 133120K, 99% used [0x0000000080e00000,0x0000000088fee238,0x0000000089000000)
 Metaspace       used 9352K, capacity 9592K, committed 9728K, reserved 1058816K
  class space    used 1174K, capacity 1250K, committed 1280K, reserved 1048576K
}
Event: 14.547 GC heap before
{Heap before GC invocations=9 (full 1):
 PSYoungGen      total 237056K, used 14336K [0x00000000d5a00000, 0x00000000ec600000, 0x0000000100000000)
  eden space 222720K, 0% used [0x00000000d5a00000,0x00000000d5a00000,0x00000000e3380000)
  from space 14336K, 100% used [0x00000000e6900000,0x00000000e7700000,0x00000000e7700000)
  to   space 54784K, 0% used [0x00000000e3380000,0x00000000e3380000,0x00000000e6900000)
 ParOldGen       total 133120K, used 133048K [0x0000000080e00000, 0x0000000089000000, 0x00000000d5a00000)
  object space 133120K, 99% used [0x0000000080e00000,0x0000000088fee238,0x0000000089000000)
 Metaspace       used 9352K, capacity 9592K, committed 9728K, reserved 1058816K
  class space    used 1174K, capacity 1250K, committed 1280K, reserved 1048576K
Event: 14.588 GC heap after
Heap after GC invocations=9 (full 1):
 PSYoungGen      total 237056K, used 0K [0x00000000d5a00000, 0x00000000ec600000, 0x0000000100000000)
  eden space 222720K, 0% used [0x00000000d5a00000,0x00000000d5a00000,0x00000000e3380000)
  from space 14336K, 0% used [0x00000000e6900000,0x00000000e6900000,0x00000000e7700000)
  to   space 54784K, 0% used [0x00000000e3380000,0x00000000e3380000,0x00000000e6900000)
 ParOldGen       total 188416K, used 107488K [0x0000000080e00000, 0x000000008c600000, 0x00000000d5a00000)
  object space 188416K, 57% used [0x0000000080e00000,0x00000000876f81c8,0x000000008c600000)
 Metaspace       used 9348K, capacity 9580K, committed 9728K, reserved 1058816K
  class space    used 1173K, capacity 1248K, committed 1280K, reserved 1048576K
}

Deoptimization events (10 events):
Event: 12.475 Thread 0x0000000032201800 Uncommon trap: reason=unstable_if action=reinterpret pc=0x0000000002d7d530 method=java.util.concurrent.locks.AbstractQueuedSynchronizer.setHeadAndPropagate(Ljava/util/concurrent/locks/AbstractQueuedSynchronizer$Node;I)V @ 38
Event: 12.475 Thread 0x0000000032201800 Uncommon trap: reason=unstable_if action=reinterpret pc=0x0000000002d6b680 method=java.util.concurrent.locks.AbstractQueuedSynchronizer.doReleaseShared()V @ 14
Event: 13.921 Thread 0x000000001964d000 Uncommon trap: reason=unstable_if action=reinterpret pc=0x0000000002d915a0 method=java.util.concurrent.locks.AbstractQueuedSynchronizer.setHeadAndPropagate(Ljava/util/concurrent/locks/AbstractQueuedSynchronizer$Node;I)V @ 22
Event: 14.056 Thread 0x000000001aa88800 Uncommon trap: reason=unstable_if action=reinterpret pc=0x0000000002d98a1c method=java.util.concurrent.locks.AbstractQueuedSynchronizer.setHeadAndPropagate(Ljava/util/concurrent/locks/AbstractQueuedSynchronizer$Node;I)V @ 22
Event: 14.593 Thread 0x000000001773b000 Uncommon trap: reason=unstable_if action=reinterpret pc=0x0000000002dd7748 method=java.lang.ref.Reference.tryHandlePending(Z)Z @ 104
Event: 14.786 Thread 0x0000000019650800 Uncommon trap: reason=unstable_if action=reinterpret pc=0x0000000002d6b2b4 method=java.util.concurrent.Semaphore$Sync.nonfairTryAcquireShared(I)I @ 19
Event: 15.252 Thread 0x0000000000cae800 Uncommon trap: reason=unstable_if action=reinterpret pc=0x0000000002de5f04 method=main.java.questfortheabodeth.Game.runPlayerCollisions()I @ 206
Event: 15.258 Thread 0x0000000000cae800 Uncommon trap: reason=unstable_if action=reinterpret pc=0x0000000002deb48c method=java.lang.String.trim()Ljava/lang/String; @ 15
Event: 15.784 Thread 0x00000000321fd800 Uncommon trap: reason=unstable_if action=reinterpret pc=0x0000000002d8563c method=java.lang.String.trim()Ljava/lang/String; @ 15
Event: 16.049 Thread 0x000000001a78a800 Uncommon trap: reason=unstable_if action=reinterpret pc=0x0000000002c89078 method=java.nio.Bits.tryReserveMemory(JI)Z @ 29

Classes redefined (0 events):
No events

Internal exceptions (10 events):
Event: 0.025 Thread 0x0000000000cae800 Exception <a 'java/lang/NoSuchMethodError': Method sun.misc.Unsafe.prefetchRead(Ljava/lang/Object;J)V name or signature does not match> (0x00000000d5a07f98) thrown at [C:\re\workspace\8-2-build-windows-amd64-cygwin\jdk8u181\11358\hotspot\src\share\vm\prim
Event: 0.111 Thread 0x0000000000cae800 Exception <a 'java/security/PrivilegedActionException'> (0x00000000d5c186e8) thrown at [C:\re\workspace\8-2-build-windows-amd64-cygwin\jdk8u181\11358\hotspot\src\share\vm\prims\jvm.cpp, line 1435]
Event: 0.111 Thread 0x0000000000cae800 Exception <a 'java/security/PrivilegedActionException'> (0x00000000d5c188f8) thrown at [C:\re\workspace\8-2-build-windows-amd64-cygwin\jdk8u181\11358\hotspot\src\share\vm\prims\jvm.cpp, line 1435]
Event: 0.111 Thread 0x0000000000cae800 Exception <a 'java/security/PrivilegedActionException'> (0x00000000d5c1c228) thrown at [C:\re\workspace\8-2-build-windows-amd64-cygwin\jdk8u181\11358\hotspot\src\share\vm\prims\jvm.cpp, line 1435]
Event: 0.111 Thread 0x0000000000cae800 Exception <a 'java/security/PrivilegedActionException'> (0x00000000d5c1c438) thrown at [C:\re\workspace\8-2-build-windows-amd64-cygwin\jdk8u181\11358\hotspot\src\share\vm\prims\jvm.cpp, line 1435]
Event: 0.217 Thread 0x0000000000cae800 Exception <a 'sun/nio/fs/WindowsException'> (0x00000000d5ec2850) thrown at [C:\re\workspace\8-2-build-windows-amd64-cygwin\jdk8u181\11358\hotspot\src\share\vm\prims\jni.cpp, line 709]
Event: 0.527 Thread 0x0000000000cae800 Exception <a 'java/lang/NoSuchFieldError': method resolution failed> (0x00000000d60dd5c8) thrown at [C:\re\workspace\8-2-build-windows-amd64-cygwin\jdk8u181\11358\hotspot\src\share\vm\prims\methodHandles.cpp, line 1167]
Event: 0.528 Thread 0x0000000000cae800 Exception <a 'java/lang/NoSuchFieldError': method resolution failed> (0x00000000d60ebee8) thrown at [C:\re\workspace\8-2-build-windows-amd64-cygwin\jdk8u181\11358\hotspot\src\share\vm\prims\methodHandles.cpp, line 1167]
Event: 9.028 Thread 0x0000000000cae800 Exception <a 'java/io/FileNotFoundException'> (0x00000000d8474bb0) thrown at [C:\re\workspace\8-2-build-windows-amd64-cygwin\jdk8u181\11358\hotspot\src\share\vm\prims\jni.cpp, line 709]
Event: 9.051 Thread 0x0000000000cae800 Exception <a 'java/io/FileNotFoundException'> (0x00000000d8622648) thrown at [C:\re\workspace\8-2-build-windows-amd64-cygwin\jdk8u181\11358\hotspot\src\share\vm\prims\jni.cpp, line 709]

Events (10 events):
Event: 15.884 Thread 0x0000000000cae800 DEOPT UNPACKING pc=0x00000000029d7890 sp=0x000000000265ed00 mode 0
Event: 16.049 Thread 0x000000001a78a800 Uncommon trap: trap_request=0xffffff65 fr.pc=0x0000000002c89078
Event: 16.049 Thread 0x000000001a78a800 DEOPT PACKING pc=0x0000000002c89078 sp=0x0000000035c1f090
Event: 16.049 Thread 0x000000001a78a800 DEOPT UNPACKING pc=0x00000000029d583b sp=0x0000000035c1ef48 mode 2
Event: 16.082 Thread 0x0000000000cae800 DEOPT PACKING pc=0x0000000002dfd51e sp=0x000000000265eef0
Event: 16.082 Thread 0x0000000000cae800 DEOPT UNPACKING pc=0x00000000029d7890 sp=0x000000000265ed00 mode 0
Event: 16.282 Thread 0x0000000000cae800 DEOPT PACKING pc=0x0000000002dfd51e sp=0x000000000265eef0
Event: 16.282 Thread 0x0000000000cae800 DEOPT UNPACKING pc=0x00000000029d7890 sp=0x000000000265ed00 mode 0
Event: 16.283 Thread 0x0000000000cae800 DEOPT PACKING pc=0x0000000002db1d38 sp=0x000000000265ef40
Event: 16.283 Thread 0x0000000000cae800 DEOPT UNPACKING pc=0x00000000029d7890 sp=0x000000000265ecf8 mode 0


Dynamic libraries:
0x00007ff62a860000 - 0x00007ff62a897000 	C:\Program Files\Java\jdk\bin\java.exe
0x00007ff8fcb40000 - 0x00007ff8fcd21000 	C:\Windows\SYSTEM32\ntdll.dll
0x00007ff8fc370000 - 0x00007ff8fc422000 	C:\Windows\System32\KERNEL32.DLL
0x00007ff8f9bb0000 - 0x00007ff8f9e23000 	C:\Windows\System32\KERNELBASE.dll
0x00007ff8fb470000 - 0x00007ff8fb511000 	C:\Windows\System32\ADVAPI32.dll
0x00007ff8fc6d0000 - 0x00007ff8fc76e000 	C:\Windows\System32\msvcrt.dll
0x00007ff8f9fd0000 - 0x00007ff8fa02b000 	C:\Windows\System32\sechost.dll
0x00007ff8fb580000 - 0x00007ff8fb6a4000 	C:\Windows\System32\RPCRT4.dll
0x00007ff8fc970000 - 0x00007ff8fcb00000 	C:\Windows\System32\USER32.dll
0x00007ff8f9480000 - 0x00007ff8f94a0000 	C:\Windows\System32\win32u.dll
0x00007ff8fb6c0000 - 0x00007ff8fb6e8000 	C:\Windows\System32\GDI32.dll
0x00007ff8f9e30000 - 0x00007ff8f9fc2000 	C:\Windows\System32\gdi32full.dll
0x00007ff8f9010000 - 0x00007ff8f90af000 	C:\Windows\System32\msvcp_win.dll
0x00007ff8f8f10000 - 0x00007ff8f900a000 	C:\Windows\System32\ucrtbase.dll
0x00007ff8e5c40000 - 0x00007ff8e5ea9000 	C:\Windows\WinSxS\amd64_microsoft.windows.common-controls_6595b64144ccf1df_6.0.17134.590_none_fb3d9bff3069e088\COMCTL32.dll
0x00007ff8fc020000 - 0x00007ff8fc342000 	C:\Windows\System32\combase.dll
0x00007ff8f9110000 - 0x00007ff8f918a000 	C:\Windows\System32\bcryptPrimitives.dll
0x00007ff8fc600000 - 0x00007ff8fc62d000 	C:\Windows\System32\IMM32.DLL
0x0000000063d90000 - 0x0000000063e62000 	C:\Program Files\Java\jdk\jre\bin\msvcr100.dll
0x00000000634e0000 - 0x0000000063d82000 	C:\Program Files\Java\jdk\jre\bin\server\jvm.dll
0x00007ff8fcb00000 - 0x00007ff8fcb08000 	C:\Windows\System32\PSAPI.DLL
0x00007ff8f5d00000 - 0x00007ff8f5d23000 	C:\Windows\SYSTEM32\WINMM.dll
0x00007ff8daf20000 - 0x00007ff8daf29000 	C:\Windows\SYSTEM32\WSOCK32.dll
0x00007ff8f43b0000 - 0x00007ff8f43ba000 	C:\Windows\SYSTEM32\VERSION.dll
0x00007ff8fc430000 - 0x00007ff8fc49c000 	C:\Windows\System32\WS2_32.dll
0x00007ff8f5cd0000 - 0x00007ff8f5cfa000 	C:\Windows\SYSTEM32\winmmbase.dll
0x00007ff8f9430000 - 0x00007ff8f9479000 	C:\Windows\System32\cfgmgr32.dll
0x00000000634d0000 - 0x00000000634df000 	C:\Program Files\Java\jdk\jre\bin\verify.dll
0x00000000634a0000 - 0x00000000634c9000 	C:\Program Files\Java\jdk\jre\bin\java.dll
0x0000000063410000 - 0x0000000063445000 	C:\Program Files\Java\jdk\jre\bin\jdwp.dll
0x0000000063480000 - 0x0000000063488000 	C:\Program Files\Java\jdk\jre\bin\npt.dll
0x00000000633a0000 - 0x00000000633c3000 	C:\Program Files\Java\jdk\jre\bin\instrument.dll
0x0000000063450000 - 0x0000000063466000 	C:\Program Files\Java\jdk\jre\bin\zip.dll
0x00007ff8fa030000 - 0x00007ff8fb470000 	C:\Windows\System32\SHELL32.dll
0x00007ff8fc770000 - 0x00007ff8fc819000 	C:\Windows\System32\shcore.dll
0x00007ff8f94a0000 - 0x00007ff8f9bad000 	C:\Windows\System32\windows.storage.dll
0x00007ff8fbee0000 - 0x00007ff8fbf31000 	C:\Windows\System32\shlwapi.dll
0x00007ff8f8ec0000 - 0x00007ff8f8ed1000 	C:\Windows\System32\kernel.appcore.dll
0x00007ff8f8ef0000 - 0x00007ff8f8f0f000 	C:\Windows\System32\profapi.dll
0x00007ff8f8e70000 - 0x00007ff8f8ebc000 	C:\Windows\System32\powrprof.dll
0x00007ff8f8ee0000 - 0x00007ff8f8eea000 	C:\Windows\System32\FLTLIB.DLL
0x0000000063470000 - 0x0000000063479000 	C:\Program Files\Java\jdk\jre\bin\dt_socket.dll
0x00007ff8f86d0000 - 0x00007ff8f8736000 	C:\Windows\system32\mswsock.dll
0x00007ff8f8880000 - 0x00007ff8f8897000 	C:\Windows\SYSTEM32\CRYPTSP.dll
0x00007ff8f82b0000 - 0x00007ff8f82e3000 	C:\Windows\system32\rsaenh.dll
0x00007ff8f89b0000 - 0x00007ff8f89d5000 	C:\Windows\SYSTEM32\bcrypt.dll
0x00007ff8f8d50000 - 0x00007ff8f8d78000 	C:\Windows\SYSTEM32\USERENV.dll
0x00007ff8f88a0000 - 0x00007ff8f88ab000 	C:\Windows\SYSTEM32\CRYPTBASE.dll
0x00000000633f0000 - 0x000000006340a000 	C:\Program Files\Java\jdk\jre\bin\net.dll
0x00007ff8f8450000 - 0x00007ff8f8488000 	C:\Windows\SYSTEM32\IPHLPAPI.DLL
0x00007ff8fb6b0000 - 0x00007ff8fb6b8000 	C:\Windows\System32\NSI.dll
0x00007ff8f4390000 - 0x00007ff8f43a6000 	C:\Windows\SYSTEM32\dhcpcsvc6.DLL
0x00007ff8f4360000 - 0x00007ff8f437a000 	C:\Windows\SYSTEM32\dhcpcsvc.DLL
0x00000000633d0000 - 0x00000000633e1000 	C:\Program Files\Java\jdk\jre\bin\nio.dll
0x0000000070440000 - 0x0000000070682000 	C:\Users\Edward\.jsfml\windows_x64\libsndfile-1.dll
0x00007ff8ecd40000 - 0x00007ff8ecdac000 	C:\Users\Edward\.jsfml\windows_x64\openal32.dll
0x00007ff8f6af0000 - 0x00007ff8f6afe000 	C:\Users\Edward\.jsfml\windows_x64\sfml-system-2.dll
0x0000000063300000 - 0x0000000063398000 	C:\Windows\SYSTEM32\MSVCP100.dll
0x00007ff8f5ad0000 - 0x00007ff8f5ae4000 	C:\Users\Edward\.jsfml\windows_x64\sfml-window-2.dll
0x00007ff8f17a0000 - 0x00007ff8f18c0000 	C:\Windows\SYSTEM32\OPENGL32.dll
0x00007ff8f1770000 - 0x00007ff8f179c000 	C:\Windows\SYSTEM32\GLU32.dll
0x00007ff8ed4e0000 - 0x00007ff8ed4f3000 	C:\Users\Edward\.jsfml\windows_x64\sfml-audio-2.dll
0x00007ff8e5970000 - 0x00007ff8e5a59000 	C:\Users\Edward\.jsfml\windows_x64\sfml-graphics-2.dll
0x00007ff8e5930000 - 0x00007ff8e5965000 	C:\Users\Edward\.jsfml\windows_x64\jsfml.dll
0x00007ff8f7510000 - 0x00007ff8f75a8000 	C:\Windows\system32\uxtheme.dll
0x00007ff8fb6f0000 - 0x00007ff8fb863000 	C:\Windows\System32\MSCTF.dll
0x00007ff8fbf40000 - 0x00007ff8fc003000 	C:\Windows\System32\OLEAUT32.dll
0x0000000060c30000 - 0x00000000632f2000 	C:\Windows\System32\DriverStore\FileRepository\nv_dispi.inf_amd64_4aa19ae78d94d8a3\nvoglv64.dll
0x00007ff8fb870000 - 0x00007ff8fbcbb000 	C:\Windows\System32\SETUPAPI.dll
0x00007ff8fc4a0000 - 0x00007ff8fc5f1000 	C:\Windows\System32\ole32.dll
0x00007ff8f59c0000 - 0x00007ff8f59d3000 	C:\Windows\SYSTEM32\WTSAPI32.dll
0x00007ff8f8c60000 - 0x00007ff8f8c87000 	C:\Windows\SYSTEM32\DEVOBJ.dll
0x00007ff8f90b0000 - 0x00007ff8f9107000 	C:\Windows\System32\WINTRUST.dll
0x00007ff8f8e50000 - 0x00007ff8f8e62000 	C:\Windows\System32\MSASN1.dll
0x00007ff8f9190000 - 0x00007ff8f9372000 	C:\Windows\System32\CRYPT32.dll
0x00007ff8f7f40000 - 0x00007ff8f7f71000 	C:\Windows\SYSTEM32\ntmarta.dll
0x00007ff8f75e0000 - 0x00007ff8f7609000 	C:\Windows\system32\dwmapi.dll
0x00007ff8d01a0000 - 0x00007ff8d0466000 	C:\Windows\system32\nvspcap64.dll
0x00007ff8f8120000 - 0x00007ff8f8176000 	C:\Windows\SYSTEM32\WINSTA.dll
0x00007ff8ecce0000 - 0x00007ff8ecd0d000 	C:\Windows\SYSTEM32\DINPUT.DLL
0x00007ff8e7f40000 - 0x00007ff8e7fb9000 	C:\Windows\SYSTEM32\inputhost.dll
0x00007ff8f4760000 - 0x00007ff8f48ad000 	C:\Windows\SYSTEM32\wintypes.dll
0x00007ff8f7000000 - 0x00007ff8f70da000 	C:\Windows\SYSTEM32\CoreMessaging.dll
0x00007ff8f3ee0000 - 0x00007ff8f41fe000 	C:\Windows\SYSTEM32\CoreUIComponents.dll
0x00007ff8f7b80000 - 0x00007ff8f7b8c000 	C:\Windows\SYSTEM32\HID.DLL
0x00007ff8e7fc0000 - 0x00007ff8e8056000 	C:\Windows\System32\TextInputFramework.dll
0x0000000060c20000 - 0x0000000060c2c000 	C:\Program Files\Java\jdk\jre\bin\jsound.dll
0x0000000060c10000 - 0x0000000060c1b000 	C:\Program Files\Java\jdk\jre\bin\jsoundds.dll
0x00007ff8e41b0000 - 0x00007ff8e423f000 	C:\Windows\SYSTEM32\DSOUND.dll
0x00007ff8f2690000 - 0x00007ff8f2706000 	C:\Windows\SYSTEM32\MMDevAPI.DLL
0x00007ff8f5710000 - 0x00007ff8f58c4000 	C:\Windows\SYSTEM32\PROPSYS.dll
0x00007ff8b61a0000 - 0x00007ff8b61e4000 	C:\Windows\SYSTEM32\wdmaud.drv
0x00007ff8b6190000 - 0x00007ff8b6199000 	C:\Windows\SYSTEM32\ksuser.dll
0x00007ff8f4960000 - 0x00007ff8f496a000 	C:\Windows\SYSTEM32\AVRT.dll
0x00007ff8ec2d0000 - 0x00007ff8ec3fc000 	C:\Windows\SYSTEM32\AUDIOSES.DLL
0x00007ff8b6180000 - 0x00007ff8b618d000 	C:\Windows\SYSTEM32\msacm32.drv
0x00007ff8b77a0000 - 0x00007ff8b77bc000 	C:\Windows\SYSTEM32\MSACM32.dll
0x00007ff8b6170000 - 0x00007ff8b617a000 	C:\Windows\SYSTEM32\midimap.dll
0x00007ff8fc630000 - 0x00007ff8fc6d0000 	C:\Windows\System32\clbcatq.dll
0x00007ff8e8060000 - 0x00007ff8e8174000 	C:\Windows\System32\Windows.UI.dll
0x0000000060a70000 - 0x0000000060c09000 	C:\Program Files\Java\jdk\jre\bin\awt.dll
0x00007ff8f72a0000 - 0x00007ff8f732b000 	C:\Windows\SYSTEM32\apphelp.dll
0x00007ff8dfd90000 - 0x00007ff8dff27000 	C:\Windows\system32\d3d9.dll
0x00007ff8f31d0000 - 0x00007ff8f32be000 	C:\Windows\System32\DriverStore\FileRepository\nv_dispi.inf_amd64_4aa19ae78d94d8a3\nvldumdx.dll
0x00007ff8fc350000 - 0x00007ff8fc36d000 	C:\Windows\System32\imagehlp.dll
0x00007ff8b9330000 - 0x00007ff8ba76c000 	C:\Windows\System32\DriverStore\FileRepository\nv_dispi.inf_amd64_4aa19ae78d94d8a3\nvd3dumx.dll
0x00007ff8eda20000 - 0x00007ff8edae4000 	C:\Program Files (x86)\NVIDIA Corporation\3D Vision\nvSCPAPI64.dll
0x00007ff8f7b90000 - 0x00007ff8f7bb2000 	C:\Windows\SYSTEM32\gpapi.dll
0x00007ff8f3180000 - 0x00007ff8f31ae000 	C:\Windows\SYSTEM32\cryptnet.dll
0x00007ff8eae20000 - 0x00007ff8eafe9000 	C:\Windows\SYSTEM32\dbghelp.dll

VM Arguments:
jvm_args: -agentlib:jdwp=transport=dt_socket,address=127.0.0.1:51235,suspend=y,server=n -javaagent:C:\Users\Edward\.IdeaIC2018.3\system\captureAgent\debugger-agent.jar -Dfile.encoding=UTF-8 
java_command: main.java.questfortheabodeth.Main
java_class_path (initial): C:\Program Files\Java\jdk\jre\lib\charsets.jar;C:\Program Files\Java\jdk\jre\lib\deploy.jar;C:\Program Files\Java\jdk\jre\lib\ext\access-bridge-64.jar;C:\Program Files\Java\jdk\jre\lib\ext\cldrdata.jar;C:\Program Files\Java\jdk\jre\lib\ext\dnsns.jar;C:\Program Files\Java\jdk\jre\lib\ext\jaccess.jar;C:\Program Files\Java\jdk\jre\lib\ext\jfxrt.jar;C:\Program Files\Java\jdk\jre\lib\ext\localedata.jar;C:\Program Files\Java\jdk\jre\lib\ext\nashorn.jar;C:\Program Files\Java\jdk\jre\lib\ext\sunec.jar;C:\Program Files\Java\jdk\jre\lib\ext\sunjce_provider.jar;C:\Program Files\Java\jdk\jre\lib\ext\sunmscapi.jar;C:\Program Files\Java\jdk\jre\lib\ext\sunpkcs11.jar;C:\Program Files\Java\jdk\jre\lib\ext\zipfs.jar;C:\Program Files\Java\jdk\jre\lib\javaws.jar;C:\Program Files\Java\jdk\jre\lib\jce.jar;C:\Program Files\Java\jdk\jre\lib\jfr.jar;C:\Program Files\Java\jdk\jre\lib\jfxswt.jar;C:\Program Files\Java\jdk\jre\lib\jsse.jar;C:\Program Files\Java\jdk\jre\lib\management-agent.jar;C:\Program Files\Java\jdk\jre\lib\plugin.jar;C:\Program Files\Java\jdk\jre\lib\resources.jar;C:\Program Files\Java\jdk\jre\lib\rt.jar;D:\Programs\Google Drive\Lancaster University\Year 2\SCC210 - Computer Science Group Project\Quest for the Abodeth\out\production\Quest for the Abodeth;D:\Programs\Google Drive\Lancaster University\Year 2\SCC210 - Computer Science Group Project\Quest for the Abodeth\lib\jsfml.jar;D:\Programs\Google Drive\Lancaster University\Year 2\SCC210 - Computer Science Group Project\Quest for the Abodeth\lib\opentest4j-1.1.1.jar;D:\Programs\Google Drive\Lancaster University\Year 2\SCC210 - Computer Science Group Project\Quest for the Abodeth\lib\apiguardian-api-1.0.0.jar;D:\Programs\Google Drive\Lancaster University\Year 2\SCC210 - Computer Science Group Project\Quest for the Abodeth\lib\junit-jupiter-api-5.3.2.jar;D:\Programs\Google Drive\Lancaster University\Year 2\SCC210 - Computer Science Group Project\Quest for the Abodeth\lib\junit-platform-commons-1
Launcher Type: SUN_STANDARD

Environment Variables:
JAVA_HOME=C:\Program Files\Java\jdk\bin
PATH=C:\Windows\system32;C:\Windows;C:\Windows\System32\Wbem;C:\Windows\System32\WindowsPowerShell\v1.0\;C:\Windows\System32\OpenSSH\;C:\Program Files (x86)\Java\jre1.8.0_181;C:\Program Files\Java\jdk\bin;C:\Program Files\Java\jre\bin;C:\Program Files (x86)\NVIDIA Corporation\PhysX\Common;D:\Programs\NodeJS\;D:\Programs\Adobe Brackets\command;C:\Program Files\Git\cmd;;C:\Program Files\NVIDIA Corporation\NVIDIA NvDLISR;C:\Users\Edward\AppData\Local\Microsoft\WindowsApps;C:\Users\Edward\AppData\Local\GitHubDesktop\bin;C:\Users\Edward\AppData\Roaming\npm
USERNAME=Edward
OS=Windows_NT
PROCESSOR_IDENTIFIER=Intel64 Family 6 Model 158 Stepping 10, GenuineIntel



---------------  S Y S T E M  ---------------

OS: Windows 10.0 , 64 bit Build 17134 (10.0.17134.556)

CPU:total 6 (initial active 6) (6 cores per cpu, 1 threads per core) family 6 model 158 stepping 10, cmov, cx8, fxsr, mmx, sse, sse2, sse3, ssse3, sse4.1, sse4.2, popcnt, avx, avx2, aes, clmul, erms, rtm, 3dnowpref, lzcnt, tsc, tscinvbit, bmi1, bmi2, adx

Memory: 4k page, physical 8329900k(2589444k free), swap 15145644k(4509428k free)

vm_info: Java HotSpot(TM) 64-Bit Server VM (25.181-b13) for windows-amd64 JRE (1.8.0_181-b13), built on Jul  7 2018 04:01:33 by "java_re" with MS VC++ 10.0 (VS2010)

time: Sat Feb 23 16:39:09 2019
elapsed time: 16 seconds (0d 0h 0m 16s)

